#
# A fatal error has been detected by the Java Runtime Environment:
#
#  EXCEPTION_ACCESS_VIOLATION (0xc0000005) at pc=0x00007ffd9128c950, pid=58924, tid=59412
#
# JRE version: OpenJDK Runtime Environment Temurin-17.0.5+8 (17.0.5+8) (build 17.0.5+8)
# Java VM: OpenJDK 64-Bit Server VM Temurin-17.0.5+8 (17.0.5+8, mixed mode, tiered, compressed oops, compressed class ptrs, parallel gc, windows-amd64)
# Problematic frame:
# V  [jvm.dll+0xc950]
#
# No core dump will be written. Minidumps are not enabled by default on client versions of Windows
#
# If you would like to submit a bug report, please visit:
#   https://github.com/adoptium/adoptium-support/issues
#

---------------  S U M M A R Y ------------

Command Line: --add-modules=ALL-SYSTEM --add-opens=java.base/java.util=ALL-UNNAMED --add-opens=java.base/java.lang=ALL-UNNAMED --add-opens=java.base/sun.nio.fs=ALL-UNNAMED -Declipse.application=org.eclipse.jdt.ls.core.id1 -Dosgi.bundles.defaultStartLevel=4 -Declipse.product=org.eclipse.jdt.ls.core.product -Djava.import.generatesMetadataFilesAtProjectRoot=false -Dfile.encoding=utf8 -XX:+UseParallelGC -XX:GCTimeRatio=4 -XX:AdaptiveSizePolicyWeight=90 -Dsun.zip.disableMemoryMapping=true -Xmx1G -Xms100m -Xlog:disable -javaagent:c:\Users\Larry\.vscode\extensions\redhat.java-1.13.0-win32-x64\lombok\lombok-1.18.24.jar -XX:+HeapDumpOnOutOfMemoryError -XX:HeapDumpPath=c:\Users\Larry\AppData\Roaming\Code\User\workspaceStorage\f0b13cb4d3e2f7545f0c28ad31166e20\redhat.java c:\Users\Larry\.vscode\extensions\redhat.java-1.13.0-win32-x64\server\plugins\org.eclipse.equinox.launcher_1.6.400.v20210924-0641.jar -configuration c:\Users\Larry\AppData\Roaming\Code\User\globalStorage\redhat.java\1.13.0\config_win -data c:\Users\Larry\AppData\Roaming\Code\User\workspaceStorage\f0b13cb4d3e2f7545f0c28ad31166e20\redhat.java\jdt_ws

Host: Intel(R) Core(TM) i3-4030U CPU @ 1.90GHz, 4 cores, 15G,  Windows 10 , 64 bit Build 19041 (10.0.19041.2251)
Time: Mon Dec  5 19:59:57 2022 Central Standard Time elapsed time: 4438.409935 seconds (0d 1h 13m 58s)

---------------  T H R E A D  ---------------

Current thread (0x000002444189e460):  GCTaskThread "GC Thread#3" [stack: 0x0000005c20800000,0x0000005c20900000] [id=59412]

Stack: [0x0000005c20800000,0x0000005c20900000],  sp=0x0000005c208ff6f8,  free space=1021k
Native frames: (J=compiled Java code, j=interpreted, Vv=VM code, C=native code)
V  [jvm.dll+0xc950]


siginfo: EXCEPTION_ACCESS_VIOLATION (0xc0000005), reading address 0x0000000000000110


Register to memory mapping:

RIP=0x00007ffd9128c950 jvm.dll
RAX=0x0000000000000010 is an unknown value
RBX=0x0000000000000061 is an unknown value
RCX=0x00000001006bac08 is pointing into metadata
RDX=0x00000000ed884618 points into unknown readable memory: 0x0000000000000061 | 61 00 00 00 00 00 00 00
RSP=0x0000005c208ff6f8 points into unknown readable memory: 0x00007ffd91933486 | 86 34 93 91 fd 7f 00 00
RBP=0x0000005c208ff778 points into unknown readable memory: 0x000000000000000c | 0c 00 00 00 00 00 00 00
RSI=0x00000000ed170d30 points into unknown readable memory: 0xed171df0ed884618 | 18 46 88 ed f0 1d 17 ed
RDI=0x000002443fa54280 points into unknown readable memory: 0x00007ffd91c2cfb8 | b8 cf c2 91 fd 7f 00 00
R8 =0x00000001006bac08 is pointing into metadata
R9 =0x00007ffd91d906d0 jvm.dll
R10=0x0000000000000001 is an unknown value
R11=0x000002443fa54280 points into unknown readable memory: 0x00007ffd91c2cfb8 | b8 cf c2 91 fd 7f 00 00
R12=0x0 is NULL
R13=0x0000000000000010 is an unknown value
R14=0x00000000ed884618 points into unknown readable memory: 0x0000000000000061 | 61 00 00 00 00 00 00 00
R15=0x000002443fa54280 points into unknown readable memory: 0x00007ffd91c2cfb8 | b8 cf c2 91 fd 7f 00 00


Registers:
RAX=0x0000000000000010, RBX=0x0000000000000061, RCX=0x00000001006bac08, RDX=0x00000000ed884618
RSP=0x0000005c208ff6f8, RBP=0x0000005c208ff778, RSI=0x00000000ed170d30, RDI=0x000002443fa54280
R8 =0x00000001006bac08, R9 =0x00007ffd91d906d0, R10=0x0000000000000001, R11=0x000002443fa54280
R12=0x0000000000000000, R13=0x0000000000000010, R14=0x00000000ed884618, R15=0x000002443fa54280
RIP=0x00007ffd9128c950, EFLAGS=0x0000000000010202

Top of Stack: (sp=0x0000005c208ff6f8)
0x0000005c208ff6f8:   00007ffd91933486 0000000000000061
0x0000005c208ff708:   0000005c1f8ff3d8 0000005c1f8ff3d0
0x0000005c208ff718:   0000005c208ff828 0000000000000000
0x0000005c208ff728:   0000000000000102 0000005c208ff7c0
0x0000005c208ff738:   00007ffde785fae2 00000000ed16b3f8
0x0000005c208ff748:   0000000000001000 0000000000000000
0x0000005c208ff758:   00007ffde7880800 0000000000000069
0x0000005c208ff768:   0000000000001000 0000000000000010
0x0000005c208ff778:   000000000000000c 000000000000007d
0x0000005c208ff788:   0000000000000000 00000000ed170d30
0x0000005c208ff798:   0000000000000061 000000000000004b
0x0000005c208ff7a8:   00007ffd919346f0 000002443fa54280
0x0000005c208ff7b8:   00007ffd91925d1f 0000000000000061
0x0000005c208ff7c8:   0000000000000003 0000000000000048
0x0000005c208ff7d8:   00007ffd00000001 00000000c97ea794
0x0000005c208ff7e8:   00000000c97ea808 0000000000000000 

Instructions: (pc=0x00007ffd9128c950)
0x00007ffd9128c850:   8b d0 48 85 c0 74 20 48 8b c7 f0 48 0f b1 13 74
0x00007ffd9128c860:   16 48 85 05 00 81 b9 00 74 0d 48 8b c8 f0 48 0f
0x00007ffd9128c870:   b1 13 48 3b c1 75 ea 48 8b 5c 24 30 48 8b c2 48
0x00007ffd9128c880:   83 c4 20 5f c3 cc cc cc cc cc cc cc cc cc cc cc
0x00007ffd9128c890:   4c 8b 01 4c 8b c9 48 8b 0d f3 a2 b4 00 ba 64 60
0x00007ffd9128c8a0:   08 00 e9 c9 f1 ff ff cc cc cc cc cc cc cc cc cc
0x00007ffd9128c8b0:   8b 05 32 ea ae 00 c3 cc cc cc cc cc cc cc cc cc
0x00007ffd9128c8c0:   0f b6 05 38 ab b5 00 48 8b d1 84 c0 74 16 44 8b
0x00007ffd9128c8d0:   41 08 8b 0d 10 ea ae 00 49 d3 e0 4c 03 05 fe e9
0x00007ffd9128c8e0:   ae 00 eb 04 4c 8b 41 08 45 8b 50 08 45 85 d2 7e
0x00007ffd9128c8f0:   0e 41 f6 c2 01 75 53 41 c1 fa 03 41 8b c2 c3 79
0x00007ffd9128c900:   49 84 c0 b9 10 00 00 00 8b 05 16 f9 ae 00 41 b8
0x00007ffd9128c910:   0c 00 00 00 41 0f 45 c8 ff c8 4c 63 c8 48 63 14
0x00007ffd9128c920:   11 41 8b ca 83 e1 3f 48 d3 e2 41 8b ca 48 c1 f9
0x00007ffd9128c930:   10 0f b6 c1 49 8d 0c 11 49 f7 d1 48 03 c1 49 c1
0x00007ffd9128c940:   e9 03 48 c1 e8 03 41 23 c1 c3 49 8b 00 49 8b c8
0x00007ffd9128c950:   48 ff a0 00 01 00 00 cc cc cc cc cc cc cc cc cc
0x00007ffd9128c960:   8b 44 24 30 45 03 c9 44 2b 4c 24 28 83 c0 0b 44
0x00007ffd9128c970:   03 ca 45 03 c8 41 03 c1 c3 cc cc cc cc cc cc cc
0x00007ffd9128c980:   4c 8b ca 48 8b d1 45 8b 41 08 45 85 c0 7e 0e 41
0x00007ffd9128c990:   f6 c0 01 75 56 41 c1 f8 03 41 8b c0 c3 79 4c 80
0x00007ffd9128c9a0:   3d 59 aa b5 00 00 b8 0c 00 00 00 b9 10 00 00 00
0x00007ffd9128c9b0:   0f 45 c8 8b 05 6b f8 ae 00 ff c8 4c 63 c8 48 63
0x00007ffd9128c9c0:   14 11 41 8b c8 83 e1 3f 48 d3 e2 41 8b c8 48 c1
0x00007ffd9128c9d0:   f9 10 0f b6 c1 49 8d 0c 11 49 f7 d1 48 03 c1 49
0x00007ffd9128c9e0:   c1 e9 03 48 c1 e8 03 41 23 c1 c3 49 8b 01 49 8b
0x00007ffd9128c9f0:   c9 48 ff a0 00 01 00 00 cc cc cc cc cc cc cc cc
0x00007ffd9128ca00:   48 8b 41 08 0f b7 48 2a 0f b7 40 28 83 c0 48 03
0x00007ffd9128ca10:   c1 c3 cc cc cc cc cc cc cc cc cc cc cc cc cc cc
0x00007ffd9128ca20:   48 89 5c 24 08 57 48 83 ec 20 0f b6 05 3f 87 b9
0x00007ffd9128ca30:   00 48 8b fa 48 8b d9 84 c0 74 4f 48 85 15 26 7f
0x00007ffd9128ca40:   b9 00 74 38 48 8b ca e8 c4 5b 85 00 48 8b d0 48 


Stack slot to memory mapping:
stack at sp + 0 slots: 0x00007ffd91933486 jvm.dll
stack at sp + 1 slots: 0x0000000000000061 is an unknown value
stack at sp + 2 slots: 0x0000005c1f8ff3d8 points into unknown readable memory: 0xffffffffffffffff | ff ff ff ff ff ff ff ff
stack at sp + 3 slots: 0x0000005c1f8ff3d0 points into unknown readable memory: 0x0000000000000000 | 00 00 00 00 00 00 00 00
stack at sp + 4 slots: 0x0000005c208ff828 points into unknown readable memory: 0x00007ffd9192715f | 5f 71 92 91 fd 7f 00 00
stack at sp + 5 slots: 0x0 is NULL
stack at sp + 6 slots: 0x0000000000000102 is an unknown value
stack at sp + 7 slots: 0x0000005c208ff7c0 points into unknown readable memory: 0x0000000000000061 | 61 00 00 00 00 00 00 00


---------------  P R O C E S S  ---------------

Threads class SMR info:
_java_thread_list=0x000002444331ad50, length=35, elements={
0x000002442bc4f220, 0x000002443fa70730, 0x000002443fa73160, 0x000002443fa9a270,
0x000002443fa9cf00, 0x000002443fa9da80, 0x000002443fa9f8b0, 0x000002443faa04a0,
0x000002443fade9a0, 0x0000024441415b60, 0x000002444148c3c0, 0x0000024441670480,
0x0000024441e1c040, 0x0000024441e6e960, 0x0000024442a9dba0, 0x0000024441fee0c0,
0x0000024442a3cd90, 0x0000024441dd1960, 0x0000024441dd27d0, 0x0000024441dd2ca0,
0x0000024441dd0af0, 0x0000024446382020, 0x0000024456e50b90, 0x0000024456e4e510,
0x0000024441dcf7b0, 0x00000244463811b0, 0x000002444637b640, 0x0000024446380810,
0x0000024456e52d40, 0x0000024456e4f380, 0x000002444637dcc0, 0x0000024441dcfc80,
0x0000024441dd0620, 0x0000024456e53bb0, 0x00000244432b2750
}

Java Threads: ( => current thread )
  0x000002442bc4f220 JavaThread "main" [_thread_blocked, id=57424, stack(0x0000005c1f600000,0x0000005c1f700000)]
  0x000002443fa70730 JavaThread "Reference Handler" daemon [_thread_blocked, id=47060, stack(0x0000005c1f900000,0x0000005c1fa00000)]
  0x000002443fa73160 JavaThread "Finalizer" daemon [_thread_blocked, id=24364, stack(0x0000005c1fa00000,0x0000005c1fb00000)]
  0x000002443fa9a270 JavaThread "Signal Dispatcher" daemon [_thread_blocked, id=61224, stack(0x0000005c1fb00000,0x0000005c1fc00000)]
  0x000002443fa9cf00 JavaThread "Attach Listener" daemon [_thread_blocked, id=48840, stack(0x0000005c1fc00000,0x0000005c1fd00000)]
  0x000002443fa9da80 JavaThread "Service Thread" daemon [_thread_blocked, id=21200, stack(0x0000005c1fd00000,0x0000005c1fe00000)]
  0x000002443fa9f8b0 JavaThread "Monitor Deflation Thread" daemon [_thread_blocked, id=27184, stack(0x0000005c1fe00000,0x0000005c1ff00000)]
  0x000002443faa04a0 JavaThread "C2 CompilerThread0" daemon [_thread_in_native, id=8320, stack(0x0000005c1ff00000,0x0000005c20000000)]
  0x000002443fade9a0 JavaThread "C1 CompilerThread0" daemon [_thread_blocked, id=11692, stack(0x0000005c20000000,0x0000005c20100000)]
  0x0000024441415b60 JavaThread "Sweeper thread" daemon [_thread_blocked, id=26652, stack(0x0000005c20100000,0x0000005c20200000)]
  0x000002444148c3c0 JavaThread "Common-Cleaner" daemon [_thread_blocked, id=36320, stack(0x0000005c20200000,0x0000005c20300000)]
  0x0000024441670480 JavaThread "Notification Thread" daemon [_thread_blocked, id=60184, stack(0x0000005c20300000,0x0000005c20400000)]
  0x0000024441e1c040 JavaThread "Active Thread: Equinox Container: 9b4ee227-0f31-4e44-b955-09583ebc3842" [_thread_blocked, id=56092, stack(0x0000005c20900000,0x0000005c20a00000)]
  0x0000024441e6e960 JavaThread "Framework Event Dispatcher: Equinox Container: 9b4ee227-0f31-4e44-b955-09583ebc3842" daemon [_thread_blocked, id=7564, stack(0x0000005c20a00000,0x0000005c20b00000)]
  0x0000024442a9dba0 JavaThread "Start Level: Equinox Container: 9b4ee227-0f31-4e44-b955-09583ebc3842" daemon [_thread_blocked, id=60956, stack(0x0000005c20b00000,0x0000005c20c00000)]
  0x0000024441fee0c0 JavaThread "SCR Component Actor" daemon [_thread_blocked, id=4760, stack(0x0000005c20c00000,0x0000005c20d00000)]
  0x0000024442a3cd90 JavaThread "Worker-JM" [_thread_blocked, id=58928, stack(0x0000005c20d00000,0x0000005c20e00000)]
  0x0000024441dd1960 JavaThread "Java indexing" daemon [_thread_blocked, id=11352, stack(0x0000005c21300000,0x0000005c21400000)]
  0x0000024441dd27d0 JavaThread "JNA Cleaner" daemon [_thread_blocked, id=57348, stack(0x0000005c21200000,0x0000005c21300000)]
  0x0000024441dd2ca0 JavaThread "pool-2-thread-1" [_thread_blocked, id=19316, stack(0x0000005c21400000,0x0000005c21500000)]
  0x0000024441dd0af0 JavaThread "pool-1-thread-1" [_thread_in_native, id=57420, stack(0x0000005c21500000,0x0000005c21600000)]
  0x0000024446382020 JavaThread "Bundle File Closer" daemon [_thread_blocked, id=34612, stack(0x0000005c21b00000,0x0000005c21c00000)]
  0x0000024456e50b90 JavaThread "ForkJoinPool.commonPool-worker-13" daemon [_thread_blocked, id=21676, stack(0x0000005c1f500000,0x0000005c1f600000)]
  0x0000024456e4e510 JavaThread "ForkJoinPool.commonPool-worker-16" daemon [_thread_blocked, id=20012, stack(0x0000005c21700000,0x0000005c21800000)]
  0x0000024441dcf7b0 JavaThread "Worker-10" [_thread_blocked, id=61908, stack(0x0000005c21800000,0x0000005c21900000)]
  0x00000244463811b0 JavaThread "ForkJoinPool.commonPool-worker-17" daemon [_thread_blocked, id=62240, stack(0x0000005c20e00000,0x0000005c20f00000)]
  0x000002444637b640 JavaThread "Worker-11" [_thread_blocked, id=58324, stack(0x0000005c20f00000,0x0000005c21000000)]
  0x0000024446380810 JavaThread "ForkJoinPool.commonPool-worker-19" daemon [_thread_blocked, id=26096, stack(0x0000005c21900000,0x0000005c21a00000)]
  0x0000024456e52d40 JavaThread "Worker-12" [_thread_blocked, id=53700, stack(0x0000005c1f400000,0x0000005c1f500000)]
  0x0000024456e4f380 JavaThread "ForkJoinPool.commonPool-worker-20" daemon [_thread_blocked, id=46916, stack(0x0000005c21a00000,0x0000005c21b00000)]
  0x000002444637dcc0 JavaThread "pool-1-thread-27" [_thread_blocked, id=58348, stack(0x0000005c21100000,0x0000005c21200000)]
  0x0000024441dcfc80 JavaThread "ForkJoinPool.commonPool-worker-21" daemon [_thread_blocked, id=55216, stack(0x0000005c21d00000,0x0000005c21e00000)]
  0x0000024441dd0620 JavaThread "Worker-13" [_thread_blocked, id=60060, stack(0x0000005c21000000,0x0000005c21100000)]
  0x0000024456e53bb0 JavaThread "Keep-Alive-SocketCleaner" daemon [_thread_blocked, id=30380, stack(0x0000005c20500000,0x0000005c20600000)]
  0x00000244432b2750 JavaThread "C2 CompilerThread1" daemon [_thread_blocked, id=60468, stack(0x0000005c21600000,0x0000005c21700000)]

Other Threads:
  0x000002443fa59e70 VMThread "VM Thread" [stack: 0x0000005c1f800000,0x0000005c1f900000] [id=54744]
  0x0000024441695ff0 WatcherThread [stack: 0x0000005c20400000,0x0000005c20500000] [id=54860]
  0x000002442bc65380 GCTaskThread "GC Thread#0" [stack: 0x0000005c1f700000,0x0000005c1f800000] [id=6288]
  0x0000024441da6f20 GCTaskThread "GC Thread#1" [stack: 0x0000005c20600000,0x0000005c20700000] [id=62188]
  0x000002444189e1b0 GCTaskThread "GC Thread#2" [stack: 0x0000005c20700000,0x0000005c20800000] [id=22084]
=>0x000002444189e460 GCTaskThread "GC Thread#3" [stack: 0x0000005c20800000,0x0000005c20900000] [id=59412]

Threads with active compile tasks:
C2 CompilerThread0  4438561 21262       4       org.eclipse.jdt.internal.core.BinaryTypeConverter::convert (826 bytes)

VM state: at safepoint (normal execution)

VM Mutex/Monitor currently owned by a thread:  ([mutex/lock_event])
[0x000002442bc4aa40] Threads_lock - owner thread: 0x000002443fa59e70
[0x000002442bc4b3d0] Heap_lock - owner thread: 0x0000024456e4f380

Heap address: 0x00000000c0000000, size: 1024 MB, Compressed Oops mode: 32-bit

CDS archive(s) not mapped
Compressed class space mapped at: 0x0000000100000000-0x0000000140000000, reserved size: 1073741824
Narrow klass base: 0x0000000000000000, Narrow klass shift: 3, Narrow klass range: 0x140000000

GC Precious Log:
 CPUs: 4 total, 4 available
 Memory: 16311M
 Large Page Support: Disabled
 NUMA Support: Disabled
 Compressed Oops: Enabled (32-bit)
 Alignments: Space 512K, Generation 512K, Heap 2M
 Heap Min Capacity: 100M
 Heap Initial Capacity: 100M
 Heap Max Capacity: 1G
 Pre-touch: Disabled
 Parallel Workers: 4

Heap:
 PSYoungGen      total 46080K, used 45349K [0x00000000eab00000, 0x00000000ee080000, 0x0000000100000000)
  eden space 38912K, 99% used [0x00000000eab00000,0x00000000ed0c3750,0x00000000ed100000)
  from space 7168K, 93% used [0x00000000ed800000,0x00000000ede85f78,0x00000000edf00000)
  to   space 7168K, 98% used [0x00000000ed100000,0x00000000ed7e0718,0x00000000ed800000)
 ParOldGen       total 203776K, used 181375K [0x00000000c0000000, 0x00000000cc700000, 0x00000000eab00000)
  object space 203776K, 89% used [0x00000000c0000000,0x00000000cb11fed8,0x00000000cc700000)
 Metaspace       used 83408K, committed 84480K, reserved 1130496K
  class space    used 8167K, committed 8640K, reserved 1048576K

Card table byte_map: [0x000002442b610000,0x000002442b820000] _byte_map_base: 0x000002442b010000

Marking Bits: (ParMarkBitMap*) 0x00007ffd91e00dd0
 Begin Bits: [0x000002443d8e0000, 0x000002443e8e0000)
 End Bits:   [0x000002443e8e0000, 0x000002443f8e0000)

Polling page: 0x0000024429b50000

Metaspace:

Usage:
  Non-class:     73.48 MB used.
      Class:      7.98 MB used.
       Both:     81.45 MB used.

Virtual space:
  Non-class space:       80.00 MB reserved,      74.06 MB ( 93%) committed,  10 nodes.
      Class space:        1.00 GB reserved,       8.44 MB ( <1%) committed,  1 nodes.
             Both:        1.08 GB reserved,      82.50 MB (  7%) committed. 

Chunk freelists:
   Non-Class:  1.48 MB
       Class:  3.59 MB
        Both:  5.08 MB

MaxMetaspaceSize: unlimited
CompressedClassSpaceSize: 1.00 GB
Initial GC threshold: 21.00 MB
Current GC threshold: 137.44 MB
CDS: off
MetaspaceReclaimPolicy: balanced
 - commit_granule_bytes: 65536.
 - commit_granule_words: 8192.
 - virtual_space_node_default_size: 1048576.
 - enlarge_chunks_in_place: 1.
 - new_chunks_are_fully_committed: 0.
 - uncommit_free_chunks: 1.
 - use_allocation_guard: 0.
 - handle_deallocations: 1.


Internal statistics:

num_allocs_failed_limit: 9.
num_arena_births: 608.
num_arena_deaths: 86.
num_vsnodes_births: 11.
num_vsnodes_deaths: 0.
num_space_committed: 1320.
num_space_uncommitted: 0.
num_chunks_returned_to_freelist: 107.
num_chunks_taken_from_freelist: 3967.
num_chunk_merges: 38.
num_chunk_splits: 2458.
num_chunks_enlarged: 1432.
num_purges: 6.
num_inconsistent_stats: 0.

CodeHeap 'non-profiled nmethods': size=120000Kb used=19567Kb max_used=20038Kb free=100432Kb
 bounds [0x00000244363b0000, 0x0000024437750000, 0x000002443d8e0000]
CodeHeap 'profiled nmethods': size=120000Kb used=34198Kb max_used=34857Kb free=85802Kb
 bounds [0x000002442ee80000, 0x0000024431100000, 0x00000244363b0000]
CodeHeap 'non-nmethods': size=5760Kb used=1421Kb max_used=1506Kb free=4338Kb
 bounds [0x000002442e8e0000, 0x000002442eb50000, 0x000002442ee80000]
 total_blobs=16409 nmethods=15642 adapters=679
 compilation: enabled
              stopped_count=0, restarted_count=0
 full_count=0

Compilation events (20 events):
Event: 4437.677 Thread 0x000002443fade9a0 21264       3       java.util.StringJoiner::add (110 bytes)
Event: 4437.678 Thread 0x000002443fade9a0 nmethod 21264 0x000002442fc89290 code [0x000002442fc894c0, 0x000002442fc89e78]
Event: 4437.812 Thread 0x000002443fade9a0 21266       3       org.eclipse.jdt.ls.core.internal.corext.refactoring.code.ExtractMethodAnalyzer::isResourceInTry (34 bytes)
Event: 4437.813 Thread 0x000002443fade9a0 nmethod 21266 0x000002442f7d9e10 code [0x000002442f7da000, 0x000002442f7da6e8]
Event: 4437.941 Thread 0x000002443fade9a0 21269       3       org.eclipse.jdt.internal.compiler.env.IModuleAwareNameEnvironment$LookupStrategy$4::matchesWithName (16 bytes)
Event: 4437.942 Thread 0x000002443fade9a0 nmethod 21269 0x00000244301bea10 code [0x00000244301bebc0, 0x00000244301bede8]
Event: 4437.942 Thread 0x000002443fade9a0 21270       3       org.eclipse.jdt.internal.core.SearchableEnvironment$$Lambda$725/0x00000001008646f0::test (12 bytes)
Event: 4437.942 Thread 0x00000244432b2750 21265       4       org.eclipse.jdt.internal.compiler.lookup.CompilationUnitScope::checkAndSetImports (309 bytes)
Event: 4437.943 Thread 0x000002443fade9a0 nmethod 21270 0x000002442fa0b190 code [0x000002442fa0b360, 0x000002442fa0b7c8]
Event: 4437.943 Thread 0x000002443fade9a0 21271       3       org.eclipse.jdt.internal.core.SearchableEnvironment::lambda$4 (23 bytes)
Event: 4437.943 Thread 0x000002443fade9a0 nmethod 21271 0x00000244300fa610 code [0x00000244300fa7c0, 0x00000244300faaa8]
Event: 4438.087 Thread 0x000002443fade9a0 21273       3       org.eclipse.lsp4j.Location::<init> (31 bytes)
Event: 4438.087 Thread 0x000002443fade9a0 nmethod 21273 0x000002442fc91890 code [0x000002442fc91a60, 0x000002442fc91e58]
Event: 4438.179 Thread 0x00000244432b2750 nmethod 21265 0x000002443757e090 code [0x000002443757e3c0, 0x0000024437580be0]
Event: 4438.179 Thread 0x00000244432b2750 21268       4       org.eclipse.jdt.internal.compiler.codegen.CodeStream::pushTypeBinding (35 bytes)
Event: 4438.181 Thread 0x00000244432b2750 nmethod 21268 0x000002443757dd90 code [0x000002443757df00, 0x000002443757df98]
Event: 4438.181 Thread 0x00000244432b2750 21272       4       org.eclipse.jdt.internal.core.PackageFragment::getClassFile (21 bytes)
Event: 4438.183 Thread 0x00000244432b2750 nmethod 21272 0x00000244373f7890 code [0x00000244373f7a20, 0x00000244373f7be8]
Event: 4438.183 Thread 0x00000244432b2750 21263       4       org.eclipse.jdt.internal.compiler.problem.ProblemHandler::createProblem (27 bytes)
Event: 4438.184 Thread 0x00000244432b2750 nmethod 21263 0x000002443757da10 code [0x000002443757db80, 0x000002443757dc78]

GC Heap History (20 events):
Event: 4437.519 GC heap after
{Heap after GC invocations=4042 (full 111):
 PSYoungGen      total 28160K, used 4081K [0x00000000eab00000, 0x00000000edb00000, 0x0000000100000000)
  eden space 24064K, 0% used [0x00000000eab00000,0x00000000eab00000,0x00000000ec280000)
  from space 4096K, 99% used [0x00000000ec280000,0x00000000ec67c778,0x00000000ec680000)
  to   space 11264K, 0% used [0x00000000ed000000,0x00000000ed000000,0x00000000edb00000)
 ParOldGen       total 203776K, used 170881K [0x00000000c0000000, 0x00000000cc700000, 0x00000000eab00000)
  object space 203776K, 83% used [0x00000000c0000000,0x00000000ca6e0458,0x00000000cc700000)
 Metaspace       used 83406K, committed 84480K, reserved 1130496K
  class space    used 8167K, committed 8640K, reserved 1048576K
}
Event: 4437.574 GC heap before
{Heap before GC invocations=4043 (full 111):
 PSYoungGen      total 28160K, used 28046K [0x00000000eab00000, 0x00000000edb00000, 0x0000000100000000)
  eden space 24064K, 99% used [0x00000000eab00000,0x00000000ec267260,0x00000000ec280000)
  from space 4096K, 99% used [0x00000000ec280000,0x00000000ec67c778,0x00000000ec680000)
  to   space 11264K, 0% used [0x00000000ed000000,0x00000000ed000000,0x00000000edb00000)
 ParOldGen       total 203776K, used 170881K [0x00000000c0000000, 0x00000000cc700000, 0x00000000eab00000)
  object space 203776K, 83% used [0x00000000c0000000,0x00000000ca6e0458,0x00000000cc700000)
 Metaspace       used 83406K, committed 84480K, reserved 1130496K
  class space    used 8167K, committed 8640K, reserved 1048576K
}
Event: 4437.584 GC heap after
{Heap after GC invocations=4043 (full 111):
 PSYoungGen      total 34304K, used 7580K [0x00000000eab00000, 0x00000000ed780000, 0x0000000100000000)
  eden space 26624K, 0% used [0x00000000eab00000,0x00000000eab00000,0x00000000ec500000)
  from space 7680K, 98% used [0x00000000ed000000,0x00000000ed7673a0,0x00000000ed780000)
  to   space 8704K, 0% used [0x00000000ec680000,0x00000000ec680000,0x00000000ecf00000)
 ParOldGen       total 203776K, used 170995K [0x00000000c0000000, 0x00000000cc700000, 0x00000000eab00000)
  object space 203776K, 83% used [0x00000000c0000000,0x00000000ca6fcd58,0x00000000cc700000)
 Metaspace       used 83406K, committed 84480K, reserved 1130496K
  class space    used 8167K, committed 8640K, reserved 1048576K
}
Event: 4437.633 GC heap before
{Heap before GC invocations=4044 (full 111):
 PSYoungGen      total 34304K, used 34204K [0x00000000eab00000, 0x00000000ed780000, 0x0000000100000000)
  eden space 26624K, 100% used [0x00000000eab00000,0x00000000ec500000,0x00000000ec500000)
  from space 7680K, 98% used [0x00000000ed000000,0x00000000ed7673a0,0x00000000ed780000)
  to   space 8704K, 0% used [0x00000000ec680000,0x00000000ec680000,0x00000000ecf00000)
 ParOldGen       total 203776K, used 170995K [0x00000000c0000000, 0x00000000cc700000, 0x00000000eab00000)
  object space 203776K, 83% used [0x00000000c0000000,0x00000000ca6fcd58,0x00000000cc700000)
 Metaspace       used 83406K, committed 84480K, reserved 1130496K
  class space    used 8167K, committed 8640K, reserved 1048576K
}
Event: 4437.642 GC heap after
{Heap after GC invocations=4044 (full 111):
 PSYoungGen      total 36864K, used 7484K [0x00000000eab00000, 0x00000000ed700000, 0x0000000100000000)
  eden space 28160K, 0% used [0x00000000eab00000,0x00000000eab00000,0x00000000ec680000)
  from space 8704K, 85% used [0x00000000ec680000,0x00000000ecdcf3a0,0x00000000ecf00000)
  to   space 7680K, 0% used [0x00000000ecf80000,0x00000000ecf80000,0x00000000ed700000)
 ParOldGen       total 203776K, used 170995K [0x00000000c0000000, 0x00000000cc700000, 0x00000000eab00000)
  object space 203776K, 83% used [0x00000000c0000000,0x00000000ca6fcd58,0x00000000cc700000)
 Metaspace       used 83406K, committed 84480K, reserved 1130496K
  class space    used 8167K, committed 8640K, reserved 1048576K
}
Event: 4437.707 GC heap before
{Heap before GC invocations=4045 (full 111):
 PSYoungGen      total 36864K, used 34422K [0x00000000eab00000, 0x00000000ed700000, 0x0000000100000000)
  eden space 28160K, 95% used [0x00000000eab00000,0x00000000ec54e5c0,0x00000000ec680000)
  from space 8704K, 85% used [0x00000000ec680000,0x00000000ecdcf3a0,0x00000000ecf00000)
  to   space 7680K, 0% used [0x00000000ecf80000,0x00000000ecf80000,0x00000000ed700000)
 ParOldGen       total 203776K, used 170995K [0x00000000c0000000, 0x00000000cc700000, 0x00000000eab00000)
  object space 203776K, 83% used [0x00000000c0000000,0x00000000ca6fcd58,0x00000000cc700000)
 Metaspace       used 83406K, committed 84480K, reserved 1130496K
  class space    used 8167K, committed 8640K, reserved 1048576K
}
Event: 4437.716 GC heap after
{Heap after GC invocations=4045 (full 111):
 PSYoungGen      total 37376K, used 7526K [0x00000000eab00000, 0x00000000ed880000, 0x0000000100000000)
  eden space 29696K, 0% used [0x00000000eab00000,0x00000000eab00000,0x00000000ec800000)
  from space 7680K, 98% used [0x00000000ecf80000,0x00000000ed6d9b78,0x00000000ed700000)
  to   space 7680K, 0% used [0x00000000ec800000,0x00000000ec800000,0x00000000ecf80000)
 ParOldGen       total 203776K, used 171149K [0x00000000c0000000, 0x00000000cc700000, 0x00000000eab00000)
  object space 203776K, 83% used [0x00000000c0000000,0x00000000ca723658,0x00000000cc700000)
 Metaspace       used 83406K, committed 84480K, reserved 1130496K
  class space    used 8167K, committed 8640K, reserved 1048576K
}
Event: 4437.780 GC heap before
{Heap before GC invocations=4046 (full 111):
 PSYoungGen      total 37376K, used 37017K [0x00000000eab00000, 0x00000000ed880000, 0x0000000100000000)
  eden space 29696K, 99% used [0x00000000eab00000,0x00000000ec7cc910,0x00000000ec800000)
  from space 7680K, 98% used [0x00000000ecf80000,0x00000000ed6d9b78,0x00000000ed700000)
  to   space 7680K, 0% used [0x00000000ec800000,0x00000000ec800000,0x00000000ecf80000)
 ParOldGen       total 203776K, used 171149K [0x00000000c0000000, 0x00000000cc700000, 0x00000000eab00000)
  object space 203776K, 83% used [0x00000000c0000000,0x00000000ca723658,0x00000000cc700000)
 Metaspace       used 83406K, committed 84480K, reserved 1130496K
  class space    used 8167K, committed 8640K, reserved 1048576K
}
Event: 4437.790 GC heap after
{Heap after GC invocations=4046 (full 111):
 PSYoungGen      total 37376K, used 7654K [0x00000000eab00000, 0x00000000ee100000, 0x0000000100000000)
  eden space 29696K, 0% used [0x00000000eab00000,0x00000000eab00000,0x00000000ec800000)
  from space 7680K, 99% used [0x00000000ec800000,0x00000000ecf79b78,0x00000000ecf80000)
  to   space 11264K, 0% used [0x00000000ed600000,0x00000000ed600000,0x00000000ee100000)
 ParOldGen       total 203776K, used 173983K [0x00000000c0000000, 0x00000000cc700000, 0x00000000eab00000)
  object space 203776K, 85% used [0x00000000c0000000,0x00000000ca9e7dd8,0x00000000cc700000)
 Metaspace       used 83406K, committed 84480K, reserved 1130496K
  class space    used 8167K, committed 8640K, reserved 1048576K
}
Event: 4437.863 GC heap before
{Heap before GC invocations=4047 (full 111):
 PSYoungGen      total 37376K, used 37249K [0x00000000eab00000, 0x00000000ee100000, 0x0000000100000000)
  eden space 29696K, 99% used [0x00000000eab00000,0x00000000ec7e6af8,0x00000000ec800000)
  from space 7680K, 99% used [0x00000000ec800000,0x00000000ecf79b78,0x00000000ecf80000)
  to   space 11264K, 0% used [0x00000000ed600000,0x00000000ed600000,0x00000000ee100000)
 ParOldGen       total 203776K, used 173983K [0x00000000c0000000, 0x00000000cc700000, 0x00000000eab00000)
  object space 203776K, 85% used [0x00000000c0000000,0x00000000ca9e7dd8,0x00000000cc700000)
 Metaspace       used 83406K, committed 84480K, reserved 1130496K
  class space    used 8167K, committed 8640K, reserved 1048576K
}
Event: 4437.874 GC heap after
{Heap after GC invocations=4047 (full 111):
 PSYoungGen      total 44032K, used 10839K [0x00000000eab00000, 0x00000000ee100000, 0x0000000100000000)
  eden space 32768K, 0% used [0x00000000eab00000,0x00000000eab00000,0x00000000ecb00000)
  from space 11264K, 96% used [0x00000000ed600000,0x00000000ee095e78,0x00000000ee100000)
  to   space 11264K, 0% used [0x00000000ecb00000,0x00000000ecb00000,0x00000000ed600000)
 ParOldGen       total 203776K, used 174639K [0x00000000c0000000, 0x00000000cc700000, 0x00000000eab00000)
  object space 203776K, 85% used [0x00000000c0000000,0x00000000caa8bdd8,0x00000000cc700000)
 Metaspace       used 83406K, committed 84480K, reserved 1130496K
  class space    used 8167K, committed 8640K, reserved 1048576K
}
Event: 4437.947 GC heap before
{Heap before GC invocations=4048 (full 111):
 PSYoungGen      total 44032K, used 43607K [0x00000000eab00000, 0x00000000ee100000, 0x0000000100000000)
  eden space 32768K, 100% used [0x00000000eab00000,0x00000000ecb00000,0x00000000ecb00000)
  from space 11264K, 96% used [0x00000000ed600000,0x00000000ee095e78,0x00000000ee100000)
  to   space 11264K, 0% used [0x00000000ecb00000,0x00000000ecb00000,0x00000000ed600000)
 ParOldGen       total 203776K, used 174639K [0x00000000c0000000, 0x00000000cc700000, 0x00000000eab00000)
  object space 203776K, 85% used [0x00000000c0000000,0x00000000caa8bdd8,0x00000000cc700000)
 Metaspace       used 83408K, committed 84480K, reserved 1130496K
  class space    used 8167K, committed 8640K, reserved 1048576K
}
Event: 4437.956 GC heap after
{Heap after GC invocations=4048 (full 111):
 PSYoungGen      total 44032K, used 7107K [0x00000000eab00000, 0x00000000edf80000, 0x0000000100000000)
  eden space 32768K, 0% used [0x00000000eab00000,0x00000000eab00000,0x00000000ecb00000)
  from space 11264K, 63% used [0x00000000ecb00000,0x00000000ed1f0f68,0x00000000ed600000)
  to   space 8704K, 0% used [0x00000000ed700000,0x00000000ed700000,0x00000000edf80000)
 ParOldGen       total 203776K, used 174950K [0x00000000c0000000, 0x00000000cc700000, 0x00000000eab00000)
  object space 203776K, 85% used [0x00000000c0000000,0x00000000caad9b58,0x00000000cc700000)
 Metaspace       used 83408K, committed 84480K, reserved 1130496K
  class space    used 8167K, committed 8640K, reserved 1048576K
}
Event: 4438.076 GC heap before
{Heap before GC invocations=4049 (full 111):
 PSYoungGen      total 44032K, used 39875K [0x00000000eab00000, 0x00000000edf80000, 0x0000000100000000)
  eden space 32768K, 100% used [0x00000000eab00000,0x00000000ecb00000,0x00000000ecb00000)
  from space 11264K, 63% used [0x00000000ecb00000,0x00000000ed1f0f68,0x00000000ed600000)
  to   space 8704K, 0% used [0x00000000ed700000,0x00000000ed700000,0x00000000edf80000)
 ParOldGen       total 203776K, used 174950K [0x00000000c0000000, 0x00000000cc700000, 0x00000000eab00000)
  object space 203776K, 85% used [0x00000000c0000000,0x00000000caad9b58,0x00000000cc700000)
 Metaspace       used 83408K, committed 84480K, reserved 1130496K
  class space    used 8167K, committed 8640K, reserved 1048576K
}
Event: 4438.082 GC heap after
{Heap after GC invocations=4049 (full 111):
 PSYoungGen      total 42496K, used 6551K [0x00000000eab00000, 0x00000000edd80000, 0x0000000100000000)
  eden space 35840K, 0% used [0x00000000eab00000,0x00000000eab00000,0x00000000ece00000)
  from space 6656K, 98% used [0x00000000ed700000,0x00000000edd65f78,0x00000000edd80000)
  to   space 7168K, 0% used [0x00000000ecf80000,0x00000000ecf80000,0x00000000ed680000)
 ParOldGen       total 203776K, used 175579K [0x00000000c0000000, 0x00000000cc700000, 0x00000000eab00000)
  object space 203776K, 86% used [0x00000000c0000000,0x00000000cab76fd8,0x00000000cc700000)
 Metaspace       used 83408K, committed 84480K, reserved 1130496K
  class space    used 8167K, committed 8640K, reserved 1048576K
}
Event: 4438.200 GC heap before
{Heap before GC invocations=4050 (full 111):
 PSYoungGen      total 42496K, used 39840K [0x00000000eab00000, 0x00000000edd80000, 0x0000000100000000)
  eden space 35840K, 92% used [0x00000000eab00000,0x00000000ecb822a8,0x00000000ece00000)
  from space 6656K, 98% used [0x00000000ed700000,0x00000000edd65f78,0x00000000edd80000)
  to   space 7168K, 0% used [0x00000000ecf80000,0x00000000ecf80000,0x00000000ed680000)
 ParOldGen       total 203776K, used 175579K [0x00000000c0000000, 0x00000000cc700000, 0x00000000eab00000)
  object space 203776K, 86% used [0x00000000c0000000,0x00000000cab76fd8,0x00000000cc700000)
 Metaspace       used 83408K, committed 84480K, reserved 1130496K
  class space    used 8167K, committed 8640K, reserved 1048576K
}
Event: 4438.205 GC heap after
{Heap after GC invocations=4050 (full 111):
 PSYoungGen      total 44544K, used 6759K [0x00000000eab00000, 0x00000000edf00000, 0x0000000100000000)
  eden space 37376K, 0% used [0x00000000eab00000,0x00000000eab00000,0x00000000ecf80000)
  from space 7168K, 94% used [0x00000000ecf80000,0x00000000ed619f88,0x00000000ed680000)
  to   space 7168K, 0% used [0x00000000ed800000,0x00000000ed800000,0x00000000edf00000)
 ParOldGen       total 203776K, used 175579K [0x00000000c0000000, 0x00000000cc700000, 0x00000000eab00000)
  object space 203776K, 86% used [0x00000000c0000000,0x00000000cab76fd8,0x00000000cc700000)
 Metaspace       used 83408K, committed 84480K, reserved 1130496K
  class space    used 8167K, committed 8640K, reserved 1048576K
}
Event: 4438.279 GC heap before
{Heap before GC invocations=4051 (full 111):
 PSYoungGen      total 44544K, used 44135K [0x00000000eab00000, 0x00000000edf00000, 0x0000000100000000)
  eden space 37376K, 100% used [0x00000000eab00000,0x00000000ecf80000,0x00000000ecf80000)
  from space 7168K, 94% used [0x00000000ecf80000,0x00000000ed619f88,0x00000000ed680000)
  to   space 7168K, 0% used [0x00000000ed800000,0x00000000ed800000,0x00000000edf00000)
 ParOldGen       total 203776K, used 175579K [0x00000000c0000000, 0x00000000cc700000, 0x00000000eab00000)
  object space 203776K, 86% used [0x00000000c0000000,0x00000000cab76fd8,0x00000000cc700000)
 Metaspace       used 83408K, committed 84480K, reserved 1130496K
  class space    used 8167K, committed 8640K, reserved 1048576K
}
Event: 4438.284 GC heap after
{Heap after GC invocations=4051 (full 111):
 PSYoungGen      total 46080K, used 6679K [0x00000000eab00000, 0x00000000ee080000, 0x0000000100000000)
  eden space 38912K, 0% used [0x00000000eab00000,0x00000000eab00000,0x00000000ed100000)
  from space 7168K, 93% used [0x00000000ed800000,0x00000000ede85f78,0x00000000edf00000)
  to   space 7168K, 0% used [0x00000000ed100000,0x00000000ed100000,0x00000000ed800000)
 ParOldGen       total 203776K, used 178597K [0x00000000c0000000, 0x00000000cc700000, 0x00000000eab00000)
  object space 203776K, 87% used [0x00000000c0000000,0x00000000cae69758,0x00000000cc700000)
 Metaspace       used 83408K, committed 84480K, reserved 1130496K
  class space    used 8167K, committed 8640K, reserved 1048576K
}
Event: 4438.387 GC heap before
{Heap before GC invocations=4052 (full 111):
 PSYoungGen      total 46080K, used 45349K [0x00000000eab00000, 0x00000000ee080000, 0x0000000100000000)
  eden space 38912K, 99% used [0x00000000eab00000,0x00000000ed0c3750,0x00000000ed100000)
  from space 7168K, 93% used [0x00000000ed800000,0x00000000ede85f78,0x00000000edf00000)
  to   space 7168K, 0% used [0x00000000ed100000,0x00000000ed100000,0x00000000ed800000)
 ParOldGen       total 203776K, used 178597K [0x00000000c0000000, 0x00000000cc700000, 0x00000000eab00000)
  object space 203776K, 87% used [0x00000000c0000000,0x00000000cae69758,0x00000000cc700000)
 Metaspace       used 83408K, committed 84480K, reserved 1130496K
  class space    used 8167K, committed 8640K, reserved 1048576K
}

Dll operation events (11 events):
Event: 0.032 Loaded shared library c:\Users\Larry\.vscode\extensions\redhat.java-1.13.0-win32-x64\jre\17.0.5-win32-x86_64\bin\java.dll
Event: 0.642 Loaded shared library c:\Users\Larry\.vscode\extensions\redhat.java-1.13.0-win32-x64\jre\17.0.5-win32-x86_64\bin\zip.dll
Event: 0.650 Loaded shared library C:\Users\Larry\.vscode\extensions\redhat.java-1.13.0-win32-x64\jre\17.0.5-win32-x86_64\bin\instrument.dll
Event: 0.745 Loaded shared library C:\Users\Larry\.vscode\extensions\redhat.java-1.13.0-win32-x64\jre\17.0.5-win32-x86_64\bin\net.dll
Event: 0.750 Loaded shared library C:\Users\Larry\.vscode\extensions\redhat.java-1.13.0-win32-x64\jre\17.0.5-win32-x86_64\bin\nio.dll
Event: 0.768 Loaded shared library C:\Users\Larry\.vscode\extensions\redhat.java-1.13.0-win32-x64\jre\17.0.5-win32-x86_64\bin\zip.dll
Event: 0.836 Loaded shared library C:\Users\Larry\.vscode\extensions\redhat.java-1.13.0-win32-x64\jre\17.0.5-win32-x86_64\bin\jimage.dll
Event: 1.171 Loaded shared library c:\Users\Larry\.vscode\extensions\redhat.java-1.13.0-win32-x64\jre\17.0.5-win32-x86_64\bin\verify.dll
Event: 5.451 Loaded shared library C:\Users\Larry\AppData\Roaming\Code\User\globalStorage\redhat.java\1.13.0\config_win\org.eclipse.equinox.launcher\org.eclipse.equinox.launcher.win32.win32.x86_64_1.2.600.v20220720-1916\eclipse_11700.dll
Event: 16.285 Loaded shared library C:\Users\Larry\AppData\Local\Temp\jna-73190532\jna8484988582306663758.dll
Event: 39.823 Loaded shared library C:\Users\Larry\.vscode\extensions\redhat.java-1.13.0-win32-x64\jre\17.0.5-win32-x86_64\bin\sunmscapi.dll

Deoptimization events (20 events):
Event: 4434.096 Thread 0x0000024456e4f380 DEOPT PACKING pc=0x00000244369d1120 sp=0x0000005c21afddc0
Event: 4434.096 Thread 0x0000024456e4f380 DEOPT UNPACKING pc=0x000002442e9320a3 sp=0x0000005c21afdd58 mode 2
Event: 4434.097 Thread 0x0000024456e4f380 Uncommon trap: trap_request=0xffffffde fr.pc=0x0000024437366910 relative=0x00000000000015d0
Event: 4434.097 Thread 0x0000024456e4f380 Uncommon trap: reason=class_check action=maybe_recompile pc=0x0000024437366910 method=org.eclipse.jdt.internal.compiler.lookup.PackageBinding.hasCompilationUnit(Z)Z @ 89 c2
Event: 4434.097 Thread 0x0000024456e4f380 DEOPT PACKING pc=0x0000024437366910 sp=0x0000005c21afe070
Event: 4434.097 Thread 0x0000024456e4f380 DEOPT UNPACKING pc=0x000002442e9320a3 sp=0x0000005c21afdf20 mode 2
Event: 4434.097 Thread 0x0000024456e4f380 Uncommon trap: trap_request=0xffffffde fr.pc=0x0000024436fd3e3c relative=0x00000000000053dc
Event: 4434.097 Thread 0x0000024456e4f380 Uncommon trap: reason=class_check action=maybe_recompile pc=0x0000024436fd3e3c method=org.eclipse.jdt.internal.compiler.lookup.PackageBinding.hasCompilationUnit(Z)Z @ 89 c2
Event: 4434.097 Thread 0x0000024456e4f380 DEOPT PACKING pc=0x0000024436fd3e3c sp=0x0000005c21afdf70
Event: 4434.097 Thread 0x0000024456e4f380 DEOPT UNPACKING pc=0x000002442e9320a3 sp=0x0000005c21afde78 mode 2
Event: 4434.098 Thread 0x0000024456e4f380 Uncommon trap: trap_request=0xffffffde fr.pc=0x0000024437366910 relative=0x00000000000015d0
Event: 4434.098 Thread 0x0000024456e4f380 Uncommon trap: reason=class_check action=maybe_recompile pc=0x0000024437366910 method=org.eclipse.jdt.internal.compiler.lookup.PackageBinding.hasCompilationUnit(Z)Z @ 89 c2
Event: 4434.098 Thread 0x0000024456e4f380 DEOPT PACKING pc=0x0000024437366910 sp=0x0000005c21afe070
Event: 4434.098 Thread 0x0000024456e4f380 DEOPT UNPACKING pc=0x000002442e9320a3 sp=0x0000005c21afdf20 mode 2
Event: 4434.098 Thread 0x0000024456e4f380 Uncommon trap: trap_request=0xffffffde fr.pc=0x0000024436427838 relative=0x0000000000000198
Event: 4434.098 Thread 0x0000024456e4f380 Uncommon trap: reason=class_check action=maybe_recompile pc=0x0000024436427838 method=org.eclipse.jdt.internal.compiler.lookup.PackageBinding.hasCompilationUnit(Z)Z @ 89 c2
Event: 4434.098 Thread 0x0000024456e4f380 DEOPT PACKING pc=0x0000024436427838 sp=0x0000005c21afdf20
Event: 4434.098 Thread 0x0000024456e4f380 DEOPT UNPACKING pc=0x000002442e9320a3 sp=0x0000005c21afde90 mode 2
Event: 4434.592 Thread 0x0000024456e53bb0 DEOPT PACKING pc=0x000002442efc680c sp=0x0000005c205fdd70
Event: 4434.592 Thread 0x0000024456e53bb0 DEOPT UNPACKING pc=0x000002442e932843 sp=0x0000005c205fd1f0 mode 0

Classes unloaded (20 events):
Event: 2899.570 Thread 0x000002443fa59e70 Unloading class 0x0000000100270400 'jdk/internal/reflect/GeneratedSerializationConstructorAccessor1'
Event: 2899.570 Thread 0x000002443fa59e70 Unloading class 0x0000000100213800 'java/lang/invoke/LambdaForm$MH+0x0000000100213800'
Event: 2899.570 Thread 0x000002443fa59e70 Unloading class 0x00000001001cf000 'jdk/internal/reflect/GeneratedConstructorAccessor4'
Event: 2899.570 Thread 0x000002443fa59e70 Unloading class 0x00000001001a2800 'java/lang/invoke/LambdaForm$MH+0x00000001001a2800'
Event: 2899.570 Thread 0x000002443fa59e70 Unloading class 0x00000001001a2000 'java/lang/invoke/LambdaForm$MH+0x00000001001a2000'
Event: 2899.570 Thread 0x000002443fa59e70 Unloading class 0x00000001001a1c00 'java/lang/invoke/LambdaForm$MH+0x00000001001a1c00'
Event: 2899.570 Thread 0x000002443fa59e70 Unloading class 0x00000001001a1800 'java/lang/invoke/LambdaForm$MH+0x00000001001a1800'
Event: 2899.570 Thread 0x000002443fa59e70 Unloading class 0x00000001001a1000 'java/lang/invoke/LambdaForm$MH+0x00000001001a1000'
Event: 2899.570 Thread 0x000002443fa59e70 Unloading class 0x00000001001a0c00 'java/lang/invoke/LambdaForm$MH+0x00000001001a0c00'
Event: 2899.570 Thread 0x000002443fa59e70 Unloading class 0x00000001001a0800 'java/lang/invoke/LambdaForm$MH+0x00000001001a0800'
Event: 2899.570 Thread 0x000002443fa59e70 Unloading class 0x00000001001a0000 'java/lang/invoke/LambdaForm$MH+0x00000001001a0000'
Event: 2899.570 Thread 0x000002443fa59e70 Unloading class 0x000000010012d000 'jdk/internal/reflect/GeneratedMethodAccessor5'
Event: 2899.570 Thread 0x000002443fa59e70 Unloading class 0x000000010012cc00 'jdk/internal/reflect/GeneratedMethodAccessor4'
Event: 2899.570 Thread 0x000002443fa59e70 Unloading class 0x000000010012c800 'jdk/internal/reflect/GeneratedMethodAccessor3'
Event: 2899.570 Thread 0x000002443fa59e70 Unloading class 0x000000010012c400 'jdk/internal/reflect/GeneratedMethodAccessor2'
Event: 2899.570 Thread 0x000002443fa59e70 Unloading class 0x000000010012c000 'jdk/internal/reflect/GeneratedMethodAccessor1'
Event: 4035.524 Thread 0x000002443fa59e70 Unloading class 0x00000001007e9000 'jdk/internal/reflect/GeneratedConstructorAccessor58'
Event: 4035.524 Thread 0x000002443fa59e70 Unloading class 0x00000001007e8c00 'jdk/internal/reflect/GeneratedConstructorAccessor57'
Event: 4035.524 Thread 0x000002443fa59e70 Unloading class 0x00000001007e8800 'jdk/internal/reflect/GeneratedConstructorAccessor56'
Event: 4035.524 Thread 0x000002443fa59e70 Unloading class 0x00000001007e8400 'jdk/internal/reflect/GeneratedConstructorAccessor55'

Classes redefined (0 events):
No events

Internal exceptions (20 events):
Event: 4432.299 Thread 0x0000024441dcf7b0 Exception <a 'sun/nio/fs/WindowsException'{0x00000000eac4d688}> (0x00000000eac4d688) 
thrown [s\src\hotspot\share\prims\jni.cpp, line 516]
Event: 4432.312 Thread 0x0000024441dcf7b0 Exception <a 'sun/nio/fs/WindowsException'{0x00000000eaee28d0}> (0x00000000eaee28d0) 
thrown [s\src\hotspot\share\prims\jni.cpp, line 516]
Event: 4432.322 Thread 0x0000024441dcf7b0 Exception <a 'sun/nio/fs/WindowsException'{0x00000000eafe8668}> (0x00000000eafe8668) 
thrown [s\src\hotspot\share\prims\jni.cpp, line 516]
Event: 4432.389 Thread 0x0000024441dcf7b0 Exception <a 'sun/nio/fs/WindowsException'{0x00000000eae046d0}> (0x00000000eae046d0) 
thrown [s\src\hotspot\share\prims\jni.cpp, line 516]
Event: 4432.400 Thread 0x0000024441dcf7b0 Exception <a 'sun/nio/fs/WindowsException'{0x00000000eaef60a8}> (0x00000000eaef60a8) 
thrown [s\src\hotspot\share\prims\jni.cpp, line 516]
Event: 4432.417 Thread 0x0000024441dcf7b0 Exception <a 'sun/nio/fs/WindowsException'{0x00000000eadd1450}> (0x00000000eadd1450) 
thrown [s\src\hotspot\share\prims\jni.cpp, line 516]
Event: 4432.486 Thread 0x0000024441dcf7b0 Exception <a 'sun/nio/fs/WindowsException'{0x00000000eae1c700}> (0x00000000eae1c700) 
thrown [s\src\hotspot\share\prims\jni.cpp, line 516]
Event: 4432.500 Thread 0x0000024441dcf7b0 Exception <a 'sun/nio/fs/WindowsException'{0x00000000eb1ff158}> (0x00000000eb1ff158) 
thrown [s\src\hotspot\share\prims\jni.cpp, line 516]
Event: 4432.519 Thread 0x0000024441dcf7b0 Exception <a 'sun/nio/fs/WindowsException'{0x00000000eb210b80}> (0x00000000eb210b80) 
thrown [s\src\hotspot\share\prims\jni.cpp, line 516]
Event: 4432.557 Thread 0x0000024441dcf7b0 Exception <a 'sun/nio/fs/WindowsException'{0x00000000eab00890}> (0x00000000eab00890) 
thrown [s\src\hotspot\share\prims\jni.cpp, line 516]
Event: 4432.567 Thread 0x0000024441dcf7b0 Exception <a 'sun/nio/fs/WindowsException'{0x00000000eade1950}> (0x00000000eade1950) 
thrown [s\src\hotspot\share\prims\jni.cpp, line 516]
Event: 4432.579 Thread 0x0000024441dcf7b0 Exception <a 'sun/nio/fs/WindowsException'{0x00000000eae2db20}> (0x00000000eae2db20) 
thrown [s\src\hotspot\share\prims\jni.cpp, line 516]
Event: 4432.734 Thread 0x0000024441dcf7b0 Exception <a 'sun/nio/fs/WindowsException'{0x00000000eb22d930}> (0x00000000eb22d930) 
thrown [s\src\hotspot\share\prims\jni.cpp, line 516]
Event: 4432.752 Thread 0x0000024441dcf7b0 Exception <a 'sun/nio/fs/WindowsException'{0x00000000eadc0c18}> (0x00000000eadc0c18) 
thrown [s\src\hotspot\share\prims\jni.cpp, line 516]
Event: 4432.764 Thread 0x0000024441dcf7b0 Exception <a 'sun/nio/fs/WindowsException'{0x00000000eb20ff00}> (0x00000000eb20ff00) 
thrown [s\src\hotspot\share\prims\jni.cpp, line 516]
Event: 4432.844 Thread 0x0000024441dcf7b0 Exception <a 'sun/nio/fs/WindowsException'{0x00000000eb266f08}> (0x00000000eb266f08) 
thrown [s\src\hotspot\share\prims\jni.cpp, line 516]
Event: 4432.858 Thread 0x0000024441dcf7b0 Exception <a 'sun/nio/fs/WindowsException'{0x00000000eabca4d8}> (0x00000000eabca4d8) 
thrown [s\src\hotspot\share\prims\jni.cpp, line 516]
Event: 4432.875 Thread 0x0000024441dcf7b0 Exception <a 'sun/nio/fs/WindowsException'{0x00000000eaf66a80}> (0x00000000eaf66a80) 
thrown [s\src\hotspot\share\prims\jni.cpp, line 516]
Event: 4433.996 Thread 0x0000024456e4e510 Exception <a 'java/lang/ClassNotFoundException'{0x00000000eb0424b8}: sun/net/www/protocol/jdt/Handler> (0x00000000eb0424b8) 
thrown [s\src\hotspot\share\classfile\systemDictionary.cpp, line 256]
Event: 4433.996 Thread 0x0000024456e4e510 Exception <a 'java/lang/ClassNotFoundException'{0x00000000eb05a458}: sun/net/www/protocol/jdt/Handler> (0x00000000eb05a458) 
thrown [s\src\hotspot\share\classfile\systemDictionary.cpp, line 256]

VM Operations (20 events):
Event: 4437.519 Executing VM operation: ParallelGCFailedAllocation done
Event: 4437.574 Executing VM operation: ParallelGCFailedAllocation
Event: 4437.584 Executing VM operation: ParallelGCFailedAllocation done
Event: 4437.633 Executing VM operation: ParallelGCFailedAllocation
Event: 4437.643 Executing VM operation: ParallelGCFailedAllocation done
Event: 4437.707 Executing VM operation: ParallelGCFailedAllocation
Event: 4437.716 Executing VM operation: ParallelGCFailedAllocation done
Event: 4437.780 Executing VM operation: ParallelGCFailedAllocation
Event: 4437.790 Executing VM operation: ParallelGCFailedAllocation done
Event: 4437.863 Executing VM operation: ParallelGCFailedAllocation
Event: 4437.874 Executing VM operation: ParallelGCFailedAllocation done
Event: 4437.947 Executing VM operation: ParallelGCFailedAllocation
Event: 4437.958 Executing VM operation: ParallelGCFailedAllocation done
Event: 4438.062 Executing VM operation: ParallelGCFailedAllocation
Event: 4438.083 Executing VM operation: ParallelGCFailedAllocation done
Event: 4438.200 Executing VM operation: ParallelGCFailedAllocation
Event: 4438.205 Executing VM operation: ParallelGCFailedAllocation done
Event: 4438.278 Executing VM operation: ParallelGCFailedAllocation
Event: 4438.284 Executing VM operation: ParallelGCFailedAllocation done
Event: 4438.387 Executing VM operation: ParallelGCFailedAllocation

Events (20 events):
Event: 4432.818 Thread 0x0000024441415b60 flushing nmethod 0x0000024430ca9890
Event: 4432.819 Thread 0x0000024441415b60 flushing nmethod 0x0000024430cf3510
Event: 4432.819 Thread 0x0000024441415b60 flushing nmethod 0x0000024430cf5390
Event: 4432.819 Thread 0x0000024441415b60 flushing nmethod 0x0000024430d95910
Event: 4432.820 Thread 0x0000024441415b60 flushing nmethod 0x0000024430de6690
Event: 4432.820 Thread 0x0000024441415b60 flushing nmethod 0x0000024430df0190
Event: 4432.820 Thread 0x0000024441415b60 flushing nmethod 0x0000024430e70190
Event: 4432.822 Thread 0x0000024441415b60 flushing nmethod 0x0000024430ff2490
Event: 4432.822 Thread 0x0000024441415b60 flushing nmethod 0x0000024430ff9590
Event: 4432.823 Thread 0x0000024441415b60 flushing nmethod 0x000002443107a010
Event: 4433.219 Thread 0x0000024456e53bb0 Thread added: 0x0000024456e53bb0
Event: 4433.929 Thread 0x0000024456e4e040 Thread added: 0x0000024456e4e040
Event: 4433.930 Thread 0x00000244432b2750 Thread added: 0x00000244432b2750
Event: 4433.943 Thread 0x0000024456e4e040 Thread exited: 0x0000024456e4e040
Event: 4434.666 Thread 0x0000024456e553c0 Thread added: 0x0000024456e553c0
Event: 4434.766 Thread 0x0000024456e553c0 Thread exited: 0x0000024456e553c0
Event: 4435.077 Thread 0x0000024456e53bb0 Thread exited: 0x0000024456e53bb0
Event: 4436.091 Thread 0x00000244432b2750 Thread exited: 0x00000244432b2750
Event: 4436.513 Thread 0x0000024456e53bb0 Thread added: 0x0000024456e53bb0
Event: 4437.942 Thread 0x00000244432b2750 Thread added: 0x00000244432b2750


Dynamic libraries:
0x00007ff6cf000000 - 0x00007ff6cf00e000 	c:\Users\Larry\.vscode\extensions\redhat.java-1.13.0-win32-x64\jre\17.0.5-win32-x86_64\bin\java.exe
0x00007ffde7830000 - 0x00007ffde7a28000 	C:\WINDOWS\SYSTEM32\ntdll.dll
0x00007ffde6be0000 - 0x00007ffde6c9f000 	C:\WINDOWS\System32\KERNEL32.DLL
0x00007ffde5110000 - 0x00007ffde53e2000 	C:\WINDOWS\System32\KERNELBASE.dll
0x00007ffde54f0000 - 0x00007ffde55f0000 	C:\WINDOWS\System32\ucrtbase.dll
0x00007ffde0690000 - 0x00007ffde06a7000 	c:\Users\Larry\.vscode\extensions\redhat.java-1.13.0-win32-x64\jre\17.0.5-win32-x86_64\bin\jli.dll
0x00007ffde7060000 - 0x00007ffde71fd000 	C:\WINDOWS\System32\USER32.dll
0x00007ffde4f80000 - 0x00007ffde4fa2000 	C:\WINDOWS\System32\win32u.dll
0x00007ffde6a80000 - 0x00007ffde6aab000 	C:\WINDOWS\System32\GDI32.dll
0x00007ffde5770000 - 0x00007ffde587f000 	C:\WINDOWS\System32\gdi32full.dll
0x00007ffde56d0000 - 0x00007ffde576d000 	C:\WINDOWS\System32\msvcp_win.dll
0x00007ffde0670000 - 0x00007ffde0689000 	c:\Users\Larry\.vscode\extensions\redhat.java-1.13.0-win32-x64\jre\17.0.5-win32-x86_64\bin\VCRUNTIME140.dll
0x00007ffde4280000 - 0x00007ffde451a000 	C:\WINDOWS\WinSxS\amd64_microsoft.windows.common-controls_6595b64144ccf1df_6.0.19041.1110_none_60b5254171f9507e\COMCTL32.dll
0x00007ffde6080000 - 0x00007ffde611e000 	C:\WINDOWS\System32\msvcrt.dll
0x00007ffde6dd0000 - 0x00007ffde6e02000 	C:\WINDOWS\System32\IMM32.DLL
0x00007ffde06c0000 - 0x00007ffde06cc000 	c:\Users\Larry\.vscode\extensions\redhat.java-1.13.0-win32-x64\jre\17.0.5-win32-x86_64\bin\vcruntime140_1.dll
0x00007ffdd0b10000 - 0x00007ffdd0ba1000 	c:\Users\Larry\.vscode\extensions\redhat.java-1.13.0-win32-x64\jre\17.0.5-win32-x86_64\bin\msvcp140.dll
0x00007ffd91280000 - 0x00007ffd91ec4000 	c:\Users\Larry\.vscode\extensions\redhat.java-1.13.0-win32-x64\jre\17.0.5-win32-x86_64\bin\server\jvm.dll
0x00007ffde6ab0000 - 0x00007ffde6b5e000 	C:\WINDOWS\System32\ADVAPI32.dll
0x00007ffde6e10000 - 0x00007ffde6eac000 	C:\WINDOWS\System32\sechost.dll
0x00007ffde6330000 - 0x00007ffde6455000 	C:\WINDOWS\System32\RPCRT4.dll
0x00007ffdc3ca0000 - 0x00007ffdc3ca9000 	C:\WINDOWS\SYSTEM32\WSOCK32.dll
0x00007ffde6b70000 - 0x00007ffde6bdb000 	C:\WINDOWS\System32\WS2_32.dll
0x00007ffdc4470000 - 0x00007ffdc4497000 	C:\WINDOWS\SYSTEM32\WINMM.dll
0x00007ffde1c30000 - 0x00007ffde1c3a000 	C:\WINDOWS\SYSTEM32\VERSION.dll
0x00007ffde1fc0000 - 0x00007ffde1fd2000 	C:\WINDOWS\SYSTEM32\kernel.appcore.dll
0x00007ffde0660000 - 0x00007ffde066a000 	c:\Users\Larry\.vscode\extensions\redhat.java-1.13.0-win32-x64\jre\17.0.5-win32-x86_64\bin\jimage.dll
0x00007ffde48a0000 - 0x00007ffde4a84000 	C:\WINDOWS\SYSTEM32\DBGHELP.DLL
0x00007ffde47d0000 - 0x00007ffde47fc000 	C:\WINDOWS\SYSTEM32\dbgcore.DLL
0x00007ffde53f0000 - 0x00007ffde5472000 	C:\WINDOWS\System32\bcryptPrimitives.dll
0x00007ffde0610000 - 0x00007ffde061e000 	c:\Users\Larry\.vscode\extensions\redhat.java-1.13.0-win32-x64\jre\17.0.5-win32-x86_64\bin\instrument.dll
0x00007ffdd2280000 - 0x00007ffdd22a5000 	c:\Users\Larry\.vscode\extensions\redhat.java-1.13.0-win32-x64\jre\17.0.5-win32-x86_64\bin\java.dll
0x00007ffddeff0000 - 0x00007ffddf008000 	c:\Users\Larry\.vscode\extensions\redhat.java-1.13.0-win32-x64\jre\17.0.5-win32-x86_64\bin\zip.dll
0x00007ffde5880000 - 0x00007ffde5fc3000 	C:\WINDOWS\System32\SHELL32.dll
0x00007ffde21c0000 - 0x00007ffde2952000 	C:\WINDOWS\SYSTEM32\windows.storage.dll
0x00007ffde6720000 - 0x00007ffde6a74000 	C:\WINDOWS\System32\combase.dll
0x00007ffde41e0000 - 0x00007ffde4210000 	C:\WINDOWS\SYSTEM32\Wldp.dll
0x00007ffde6120000 - 0x00007ffde61cd000 	C:\WINDOWS\System32\SHCORE.dll
0x00007ffde7200000 - 0x00007ffde7255000 	C:\WINDOWS\System32\shlwapi.dll
0x00007ffde4e70000 - 0x00007ffde4e8f000 	C:\WINDOWS\SYSTEM32\profapi.dll
0x00007ffddefb0000 - 0x00007ffddefc9000 	C:\Users\Larry\.vscode\extensions\redhat.java-1.13.0-win32-x64\jre\17.0.5-win32-x86_64\bin\net.dll
0x00007ffdd6a90000 - 0x00007ffdd6b9c000 	C:\WINDOWS\SYSTEM32\WINHTTP.dll
0x00007ffde4110000 - 0x00007ffde417a000 	C:\WINDOWS\system32\mswsock.dll
0x00007ffddef70000 - 0x00007ffddef85000 	C:\Users\Larry\.vscode\extensions\redhat.java-1.13.0-win32-x64\jre\17.0.5-win32-x86_64\bin\nio.dll
0x00007ffde0600000 - 0x00007ffde0610000 	c:\Users\Larry\.vscode\extensions\redhat.java-1.13.0-win32-x64\jre\17.0.5-win32-x86_64\bin\verify.dll
0x00007ffdcf4c0000 - 0x00007ffdcf4fe000 	C:\Users\Larry\AppData\Roaming\Code\User\globalStorage\redhat.java\1.13.0\config_win\org.eclipse.equinox.launcher\org.eclipse.equinox.launcher.win32.win32.x86_64_1.2.600.v20220720-1916\eclipse_11700.dll
0x00007ffde6ca0000 - 0x00007ffde6dca000 	C:\WINDOWS\System32\ole32.dll
0x00007ffde4cc0000 - 0x00007ffde4cd8000 	C:\WINDOWS\SYSTEM32\CRYPTSP.dll
0x00007ffde3940000 - 0x00007ffde3974000 	C:\WINDOWS\system32\rsaenh.dll
0x00007ffde55f0000 - 0x00007ffde5617000 	C:\WINDOWS\System32\bcrypt.dll
0x00007ffde4e30000 - 0x00007ffde4e5e000 	C:\WINDOWS\SYSTEM32\USERENV.dll
0x00007ffde41a0000 - 0x00007ffde41ac000 	C:\WINDOWS\SYSTEM32\CRYPTBASE.dll
0x00007ffde3cb0000 - 0x00007ffde3ceb000 	C:\WINDOWS\SYSTEM32\IPHLPAPI.DLL
0x00007ffde7310000 - 0x00007ffde7318000 	C:\WINDOWS\System32\NSI.dll
0x00007ffddae60000 - 0x00007ffddae77000 	C:\WINDOWS\SYSTEM32\dhcpcsvc6.DLL
0x00007ffddada0000 - 0x00007ffddadbd000 	C:\WINDOWS\SYSTEM32\dhcpcsvc.DLL
0x00007ffde3cf0000 - 0x00007ffde3dba000 	C:\WINDOWS\SYSTEM32\DNSAPI.dll
0x00007ffdbc820000 - 0x00007ffdbc860000 	C:\Users\Larry\AppData\Local\Temp\jna-73190532\jna8484988582306663758.dll
0x00007ffde6250000 - 0x00007ffde6258000 	C:\WINDOWS\System32\PSAPI.DLL
0x00007ffde00f0000 - 0x00007ffde00fe000 	C:\Users\Larry\.vscode\extensions\redhat.java-1.13.0-win32-x64\jre\17.0.5-win32-x86_64\bin\sunmscapi.dll
0x00007ffde4fb0000 - 0x00007ffde5106000 	C:\WINDOWS\System32\CRYPT32.dll
0x00007ffde4250000 - 0x00007ffde4277000 	C:\WINDOWS\SYSTEM32\ncrypt.dll
0x00007ffde4210000 - 0x00007ffde424b000 	C:\WINDOWS\SYSTEM32\NTASN1.dll
0x000000005a750000 - 0x000000005a776000 	C:\Program Files\Bonjour\mdnsNSP.dll
0x00007ffdd5230000 - 0x00007ffdd523a000 	C:\Windows\System32\rasadhlp.dll
0x00007ffdd52c0000 - 0x00007ffdd5340000 	C:\WINDOWS\System32\fwpuclnt.dll

dbghelp: loaded successfully - version: 4.0.5 - missing functions: none
symbol engine: initialized successfully - sym options: 0x614 - pdb path: .;c:\Users\Larry\.vscode\extensions\redhat.java-1.13.0-win32-x64\jre\17.0.5-win32-x86_64\bin;C:\WINDOWS\SYSTEM32;C:\WINDOWS\WinSxS\amd64_microsoft.windows.common-controls_6595b64144ccf1df_6.0.19041.1110_none_60b5254171f9507e;c:\Users\Larry\.vscode\extensions\redhat.java-1.13.0-win32-x64\jre\17.0.5-win32-x86_64\bin\server;C:\Users\Larry\AppData\Roaming\Code\User\globalStorage\redhat.java\1.13.0\config_win\org.eclipse.equinox.launcher\org.eclipse.equinox.launcher.win32.win32.x86_64_1.2.600.v20220720-1916;C:\Users\Larry\AppData\Local\Temp\jna-73190532;C:\Program Files\Bonjour

VM Arguments:
jvm_args: --add-modules=ALL-SYSTEM --add-opens=java.base/java.util=ALL-UNNAMED --add-opens=java.base/java.lang=ALL-UNNAMED --add-opens=java.base/sun.nio.fs=ALL-UNNAMED -Declipse.application=org.eclipse.jdt.ls.core.id1 -Dosgi.bundles.defaultStartLevel=4 -Declipse.product=org.eclipse.jdt.ls.core.product -Djava.import.generatesMetadataFilesAtProjectRoot=false -Dfile.encoding=utf8 -XX:+UseParallelGC -XX:GCTimeRatio=4 -XX:AdaptiveSizePolicyWeight=90 -Dsun.zip.disableMemoryMapping=true -Xmx1G -Xms100m -Xlog:disable -javaagent:c:\Users\Larry\.vscode\extensions\redhat.java-1.13.0-win32-x64\lombok\lombok-1.18.24.jar -XX:+HeapDumpOnOutOfMemoryError -XX:HeapDumpPath=c:\Users\Larry\AppData\Roaming\Code\User\workspaceStorage\f0b13cb4d3e2f7545f0c28ad31166e20\redhat.java 
java_command: c:\Users\Larry\.vscode\extensions\redhat.java-1.13.0-win32-x64\server\plugins\org.eclipse.equinox.launcher_1.6.400.v20210924-0641.jar -configuration c:\Users\Larry\AppData\Roaming\Code\User\globalStorage\redhat.java\1.13.0\config_win -data c:\Users\Larry\AppData\Roaming\Code\User\workspaceStorage\f0b13cb4d3e2f7545f0c28ad31166e20\redhat.java\jdt_ws
java_class_path (initial): c:\Users\Larry\.vscode\extensions\redhat.java-1.13.0-win32-x64\server\plugins\org.eclipse.equinox.launcher_1.6.400.v20210924-0641.jar
Launcher Type: SUN_STANDARD

[Global flags]
    uintx AdaptiveSizePolicyWeight                 = 90                                        {product} {command line}
     intx CICompilerCount                          = 3                                         {product} {ergonomic}
    uintx GCTimeRatio                              = 4                                         {product} {command line}
     bool HeapDumpOnOutOfMemoryError               = true                                   {manageable} {command line}
    ccstr HeapDumpPath                             = c:\Users\Larry\AppData\Roaming\Code\User\workspaceStorage\f0b13cb4d3e2f7545f0c28ad31166e20\redhat.java         {manageable} {command line}
   size_t InitialHeapSize                          = 104857600                                 {product} {command line}
   size_t MaxHeapSize                              = 1073741824                                {product} {command line}
   size_t MaxNewSize                               = 357564416                                 {product} {ergonomic}
   size_t MinHeapDeltaBytes                        = 524288                                    {product} {ergonomic}
   size_t MinHeapSize                              = 104857600                                 {product} {command line}
   size_t NewSize                                  = 34603008                                  {product} {ergonomic}
    uintx NonNMethodCodeHeapSize                   = 5832780                                {pd product} {ergonomic}
    uintx NonProfiledCodeHeapSize                  = 122912730                              {pd product} {ergonomic}
   size_t OldSize                                  = 70254592                                  {product} {ergonomic}
    uintx ProfiledCodeHeapSize                     = 122912730                              {pd product} {ergonomic}
    uintx ReservedCodeCacheSize                    = 251658240                              {pd product} {ergonomic}
     bool SegmentedCodeCache                       = true                                      {product} {ergonomic}
   size_t SoftMaxHeapSize                          = 1073741824                             {manageable} {ergonomic}
     bool UseCompressedClassPointers               = true                           {product lp64_product} {ergonomic}
     bool UseCompressedOops                        = true                           {product lp64_product} {ergonomic}
     bool UseLargePagesIndividualAllocation        = false                                  {pd product} {ergonomic}
     bool UseParallelGC                            = true                                      {product} {command line}

Logging:
Log output configuration:
 #0: stdout all=off uptime,level,tags
 #1: stderr all=off uptime,level,tags

Environment Variables:
JAVA_HOME=C:\dev2\java\Zulu\zulu-11
PATH=C:\dev2\java\temp\bin\;C:\dev\java\bin;C:\Program Files (x86)\Razer Chroma SDK\bin;C:\Program Files\Razer Chroma SDK\bin;C:\Program Files (x86)\Razer\ChromaBroadcast\bin;C:\Program Files\Razer\ChromaBroadcast\bin;C:\Program Files (x86)\Common Files\Oracle\Java\javapath;C:\dev2\java\Zulu\zulu-11\bin\;C:\dev2\python\python38\Scripts\;C:\dev2\python\python38\;C:\WINDOWS\system32;C:\WINDOWS;C:\WINDOWS\System32\Wbem;C:\WINDOWS\System32\WindowsPowerShell\v1.0\;C:\WINDOWS\System32\OpenSSH\;C:\dev2\java\editor\jEdit;c:\dev2\nano\;C:\dev2\javascript\nodejs\;C:\dev2\TortoiseGit\bin;C:\Program Files\Docker\Docker\resources\bin;C:\ProgramData\DockerDesktop\version-bin;C:\Program Files (x86)\Microsoft SQL Server\150\DTS\Binn\;C:\Program Files\Azure Data Studio\bin;C:\Program Files\Amazon\AWSCLIV2\;C:\dev2\traefik2.4.2;C:\dev2\git\cmd;C:\WINDOWS\system32\config\systemprofile\AppData\Local\Microsoft\WindowsApps;C:\Program Files\dotnet\;c:\dev\bin;C:\Users\Larry\AppData\Local\Microsoft\WindowsApps;C:\dev2\vscode\bin;C:\Users\Larry\AppData\Roaming\npm;c:\dev\putty;C:\dev2\java\ide\idea3\bin;;C:\Program Files\Azure Data Studio\bin;c:\dev2\java\Zulu\zulu-11\bin;C:\dev2\java\android-sdk-windows\platform-tools;C:\dev2\codeblocks\MinGW\bin;C:\dev2\basic\FreeBASIC-1.07.3-win64;c:\dev2\codeblocks\MinGW\bin;;C:\Program Files\JetBrains\WebStorm 2021.3.1\bin;
USERNAME=Larry
OS=Windows_NT
PROCESSOR_IDENTIFIER=Intel64 Family 6 Model 69 Stepping 1, GenuineIntel
TMP=C:\Users\Larry\AppData\Local\Temp
TEMP=C:\Users\Larry\AppData\Local\Temp



---------------  S Y S T E M  ---------------

OS:
 Windows 10 , 64 bit Build 19041 (10.0.19041.2251)
OS uptime: 7 days 2:30 hours
Hyper-V role detected

CPU: total 4 (initial active 4) (2 cores per cpu, 2 threads per core) family 6 model 69 stepping 1 microcode 0x25, cx8, cmov, fxsr, ht, mmx, sse, sse2, sse3, ssse3, sse4.1, sse4.2, popcnt, lzcnt, tsc, tscinvbit, avx, avx2, aes, erms, clmul, bmi1, bmi2, fma, vzeroupper, clflush, hv

Memory: 4k page, system-wide physical 16311M (5981M free)
TotalPageFile size 26039M (AvailPageFile size 10149M)
current process WorkingSet (physical memory assigned to process): 560M, peak: 569M
current process commit charge ("private bytes"): 546M, peak: 565M

vm_info: OpenJDK 64-Bit Server VM (17.0.5+8) for windows-amd64 JRE (17.0.5+8), built on Oct 19 2022 04:48:13 by "temurin" with MS VC++ 16.7 (VS2019)

END.
