#
# A fatal error has been detected by the Java Runtime Environment:
#
#  EXCEPTION_ACCESS_VIOLATION (0xc0000005) at pc=0x00007ffd9128c950, pid=57624, tid=44852
#
# JRE version: OpenJDK Runtime Environment Temurin-17.0.5+8 (17.0.5+8) (build 17.0.5+8)
# Java VM: OpenJDK 64-Bit Server VM Temurin-17.0.5+8 (17.0.5+8, mixed mode, tiered, compressed oops, compressed class ptrs, parallel gc, windows-amd64)
# Problematic frame:
# V  [jvm.dll+0xc950]
#
# No core dump will be written. Minidumps are not enabled by default on client versions of Windows
#
# If you would like to submit a bug report, please visit:
#   https://github.com/adoptium/adoptium-support/issues
#

---------------  S U M M A R Y ------------

Command Line: --add-modules=ALL-SYSTEM --add-opens=java.base/java.util=ALL-UNNAMED --add-opens=java.base/java.lang=ALL-UNNAMED --add-opens=java.base/sun.nio.fs=ALL-UNNAMED -Declipse.application=org.eclipse.jdt.ls.core.id1 -Dosgi.bundles.defaultStartLevel=4 -Declipse.product=org.eclipse.jdt.ls.core.product -Djava.import.generatesMetadataFilesAtProjectRoot=false -Dfile.encoding=utf8 -XX:+UseParallelGC -XX:GCTimeRatio=4 -XX:AdaptiveSizePolicyWeight=90 -Dsun.zip.disableMemoryMapping=true -Xmx1G -Xms100m -Xlog:disable -javaagent:c:\Users\Larry\.vscode\extensions\redhat.java-1.13.0-win32-x64\lombok\lombok-1.18.24.jar -XX:+HeapDumpOnOutOfMemoryError -XX:HeapDumpPath=c:\Users\Larry\AppData\Roaming\Code\User\workspaceStorage\f0b13cb4d3e2f7545f0c28ad31166e20\redhat.java c:\Users\Larry\.vscode\extensions\redhat.java-1.13.0-win32-x64\server\plugins\org.eclipse.equinox.launcher_1.6.400.v20210924-0641.jar -configuration c:\Users\Larry\AppData\Roaming\Code\User\globalStorage\redhat.java\1.13.0\config_win -data c:\Users\Larry\AppData\Roaming\Code\User\workspaceStorage\f0b13cb4d3e2f7545f0c28ad31166e20\redhat.java\jdt_ws

Host: Intel(R) Core(TM) i3-4030U CPU @ 1.90GHz, 4 cores, 15G,  Windows 10 , 64 bit Build 19041 (10.0.19041.2251)
Time: Mon Dec  5 18:25:30 2022 Central Standard Time elapsed time: 1465.013400 seconds (0d 0h 24m 25s)

---------------  T H R E A D  ---------------

Current thread (0x0000026062cd1020):  GCTaskThread "GC Thread#1" [stack: 0x0000009c85700000,0x0000009c85800000] [id=44852]

Stack: [0x0000009c85700000,0x0000009c85800000],  sp=0x0000009c857ffbb8,  free space=1022k
Native frames: (J=compiled Java code, j=interpreted, Vv=VM code, C=native code)
V  [jvm.dll+0xc950]


siginfo: EXCEPTION_ACCESS_VIOLATION (0xc0000005), reading address 0x0000000000000100


Register to memory mapping:

RIP=0x00007ffd9128c950 jvm.dll
RAX=0x0 is NULL
RBX=0x0000000000000001 is an unknown value
RCX=0x0000000100440ba0 is pointing into metadata
RDX=0x00000000eb562618 points into unknown readable memory: 0x0000000000000001 | 01 00 00 00 00 00 00 00
RSP=0x0000009c857ffbb8 points into unknown readable memory: 0x00007ffd91933486 | 86 34 93 91 fd 7f 00 00
RBP=0x0000009c857ffc38 points into unknown readable memory: 0x000000000000000c | 0c 00 00 00 00 00 00 00
RSI=0x00000000cae87504 is pointing into object: [Ljava.lang.Object; 
{0x00000000cae1f408} - klass: 'java/lang/Object'[]
 - length: 112955
RDI=0x00000260608f5000 points into unknown readable memory: 0x00007ffd91c2cfb8 | b8 cf c2 91 fd 7f 00 00
R8 =0x0000000100440ba0 is pointing into metadata
R9 =0x0000000000000001 is an unknown value
R10=0x0 is NULL
R11=0x00000260608f5000 points into unknown readable memory: 0x00007ffd91c2cfb8 | b8 cf c2 91 fd 7f 00 00
R12=0x0 is NULL
R13=0x0000000000000010 is an unknown value
R14=0x00000000eb562618 points into unknown readable memory: 0x0000000000000001 | 01 00 00 00 00 00 00 00
R15=0x00000260608f5000 points into unknown readable memory: 0x00007ffd91c2cfb8 | b8 cf c2 91 fd 7f 00 00


Registers:
RAX=0x0000000000000000, RBX=0x0000000000000001, RCX=0x0000000100440ba0, RDX=0x00000000eb562618
RSP=0x0000009c857ffbb8, RBP=0x0000009c857ffc38, RSI=0x00000000cae87504, RDI=0x00000260608f5000
R8 =0x0000000100440ba0, R9 =0x0000000000000001, R10=0x0000000000000000, R11=0x00000260608f5000
R12=0x0000000000000000, R13=0x0000000000000010, R14=0x00000000eb562618, R15=0x00000260608f5000
RIP=0x00007ffd9128c950, EFLAGS=0x0000000000010246

Top of Stack: (sp=0x0000009c857ffbb8)
0x0000009c857ffbb8:   00007ffd91933486 0000000000000000
0x0000009c857ffbc8:   000000000000000f 0000009c857ffc88
0x0000009c857ffbd8:   0000000000000005 00007ffd91c2c1b0
0x0000009c857ffbe8:   000002604caffa40 00000000caecd908
0x0000009c857ffbf8:   0000000000000400 00000000cae93110
0x0000009c857ffc08:   00007ffd91933990 00000000cad4ffe8
0x0000009c857ffc18:   00000000cad50050 00000000caecd908
0x0000009c857ffc28:   0000000000000400 0000000000000010
0x0000009c857ffc38:   000000000000000c 0000000000000000
0x0000009c857ffc48:   0000000000000000 00000000cae87504
0x0000009c857ffc58:   0000000000000001 0000000000000000
0x0000009c857ffc68:   00007ffd91934380 00000260608f5000
0x0000009c857ffc78:   00007ffd91c2c1b0 0000000000000001
0x0000009c857ffc88:   0000009c84afeed8 00066a3d00015c82
0x0000009c857ffc98:   0000000000000005 0000009c84afef30
0x0000009c857ffca8:   0000009c84afeed8 0000000000000000 

Instructions: (pc=0x00007ffd9128c950)
0x00007ffd9128c850:   8b d0 48 85 c0 74 20 48 8b c7 f0 48 0f b1 13 74
0x00007ffd9128c860:   16 48 85 05 00 81 b9 00 74 0d 48 8b c8 f0 48 0f
0x00007ffd9128c870:   b1 13 48 3b c1 75 ea 48 8b 5c 24 30 48 8b c2 48
0x00007ffd9128c880:   83 c4 20 5f c3 cc cc cc cc cc cc cc cc cc cc cc
0x00007ffd9128c890:   4c 8b 01 4c 8b c9 48 8b 0d f3 a2 b4 00 ba 64 60
0x00007ffd9128c8a0:   08 00 e9 c9 f1 ff ff cc cc cc cc cc cc cc cc cc
0x00007ffd9128c8b0:   8b 05 32 ea ae 00 c3 cc cc cc cc cc cc cc cc cc
0x00007ffd9128c8c0:   0f b6 05 38 ab b5 00 48 8b d1 84 c0 74 16 44 8b
0x00007ffd9128c8d0:   41 08 8b 0d 10 ea ae 00 49 d3 e0 4c 03 05 fe e9
0x00007ffd9128c8e0:   ae 00 eb 04 4c 8b 41 08 45 8b 50 08 45 85 d2 7e
0x00007ffd9128c8f0:   0e 41 f6 c2 01 75 53 41 c1 fa 03 41 8b c2 c3 79
0x00007ffd9128c900:   49 84 c0 b9 10 00 00 00 8b 05 16 f9 ae 00 41 b8
0x00007ffd9128c910:   0c 00 00 00 41 0f 45 c8 ff c8 4c 63 c8 48 63 14
0x00007ffd9128c920:   11 41 8b ca 83 e1 3f 48 d3 e2 41 8b ca 48 c1 f9
0x00007ffd9128c930:   10 0f b6 c1 49 8d 0c 11 49 f7 d1 48 03 c1 49 c1
0x00007ffd9128c940:   e9 03 48 c1 e8 03 41 23 c1 c3 49 8b 00 49 8b c8
0x00007ffd9128c950:   48 ff a0 00 01 00 00 cc cc cc cc cc cc cc cc cc
0x00007ffd9128c960:   8b 44 24 30 45 03 c9 44 2b 4c 24 28 83 c0 0b 44
0x00007ffd9128c970:   03 ca 45 03 c8 41 03 c1 c3 cc cc cc cc cc cc cc
0x00007ffd9128c980:   4c 8b ca 48 8b d1 45 8b 41 08 45 85 c0 7e 0e 41
0x00007ffd9128c990:   f6 c0 01 75 56 41 c1 f8 03 41 8b c0 c3 79 4c 80
0x00007ffd9128c9a0:   3d 59 aa b5 00 00 b8 0c 00 00 00 b9 10 00 00 00
0x00007ffd9128c9b0:   0f 45 c8 8b 05 6b f8 ae 00 ff c8 4c 63 c8 48 63
0x00007ffd9128c9c0:   14 11 41 8b c8 83 e1 3f 48 d3 e2 41 8b c8 48 c1
0x00007ffd9128c9d0:   f9 10 0f b6 c1 49 8d 0c 11 49 f7 d1 48 03 c1 49
0x00007ffd9128c9e0:   c1 e9 03 48 c1 e8 03 41 23 c1 c3 49 8b 01 49 8b
0x00007ffd9128c9f0:   c9 48 ff a0 00 01 00 00 cc cc cc cc cc cc cc cc
0x00007ffd9128ca00:   48 8b 41 08 0f b7 48 2a 0f b7 40 28 83 c0 48 03
0x00007ffd9128ca10:   c1 c3 cc cc cc cc cc cc cc cc cc cc cc cc cc cc
0x00007ffd9128ca20:   48 89 5c 24 08 57 48 83 ec 20 0f b6 05 3f 87 b9
0x00007ffd9128ca30:   00 48 8b fa 48 8b d9 84 c0 74 4f 48 85 15 26 7f
0x00007ffd9128ca40:   b9 00 74 38 48 8b ca e8 c4 5b 85 00 48 8b d0 48 


Stack slot to memory mapping:
stack at sp + 0 slots: 0x00007ffd91933486 jvm.dll
stack at sp + 1 slots: 0x0 is NULL
stack at sp + 2 slots: 0x000000000000000f is an unknown value
stack at sp + 3 slots: 0x0000009c857ffc88 points into unknown readable memory: 0x0000009c84afeed8 | d8 ee af 84 9c 00 00 00
stack at sp + 4 slots: 0x0000000000000005 is an unknown value
stack at sp + 5 slots: 0x00007ffd91c2c1b0 jvm.dll
stack at sp + 6 slots: 0x000002604caffa40 points into unknown readable memory: 0x00007ffd91c2dd20 | 20 dd c2 91 fd 7f 00 00
stack at sp + 7 slots: 0x00000000caecd908 is an oop: [C 
{0x00000000caecd908} - klass: {type array char}
 - length: 50


---------------  P R O C E S S  ---------------

Threads class SMR info:
_java_thread_list=0x0000026063ae9030, length=35, elements={
0x000002604caee990, 0x0000026060911730, 0x0000026060914160, 0x000002606093a670,
0x000002606093b3f0, 0x000002606093df80, 0x000002606093f9b0, 0x00000260609405a0,
0x000002606097eaa0, 0x000002606231ff00, 0x00000260623acfb0, 0x000002606250d230,
0x0000026062d764d0, 0x0000026062ab07e0, 0x0000026062c1f010, 0x0000026062b56040,
0x0000026062600580, 0x00000260625fdf00, 0x00000260625fd090, 0x00000260625fe8a0,
0x00000260625fe3d0, 0x00000260625ffbe0, 0x00000260626000b0, 0x00000260627e1140,
0x00000260627e4630, 0x00000260627e1fb0, 0x00000260627e0c70, 0x00000260625fed70,
0x0000026065644b70, 0x0000026065645040, 0x0000026065642020, 0x00000260656424f0,
0x0000026065643830, 0x00000260656441d0, 0x00000260627e4160
}

Java Threads: ( => current thread )
  0x000002604caee990 JavaThread "main" [_thread_blocked, id=24948, stack(0x0000009c84800000,0x0000009c84900000)]
  0x0000026060911730 JavaThread "Reference Handler" daemon [_thread_blocked, id=1304, stack(0x0000009c84b00000,0x0000009c84c00000)]
  0x0000026060914160 JavaThread "Finalizer" daemon [_thread_blocked, id=56620, stack(0x0000009c84c00000,0x0000009c84d00000)]
  0x000002606093a670 JavaThread "Signal Dispatcher" daemon [_thread_blocked, id=53132, stack(0x0000009c84d00000,0x0000009c84e00000)]
  0x000002606093b3f0 JavaThread "Attach Listener" daemon [_thread_blocked, id=16932, stack(0x0000009c84e00000,0x0000009c84f00000)]
  0x000002606093df80 JavaThread "Service Thread" daemon [_thread_blocked, id=46160, stack(0x0000009c84f00000,0x0000009c85000000)]
  0x000002606093f9b0 JavaThread "Monitor Deflation Thread" daemon [_thread_blocked, id=59348, stack(0x0000009c85000000,0x0000009c85100000)]
  0x00000260609405a0 JavaThread "C2 CompilerThread0" daemon [_thread_blocked, id=59712, stack(0x0000009c85100000,0x0000009c85200000)]
  0x000002606097eaa0 JavaThread "C1 CompilerThread0" daemon [_thread_blocked, id=56804, stack(0x0000009c85200000,0x0000009c85300000)]
  0x000002606231ff00 JavaThread "Sweeper thread" daemon [_thread_blocked, id=50504, stack(0x0000009c85300000,0x0000009c85400000)]
  0x00000260623acfb0 JavaThread "Common-Cleaner" daemon [_thread_blocked, id=27404, stack(0x0000009c85400000,0x0000009c85500000)]
  0x000002606250d230 JavaThread "Notification Thread" daemon [_thread_blocked, id=61088, stack(0x0000009c85500000,0x0000009c85600000)]
  0x0000026062d764d0 JavaThread "Active Thread: Equinox Container: 5ac0f356-dc3d-4cfa-a9e0-59bda81e3d59" [_thread_blocked, id=26192, stack(0x0000009c85e00000,0x0000009c85f00000)]
  0x0000026062ab07e0 JavaThread "Framework Event Dispatcher: Equinox Container: 5ac0f356-dc3d-4cfa-a9e0-59bda81e3d59" daemon [_thread_blocked, id=44488, stack(0x0000009c85f00000,0x0000009c86000000)]
  0x0000026062c1f010 JavaThread "Start Level: Equinox Container: 5ac0f356-dc3d-4cfa-a9e0-59bda81e3d59" daemon [_thread_blocked, id=23812, stack(0x0000009c86000000,0x0000009c86100000)]
  0x0000026062b56040 JavaThread "Refresh Thread: Equinox Container: 5ac0f356-dc3d-4cfa-a9e0-59bda81e3d59" daemon [_thread_blocked, id=15796, stack(0x0000009c86100000,0x0000009c86200000)]
  0x0000026062600580 JavaThread "SCR Component Actor" daemon [_thread_blocked, id=2392, stack(0x0000009c86300000,0x0000009c86400000)]
  0x00000260625fdf00 JavaThread "Worker-JM" [_thread_blocked, id=56736, stack(0x0000009c86400000,0x0000009c86500000)]
  0x00000260625fd090 JavaThread "Bundle File Closer" daemon [_thread_blocked, id=55900, stack(0x0000009c86500000,0x0000009c86600000)]
  0x00000260625fe8a0 JavaThread "Java indexing" daemon [_thread_blocked, id=7616, stack(0x0000009c86200000,0x0000009c86300000)]
  0x00000260625fe3d0 JavaThread "JNA Cleaner" daemon [_thread_blocked, id=1280, stack(0x0000009c85b00000,0x0000009c85c00000)]
  0x00000260625ffbe0 JavaThread "pool-2-thread-1" [_thread_blocked, id=53828, stack(0x0000009c85d00000,0x0000009c85e00000)]
  0x00000260626000b0 JavaThread "pool-1-thread-1" [_thread_blocked, id=23444, stack(0x0000009c86800000,0x0000009c86900000)]
  0x00000260627e1140 JavaThread "ForkJoinPool.commonPool-worker-1" daemon [_thread_blocked, id=24668, stack(0x0000009c86900000,0x0000009c86a00000)]
  0x00000260627e4630 JavaThread "ForkJoinPool.commonPool-worker-4" daemon [_thread_blocked, id=23904, stack(0x0000009c84600000,0x0000009c84700000)]
  0x00000260627e1fb0 JavaThread "ForkJoinPool.commonPool-worker-5" daemon [_thread_blocked, id=21104, stack(0x0000009c85a00000,0x0000009c85b00000)]
  0x00000260627e0c70 JavaThread "ForkJoinPool.commonPool-worker-9" daemon [_thread_blocked, id=21200, stack(0x0000009c86f00000,0x0000009c87000000)]
  0x00000260625fed70 JavaThread "Worker-9" [_thread_blocked, id=52768, stack(0x0000009c86700000,0x0000009c86800000)]
  0x0000026065644b70 JavaThread "Worker-12" [_thread_blocked, id=43440, stack(0x0000009c86d00000,0x0000009c86e00000)]
  0x0000026065645040 JavaThread "pool-1-thread-4" [_thread_blocked, id=27212, stack(0x0000009c84700000,0x0000009c84800000)]
  0x0000026065642020 JavaThread "Worker-13" [_thread_blocked, id=45696, stack(0x0000009c85c00000,0x0000009c85d00000)]
  0x00000260656424f0 JavaThread "pool-1-thread-5" [_thread_blocked, id=51212, stack(0x0000009c86600000,0x0000009c86700000)]
  0x0000026065643830 JavaThread "pool-1-thread-6" [_thread_blocked, id=59396, stack(0x0000009c86a00000,0x0000009c86b00000)]
  0x00000260656441d0 JavaThread "pool-1-thread-7" [_thread_blocked, id=60300, stack(0x0000009c86e00000,0x0000009c86f00000)]
  0x00000260627e4160 JavaThread "pool-1-thread-8" [_thread_blocked, id=8780, stack(0x0000009c87100000,0x0000009c87200000)]

Other Threads:
  0x00000260608fb750 VMThread "VM Thread" [stack: 0x0000009c84a00000,0x0000009c84b00000] [id=55028]
  0x000002606250d700 WatcherThread [stack: 0x0000009c85600000,0x0000009c85700000] [id=52300]
  0x000002604cb06b00 GCTaskThread "GC Thread#0" [stack: 0x0000009c84900000,0x0000009c84a00000] [id=10120]
=>0x0000026062cd1020 GCTaskThread "GC Thread#1" [stack: 0x0000009c85700000,0x0000009c85800000] [id=44852]
  0x0000026062c297b0 GCTaskThread "GC Thread#2" [stack: 0x0000009c85800000,0x0000009c85900000] [id=15504]
  0x0000026062c29a60 GCTaskThread "GC Thread#3" [stack: 0x0000009c85900000,0x0000009c85a00000] [id=27128]

Threads with active compile tasks:
C2 CompilerThread0  1465148 18617       4       org.eclipse.jdt.internal.compiler.parser.diagnose.DiagnoseParser::checkPrimaryDistance (1152 bytes)

VM state: at safepoint (normal execution)

VM Mutex/Monitor currently owned by a thread:  ([mutex/lock_event])
[0x000002604caea480] Threads_lock - owner thread: 0x00000260608fb750
[0x000002604caec010] Heap_lock - owner thread: 0x00000260625fe8a0

Heap address: 0x00000000c0000000, size: 1024 MB, Compressed Oops mode: 32-bit

CDS archive(s) not mapped
Compressed class space mapped at: 0x0000000100000000-0x0000000140000000, reserved size: 1073741824
Narrow klass base: 0x0000000000000000, Narrow klass shift: 3, Narrow klass range: 0x140000000

GC Precious Log:
 CPUs: 4 total, 4 available
 Memory: 16311M
 Large Page Support: Disabled
 NUMA Support: Disabled
 Compressed Oops: Enabled (32-bit)
 Alignments: Space 512K, Generation 512K, Heap 2M
 Heap Min Capacity: 100M
 Heap Initial Capacity: 100M
 Heap Max Capacity: 1G
 Pre-touch: Disabled
 Parallel Workers: 4

Heap:
 PSYoungGen      total 15360K, used 15216K [0x00000000eab00000, 0x00000000ebd80000, 0x0000000100000000)
  eden space 13312K, 100% used [0x00000000eab00000,0x00000000eb800000,0x00000000eb800000)
  from space 2048K, 92% used [0x00000000ebb80000,0x00000000ebd5c010,0x00000000ebd80000)
  to   space 2560K, 99% used [0x00000000eb880000,0x00000000ebafa510,0x00000000ebb00000)
 ParOldGen       total 200704K, used 181974K [0x00000000c0000000, 0x00000000cc400000, 0x00000000eab00000)
  object space 200704K, 90% used [0x00000000c0000000,0x00000000cb1b5908,0x00000000cc400000)
 Metaspace       used 81702K, committed 82624K, reserved 1130496K
  class space    used 8200K, committed 8576K, reserved 1048576K

Card table byte_map: [0x000002604c4a0000,0x000002604c6b0000] _byte_map_base: 0x000002604bea0000

Marking Bits: (ParMarkBitMap*) 0x00007ffd91e00dd0
 Begin Bits: [0x000002605e780000, 0x000002605f780000)
 End Bits:   [0x000002605f780000, 0x0000026060780000)

Polling page: 0x000002604a9c0000

Metaspace:

Usage:
  Non-class:     71.78 MB used.
      Class:      8.01 MB used.
       Both:     79.79 MB used.

Virtual space:
  Non-class space:       80.00 MB reserved,      72.31 MB ( 90%) committed,  10 nodes.
      Class space:        1.00 GB reserved,       8.38 MB ( <1%) committed,  1 nodes.
             Both:        1.08 GB reserved,      80.69 MB (  7%) committed. 

Chunk freelists:
   Non-Class:  3.52 MB
       Class:  3.46 MB
        Both:  6.97 MB

MaxMetaspaceSize: unlimited
CompressedClassSpaceSize: 1.00 GB
Initial GC threshold: 21.00 MB
Current GC threshold: 134.31 MB
CDS: off
MetaspaceReclaimPolicy: balanced
 - commit_granule_bytes: 65536.
 - commit_granule_words: 8192.
 - virtual_space_node_default_size: 1048576.
 - enlarge_chunks_in_place: 1.
 - new_chunks_are_fully_committed: 0.
 - uncommit_free_chunks: 1.
 - use_allocation_guard: 0.
 - handle_deallocations: 1.


Internal statistics:

num_allocs_failed_limit: 9.
num_arena_births: 586.
num_arena_deaths: 84.
num_vsnodes_births: 11.
num_vsnodes_deaths: 0.
num_space_committed: 1291.
num_space_uncommitted: 0.
num_chunks_returned_to_freelist: 103.
num_chunks_taken_from_freelist: 3776.
num_chunk_merges: 36.
num_chunk_splits: 2383.
num_chunks_enlarged: 1454.
num_purges: 6.
num_inconsistent_stats: 0.

CodeHeap 'non-profiled nmethods': size=120000Kb used=14813Kb max_used=14813Kb free=105186Kb
 bounds [0x0000026057250000, 0x00000260580e0000, 0x000002605e780000]
CodeHeap 'profiled nmethods': size=120000Kb used=31872Kb max_used=32402Kb free=88127Kb
 bounds [0x000002604fd20000, 0x0000026051cf0000, 0x0000026057250000]
CodeHeap 'non-nmethods': size=5760Kb used=1421Kb max_used=1525Kb free=4338Kb
 bounds [0x000002604f780000, 0x000002604f9f0000, 0x000002604fd20000]
 total_blobs=14642 nmethods=13870 adapters=683
 compilation: enabled
              stopped_count=0, restarted_count=0
 full_count=0

Compilation events (20 events):
Event: 1464.511 Thread 0x00000260609405a0 18609       4       org.eclipse.jdt.internal.core.ModuleUpdater::getUpdates (14 bytes)
Event: 1464.515 Thread 0x000002606097eaa0 nmethod 18608 0x0000026050e49310 code [0x0000026050e49840, 0x0000026050e4c238]
Event: 1464.533 Thread 0x00000260609405a0 nmethod 18609 0x000002605800dd90 code [0x000002605800df40, 0x000002605800e598]
Event: 1464.806 Thread 0x000002606097eaa0 18610       3       org.eclipse.jdt.core.Signature::getElementType (32 bytes)
Event: 1464.807 Thread 0x000002606097eaa0 nmethod 18610 0x000002605184bf90 code [0x000002605184c180, 0x000002605184c768]
Event: 1464.807 Thread 0x00000260609405a0 18611       4       org.eclipse.jdt.internal.compiler.ast.CompilationUnitDeclaration::<init> (44 bytes)
Event: 1464.808 Thread 0x00000260609405a0 nmethod 18611 0x0000026057f45490 code [0x0000026057f45600, 0x0000026057f456b8]
Event: 1464.809 Thread 0x000002606097eaa0 18612       3       org.eclipse.jdt.internal.compiler.parser.AbstractCommentParser::verifySpaceOrEndComment (146 bytes)
Event: 1464.810 Thread 0x000002606097eaa0 nmethod 18612 0x000002605184b190 code [0x000002605184b3c0, 0x000002605184bce8]
Event: 1464.814 Thread 0x000002606097eaa0 18613       3       org.jsoup.nodes.Element::<init> (8 bytes)
Event: 1464.815 Thread 0x000002606097eaa0 nmethod 18613 0x000002605184a290 code [0x000002605184a4c0, 0x000002605184ae18]
Event: 1464.819 Thread 0x00000260609405a0 18614       4       org.eclipse.jdt.core.JavaConventions::validateClassFileName (157 bytes)
Event: 1464.821 Thread 0x000002606097eaa0 18615       3       org.eclipse.jdt.core.Signature::getElementType (28 bytes)
Event: 1464.822 Thread 0x000002606097eaa0 nmethod 18615 0x0000026051736c10 code [0x0000026051736e00, 0x00000260517371f8]
Event: 1464.822 Thread 0x000002606097eaa0 18616       1       org.eclipse.lsp4j.CompletionItemCapabilities::getDocumentationFormat (5 bytes)
Event: 1464.822 Thread 0x000002606097eaa0 nmethod 18616 0x0000026057f44f10 code [0x0000026057f450a0, 0x0000026057f45178]
Event: 1464.875 Thread 0x00000260609405a0 nmethod 18614 0x0000026057afc510 code [0x0000026057afc720, 0x0000026057afd6d0]
Event: 1464.875 Thread 0x00000260609405a0 18617       4       org.eclipse.jdt.internal.compiler.parser.diagnose.DiagnoseParser::checkPrimaryDistance (1152 bytes)
Event: 1464.901 Thread 0x000002606097eaa0 18618       3       org.eclipse.jdt.internal.core.index.FileIndexLocation::fileName (8 bytes)
Event: 1464.901 Thread 0x000002606097eaa0 nmethod 18618 0x000002605145d390 code [0x000002605145d540, 0x000002605145d6a8]

GC Heap History (20 events):
Event: 1462.359 GC heap after
{Heap after GC invocations=1406 (full 45):
 PSYoungGen      total 20480K, used 4537K [0x00000000eab00000, 0x00000000ec380000, 0x0000000100000000)
  eden space 15872K, 0% used [0x00000000eab00000,0x00000000eab00000,0x00000000eba80000)
  from space 4608K, 98% used [0x00000000ebb80000,0x00000000ebfee780,0x00000000ec000000)
  to   space 3584K, 0% used [0x00000000ec000000,0x00000000ec000000,0x00000000ec380000)
 ParOldGen       total 200704K, used 170444K [0x00000000c0000000, 0x00000000cc400000, 0x00000000eab00000)
  object space 200704K, 84% used [0x00000000c0000000,0x00000000ca6732d0,0x00000000cc400000)
 Metaspace       used 81673K, committed 82624K, reserved 1130496K
  class space    used 8200K, committed 8576K, reserved 1048576K
}
Event: 1462.467 GC heap before
{Heap before GC invocations=1407 (full 45):
 PSYoungGen      total 20480K, used 18106K [0x00000000eab00000, 0x00000000ec380000, 0x0000000100000000)
  eden space 15872K, 85% used [0x00000000eab00000,0x00000000eb840198,0x00000000eba80000)
  from space 4608K, 98% used [0x00000000ebb80000,0x00000000ebfee780,0x00000000ec000000)
  to   space 3584K, 0% used [0x00000000ec000000,0x00000000ec000000,0x00000000ec380000)
 ParOldGen       total 200704K, used 170444K [0x00000000c0000000, 0x00000000cc400000, 0x00000000eab00000)
  object space 200704K, 84% used [0x00000000c0000000,0x00000000ca6732d0,0x00000000cc400000)
 Metaspace       used 81677K, committed 82624K, reserved 1130496K
  class space    used 8200K, committed 8576K, reserved 1048576K
}
Event: 1462.471 GC heap after
{Heap after GC invocations=1407 (full 45):
 PSYoungGen      total 19456K, used 3577K [0x00000000eab00000, 0x00000000ec480000, 0x0000000100000000)
  eden space 15872K, 0% used [0x00000000eab00000,0x00000000eab00000,0x00000000eba80000)
  from space 3584K, 99% used [0x00000000ec000000,0x00000000ec37e780,0x00000000ec380000)
  to   space 5120K, 0% used [0x00000000eba80000,0x00000000eba80000,0x00000000ebf80000)
 ParOldGen       total 200704K, used 171635K [0x00000000c0000000, 0x00000000cc400000, 0x00000000eab00000)
  object space 200704K, 85% used [0x00000000c0000000,0x00000000ca79cd60,0x00000000cc400000)
 Metaspace       used 81677K, committed 82624K, reserved 1130496K
  class space    used 8200K, committed 8576K, reserved 1048576K
}
Event: 1462.585 GC heap before
{Heap before GC invocations=1408 (full 45):
 PSYoungGen      total 19456K, used 19449K [0x00000000eab00000, 0x00000000ec480000, 0x0000000100000000)
  eden space 15872K, 100% used [0x00000000eab00000,0x00000000eba80000,0x00000000eba80000)
  from space 3584K, 99% used [0x00000000ec000000,0x00000000ec37e780,0x00000000ec380000)
  to   space 5120K, 0% used [0x00000000eba80000,0x00000000eba80000,0x00000000ebf80000)
 ParOldGen       total 200704K, used 171635K [0x00000000c0000000, 0x00000000cc400000, 0x00000000eab00000)
  object space 200704K, 85% used [0x00000000c0000000,0x00000000ca79cd60,0x00000000cc400000)
 Metaspace       used 81677K, committed 82624K, reserved 1130496K
  class space    used 8200K, committed 8576K, reserved 1048576K
}
Event: 1462.589 GC heap after
{Heap after GC invocations=1408 (full 45):
 PSYoungGen      total 20480K, used 4217K [0x00000000eab00000, 0x00000000ec380000, 0x0000000100000000)
  eden space 15872K, 0% used [0x00000000eab00000,0x00000000eab00000,0x00000000eba80000)
  from space 4608K, 91% used [0x00000000eba80000,0x00000000ebe9e780,0x00000000ebf00000)
  to   space 4608K, 0% used [0x00000000ebf00000,0x00000000ebf00000,0x00000000ec380000)
 ParOldGen       total 200704K, used 171635K [0x00000000c0000000, 0x00000000cc400000, 0x00000000eab00000)
  object space 200704K, 85% used [0x00000000c0000000,0x00000000ca79cd60,0x00000000cc400000)
 Metaspace       used 81677K, committed 82624K, reserved 1130496K
  class space    used 8200K, committed 8576K, reserved 1048576K
}
Event: 1462.634 GC heap before
{Heap before GC invocations=1409 (full 45):
 PSYoungGen      total 20480K, used 19243K [0x00000000eab00000, 0x00000000ec380000, 0x0000000100000000)
  eden space 15872K, 94% used [0x00000000eab00000,0x00000000eb9ac710,0x00000000eba80000)
  from space 4608K, 91% used [0x00000000eba80000,0x00000000ebe9e780,0x00000000ebf00000)
  to   space 4608K, 0% used [0x00000000ebf00000,0x00000000ebf00000,0x00000000ec380000)
 ParOldGen       total 200704K, used 171635K [0x00000000c0000000, 0x00000000cc400000, 0x00000000eab00000)
  object space 200704K, 85% used [0x00000000c0000000,0x00000000ca79cd60,0x00000000cc400000)
 Metaspace       used 81677K, committed 82624K, reserved 1130496K
  class space    used 8200K, committed 8576K, reserved 1048576K
}
Event: 1462.638 GC heap after
{Heap after GC invocations=1409 (full 45):
 PSYoungGen      total 20480K, used 4441K [0x00000000eab00000, 0x00000000ec380000, 0x0000000100000000)
  eden space 15872K, 0% used [0x00000000eab00000,0x00000000eab00000,0x00000000eba80000)
  from space 4608K, 96% used [0x00000000ebf00000,0x00000000ec356780,0x00000000ec380000)
  to   space 4608K, 0% used [0x00000000eba80000,0x00000000eba80000,0x00000000ebf00000)
 ParOldGen       total 200704K, used 171635K [0x00000000c0000000, 0x00000000cc400000, 0x00000000eab00000)
  object space 200704K, 85% used [0x00000000c0000000,0x00000000ca79cd60,0x00000000cc400000)
 Metaspace       used 81677K, committed 82624K, reserved 1130496K
  class space    used 8200K, committed 8576K, reserved 1048576K
}
Event: 1462.851 GC heap before
{Heap before GC invocations=1410 (full 45):
 PSYoungGen      total 20480K, used 17981K [0x00000000eab00000, 0x00000000ec380000, 0x0000000100000000)
  eden space 15872K, 85% used [0x00000000eab00000,0x00000000eb838f70,0x00000000eba80000)
  from space 4608K, 96% used [0x00000000ebf00000,0x00000000ec356780,0x00000000ec380000)
  to   space 4608K, 0% used [0x00000000eba80000,0x00000000eba80000,0x00000000ebf00000)
 ParOldGen       total 200704K, used 171635K [0x00000000c0000000, 0x00000000cc400000, 0x00000000eab00000)
  object space 200704K, 85% used [0x00000000c0000000,0x00000000ca79cd60,0x00000000cc400000)
 Metaspace       used 81678K, committed 82624K, reserved 1130496K
  class space    used 8200K, committed 8576K, reserved 1048576K
}
Event: 1462.855 GC heap after
{Heap after GC invocations=1410 (full 45):
 PSYoungGen      total 20480K, used 4594K [0x00000000eab00000, 0x00000000ec480000, 0x0000000100000000)
  eden space 15872K, 0% used [0x00000000eab00000,0x00000000eab00000,0x00000000eba80000)
  from space 4608K, 99% used [0x00000000eba80000,0x00000000ebefca78,0x00000000ebf00000)
  to   space 5120K, 0% used [0x00000000ebf80000,0x00000000ebf80000,0x00000000ec480000)
 ParOldGen       total 200704K, used 171908K [0x00000000c0000000, 0x00000000cc400000, 0x00000000eab00000)
  object space 200704K, 85% used [0x00000000c0000000,0x00000000ca7e12e8,0x00000000cc400000)
 Metaspace       used 81678K, committed 82624K, reserved 1130496K
  class space    used 8200K, committed 8576K, reserved 1048576K
}
Event: 1463.009 GC heap before
{Heap before GC invocations=1411 (full 45):
 PSYoungGen      total 20480K, used 20466K [0x00000000eab00000, 0x00000000ec480000, 0x0000000100000000)
  eden space 15872K, 100% used [0x00000000eab00000,0x00000000eba80000,0x00000000eba80000)
  from space 4608K, 99% used [0x00000000eba80000,0x00000000ebefca78,0x00000000ebf00000)
  to   space 5120K, 0% used [0x00000000ebf80000,0x00000000ebf80000,0x00000000ec480000)
 ParOldGen       total 200704K, used 171908K [0x00000000c0000000, 0x00000000cc400000, 0x00000000eab00000)
  object space 200704K, 85% used [0x00000000c0000000,0x00000000ca7e12e8,0x00000000cc400000)
 Metaspace       used 81688K, committed 82624K, reserved 1130496K
  class space    used 8200K, committed 8576K, reserved 1048576K
}
Event: 1463.015 GC heap after
{Heap after GC invocations=1411 (full 45):
 PSYoungGen      total 18432K, used 2448K [0x00000000eab00000, 0x00000000ec200000, 0x0000000100000000)
  eden space 15872K, 0% used [0x00000000eab00000,0x00000000eab00000,0x00000000eba80000)
  from space 2560K, 95% used [0x00000000ebf80000,0x00000000ec1e4010,0x00000000ec200000)
  to   space 3584K, 0% used [0x00000000ebb00000,0x00000000ebb00000,0x00000000ebe80000)
 ParOldGen       total 200704K, used 171916K [0x00000000c0000000, 0x00000000cc400000, 0x00000000eab00000)
  object space 200704K, 85% used [0x00000000c0000000,0x00000000ca7e32e8,0x00000000cc400000)
 Metaspace       used 81688K, committed 82624K, reserved 1130496K
  class space    used 8200K, committed 8576K, reserved 1048576K
}
Event: 1463.138 GC heap before
{Heap before GC invocations=1412 (full 45):
 PSYoungGen      total 18432K, used 18213K [0x00000000eab00000, 0x00000000ec200000, 0x0000000100000000)
  eden space 15872K, 99% used [0x00000000eab00000,0x00000000eba65650,0x00000000eba80000)
  from space 2560K, 95% used [0x00000000ebf80000,0x00000000ec1e4010,0x00000000ec200000)
  to   space 3584K, 0% used [0x00000000ebb00000,0x00000000ebb00000,0x00000000ebe80000)
 ParOldGen       total 200704K, used 171916K [0x00000000c0000000, 0x00000000cc400000, 0x00000000eab00000)
  object space 200704K, 85% used [0x00000000c0000000,0x00000000ca7e32e8,0x00000000cc400000)
 Metaspace       used 81690K, committed 82624K, reserved 1130496K
  class space    used 8200K, committed 8576K, reserved 1048576K
}
Event: 1463.142 GC heap after
{Heap after GC invocations=1412 (full 45):
 PSYoungGen      total 18944K, used 2761K [0x00000000eab00000, 0x00000000ec080000, 0x0000000100000000)
  eden space 15872K, 0% used [0x00000000eab00000,0x00000000eab00000,0x00000000eba80000)
  from space 3072K, 89% used [0x00000000ebb00000,0x00000000ebdb26c0,0x00000000ebe00000)
  to   space 2560K, 0% used [0x00000000ebe00000,0x00000000ebe00000,0x00000000ec080000)
 ParOldGen       total 200704K, used 174662K [0x00000000c0000000, 0x00000000cc400000, 0x00000000eab00000)
  object space 200704K, 87% used [0x00000000c0000000,0x00000000caa91a68,0x00000000cc400000)
 Metaspace       used 81690K, committed 82624K, reserved 1130496K
  class space    used 8200K, committed 8576K, reserved 1048576K
}
Event: 1463.275 GC heap before
{Heap before GC invocations=1413 (full 45):
 PSYoungGen      total 18944K, used 18628K [0x00000000eab00000, 0x00000000ec080000, 0x0000000100000000)
  eden space 15872K, 99% used [0x00000000eab00000,0x00000000eba7eb30,0x00000000eba80000)
  from space 3072K, 89% used [0x00000000ebb00000,0x00000000ebdb26c0,0x00000000ebe00000)
  to   space 2560K, 0% used [0x00000000ebe00000,0x00000000ebe00000,0x00000000ec080000)
 ParOldGen       total 200704K, used 174662K [0x00000000c0000000, 0x00000000cc400000, 0x00000000eab00000)
  object space 200704K, 87% used [0x00000000c0000000,0x00000000caa91a68,0x00000000cc400000)
 Metaspace       used 81690K, committed 82624K, reserved 1130496K
  class space    used 8200K, committed 8576K, reserved 1048576K
}
Event: 1463.280 GC heap after
{Heap after GC invocations=1413 (full 45):
 PSYoungGen      total 15872K, used 2537K [0x00000000eab00000, 0x00000000ec680000, 0x0000000100000000)
  eden space 13312K, 0% used [0x00000000eab00000,0x00000000eab00000,0x00000000eb800000)
  from space 2560K, 99% used [0x00000000ebe00000,0x00000000ec07a6c0,0x00000000ec080000)
  to   space 6144K, 0% used [0x00000000eb800000,0x00000000eb800000,0x00000000ebe00000)
 ParOldGen       total 200704K, used 177570K [0x00000000c0000000, 0x00000000cc400000, 0x00000000eab00000)
  object space 200704K, 88% used [0x00000000c0000000,0x00000000cad68ae8,0x00000000cc400000)
 Metaspace       used 81690K, committed 82624K, reserved 1130496K
  class space    used 8200K, committed 8576K, reserved 1048576K
}
Event: 1463.375 GC heap before
{Heap before GC invocations=1414 (full 45):
 PSYoungGen      total 15872K, used 15823K [0x00000000eab00000, 0x00000000ec680000, 0x0000000100000000)
  eden space 13312K, 99% used [0x00000000eab00000,0x00000000eb7f9850,0x00000000eb800000)
  from space 2560K, 99% used [0x00000000ebe00000,0x00000000ec07a6c0,0x00000000ec080000)
  to   space 6144K, 0% used [0x00000000eb800000,0x00000000eb800000,0x00000000ebe00000)
 ParOldGen       total 200704K, used 177570K [0x00000000c0000000, 0x00000000cc400000, 0x00000000eab00000)
  object space 200704K, 88% used [0x00000000c0000000,0x00000000cad68ae8,0x00000000cc400000)
 Metaspace       used 81692K, committed 82624K, reserved 1130496K
  class space    used 8200K, committed 8576K, reserved 1048576K
}
Event: 1463.382 GC heap after
{Heap after GC invocations=1414 (full 45):
 PSYoungGen      total 15872K, used 2256K [0x00000000eab00000, 0x00000000ebf00000, 0x0000000100000000)
  eden space 13312K, 0% used [0x00000000eab00000,0x00000000eab00000,0x00000000eb800000)
  from space 2560K, 88% used [0x00000000eb800000,0x00000000eba34010,0x00000000eba80000)
  to   space 3584K, 0% used [0x00000000ebb80000,0x00000000ebb80000,0x00000000ebf00000)
 ParOldGen       total 200704K, used 177802K [0x00000000c0000000, 0x00000000cc400000, 0x00000000eab00000)
  object space 200704K, 88% used [0x00000000c0000000,0x00000000cada2ae8,0x00000000cc400000)
 Metaspace       used 81692K, committed 82624K, reserved 1130496K
  class space    used 8200K, committed 8576K, reserved 1048576K
}
Event: 1464.266 GC heap before
{Heap before GC invocations=1415 (full 45):
 PSYoungGen      total 15872K, used 15568K [0x00000000eab00000, 0x00000000ebf00000, 0x0000000100000000)
  eden space 13312K, 100% used [0x00000000eab00000,0x00000000eb800000,0x00000000eb800000)
  from space 2560K, 88% used [0x00000000eb800000,0x00000000eba34010,0x00000000eba80000)
  to   space 3584K, 0% used [0x00000000ebb80000,0x00000000ebb80000,0x00000000ebf00000)
 ParOldGen       total 200704K, used 177802K [0x00000000c0000000, 0x00000000cc400000, 0x00000000eab00000)
  object space 200704K, 88% used [0x00000000c0000000,0x00000000cada2ae8,0x00000000cc400000)
 Metaspace       used 81697K, committed 82624K, reserved 1130496K
  class space    used 8200K, committed 8576K, reserved 1048576K
}
Event: 1464.271 GC heap after
{Heap after GC invocations=1415 (full 45):
 PSYoungGen      total 15360K, used 1904K [0x00000000eab00000, 0x00000000ebd80000, 0x0000000100000000)
  eden space 13312K, 0% used [0x00000000eab00000,0x00000000eab00000,0x00000000eb800000)
  from space 2048K, 92% used [0x00000000ebb80000,0x00000000ebd5c010,0x00000000ebd80000)
  to   space 2560K, 0% used [0x00000000eb880000,0x00000000eb880000,0x00000000ebb00000)
 ParOldGen       total 200704K, used 177802K [0x00000000c0000000, 0x00000000cc400000, 0x00000000eab00000)
  object space 200704K, 88% used [0x00000000c0000000,0x00000000cada2ae8,0x00000000cc400000)
 Metaspace       used 81697K, committed 82624K, reserved 1130496K
  class space    used 8200K, committed 8576K, reserved 1048576K
}
Event: 1464.987 GC heap before
{Heap before GC invocations=1416 (full 45):
 PSYoungGen      total 15360K, used 15216K [0x00000000eab00000, 0x00000000ebd80000, 0x0000000100000000)
  eden space 13312K, 100% used [0x00000000eab00000,0x00000000eb800000,0x00000000eb800000)
  from space 2048K, 92% used [0x00000000ebb80000,0x00000000ebd5c010,0x00000000ebd80000)
  to   space 2560K, 0% used [0x00000000eb880000,0x00000000eb880000,0x00000000ebb00000)
 ParOldGen       total 200704K, used 177802K [0x00000000c0000000, 0x00000000cc400000, 0x00000000eab00000)
  object space 200704K, 88% used [0x00000000c0000000,0x00000000cada2ae8,0x00000000cc400000)
 Metaspace       used 81702K, committed 82624K, reserved 1130496K
  class space    used 8200K, committed 8576K, reserved 1048576K
}

Dll operation events (11 events):
Event: 0.096 Loaded shared library c:\Users\Larry\.vscode\extensions\redhat.java-1.13.0-win32-x64\jre\17.0.5-win32-x86_64\bin\java.dll
Event: 1.065 Loaded shared library c:\Users\Larry\.vscode\extensions\redhat.java-1.13.0-win32-x64\jre\17.0.5-win32-x86_64\bin\zip.dll
Event: 1.074 Loaded shared library C:\Users\Larry\.vscode\extensions\redhat.java-1.13.0-win32-x64\jre\17.0.5-win32-x86_64\bin\instrument.dll
Event: 1.356 Loaded shared library C:\Users\Larry\.vscode\extensions\redhat.java-1.13.0-win32-x64\jre\17.0.5-win32-x86_64\bin\net.dll
Event: 1.432 Loaded shared library C:\Users\Larry\.vscode\extensions\redhat.java-1.13.0-win32-x64\jre\17.0.5-win32-x86_64\bin\nio.dll
Event: 1.465 Loaded shared library C:\Users\Larry\.vscode\extensions\redhat.java-1.13.0-win32-x64\jre\17.0.5-win32-x86_64\bin\zip.dll
Event: 1.527 Loaded shared library C:\Users\Larry\.vscode\extensions\redhat.java-1.13.0-win32-x64\jre\17.0.5-win32-x86_64\bin\jimage.dll
Event: 1.897 Loaded shared library c:\Users\Larry\.vscode\extensions\redhat.java-1.13.0-win32-x64\jre\17.0.5-win32-x86_64\bin\verify.dll
Event: 16.925 Loaded shared library C:\Users\Larry\AppData\Roaming\Code\User\globalStorage\redhat.java\1.13.0\config_win\org.eclipse.equinox.launcher\org.eclipse.equinox.launcher.win32.win32.x86_64_1.2.600.v20220720-1916\eclipse_11700.dll
Event: 39.482 Loaded shared library C:\Users\Larry\AppData\Local\Temp\jna-73190532\jna7814068243322623086.dll
Event: 46.142 Loaded shared library C:\Users\Larry\.vscode\extensions\redhat.java-1.13.0-win32-x64\jre\17.0.5-win32-x86_64\bin\sunmscapi.dll

Deoptimization events (20 events):
Event: 1459.930 Thread 0x00000260656424f0 DEOPT PACKING pc=0x00000260514bb6a9 sp=0x0000009c866fdbb0
Event: 1459.930 Thread 0x00000260656424f0 DEOPT UNPACKING pc=0x000002604f7d2843 sp=0x0000009c866fd028 mode 0
Event: 1459.931 Thread 0x00000260656424f0 DEOPT PACKING pc=0x00000260514bb6a9 sp=0x0000009c866fdbb0
Event: 1459.934 Thread 0x00000260656424f0 DEOPT UNPACKING pc=0x000002604f7d2843 sp=0x0000009c866fd028 mode 0
Event: 1459.952 Thread 0x0000026065645040 Uncommon trap: trap_request=0xffffff45 fr.pc=0x000002605748b80c relative=0x00000000000027ec
Event: 1459.952 Thread 0x0000026065645040 Uncommon trap: reason=unstable_if action=reinterpret pc=0x000002605748b80c method=org.eclipse.jdt.internal.compiler.parser.Scanner.internalScanIdentifierOrKeyword(II[C)I @ 4698 c2
Event: 1459.952 Thread 0x0000026065645040 DEOPT PACKING pc=0x000002605748b80c sp=0x0000009c847fdf70
Event: 1459.952 Thread 0x0000026065645040 DEOPT UNPACKING pc=0x000002604f7d20a3 sp=0x0000009c847fdf18 mode 2
Event: 1459.973 Thread 0x0000026065645040 Uncommon trap: trap_request=0xffffffde fr.pc=0x00000260574c8624 relative=0x0000000000001524
Event: 1459.973 Thread 0x0000026065645040 Uncommon trap: reason=class_check action=maybe_recompile pc=0x00000260574c8624 method=org.eclipse.jdt.internal.compiler.parser.Parser.consumeRule(I)V @ 6279 c2
Event: 1459.973 Thread 0x0000026065645040 DEOPT PACKING pc=0x00000260574c8624 sp=0x0000009c847fe110
Event: 1459.973 Thread 0x0000026065645040 DEOPT UNPACKING pc=0x000002604f7d20a3 sp=0x0000009c847fe098 mode 2
Event: 1459.973 Thread 0x0000026065645040 Uncommon trap: trap_request=0xffffffde fr.pc=0x00000260574c8624 relative=0x0000000000001524
Event: 1459.973 Thread 0x0000026065645040 Uncommon trap: reason=class_check action=maybe_recompile pc=0x00000260574c8624 method=org.eclipse.jdt.internal.compiler.parser.Parser.consumeRule(I)V @ 6279 c2
Event: 1459.973 Thread 0x0000026065645040 DEOPT PACKING pc=0x00000260574c8624 sp=0x0000009c847fe110
Event: 1459.974 Thread 0x0000026065645040 DEOPT UNPACKING pc=0x000002604f7d20a3 sp=0x0000009c847fe098 mode 2
Event: 1463.016 Thread 0x00000260656424f0 DEOPT PACKING pc=0x000002604ffad041 sp=0x0000009c866fdd40
Event: 1463.016 Thread 0x00000260656424f0 DEOPT UNPACKING pc=0x000002604f7d2843 sp=0x0000009c866fd210 mode 0
Event: 1464.842 Thread 0x00000260627e4630 DEOPT PACKING pc=0x0000026051c414c6 sp=0x0000009c846fdaf0
Event: 1464.842 Thread 0x00000260627e4630 DEOPT UNPACKING pc=0x000002604f7d2843 sp=0x0000009c846fd000 mode 0

Classes unloaded (20 events):
Event: 1175.195 Thread 0x00000260608fb750 Unloading class 0x00000001001df000 'jdk/internal/reflect/GeneratedConstructorAccessor4'
Event: 1175.195 Thread 0x00000260608fb750 Unloading class 0x00000001001b2800 'java/lang/invoke/LambdaForm$MH+0x00000001001b2800'
Event: 1175.195 Thread 0x00000260608fb750 Unloading class 0x00000001001b2000 'java/lang/invoke/LambdaForm$MH+0x00000001001b2000'
Event: 1175.195 Thread 0x00000260608fb750 Unloading class 0x00000001001b1c00 'java/lang/invoke/LambdaForm$MH+0x00000001001b1c00'
Event: 1175.195 Thread 0x00000260608fb750 Unloading class 0x00000001001b1800 'java/lang/invoke/LambdaForm$MH+0x00000001001b1800'
Event: 1175.195 Thread 0x00000260608fb750 Unloading class 0x00000001001b1000 'java/lang/invoke/LambdaForm$MH+0x00000001001b1000'
Event: 1175.195 Thread 0x00000260608fb750 Unloading class 0x00000001001b0c00 'java/lang/invoke/LambdaForm$MH+0x00000001001b0c00'
Event: 1175.195 Thread 0x00000260608fb750 Unloading class 0x00000001001b0800 'java/lang/invoke/LambdaForm$MH+0x00000001001b0800'
Event: 1175.195 Thread 0x00000260608fb750 Unloading class 0x00000001001b0000 'java/lang/invoke/LambdaForm$MH+0x00000001001b0000'
Event: 1175.195 Thread 0x00000260608fb750 Unloading class 0x000000010015d000 'jdk/internal/reflect/GeneratedMethodAccessor5'
Event: 1175.195 Thread 0x00000260608fb750 Unloading class 0x000000010015cc00 'jdk/internal/reflect/GeneratedMethodAccessor4'
Event: 1175.195 Thread 0x00000260608fb750 Unloading class 0x000000010015c800 'jdk/internal/reflect/GeneratedMethodAccessor3'
Event: 1175.195 Thread 0x00000260608fb750 Unloading class 0x000000010015c400 'jdk/internal/reflect/GeneratedMethodAccessor2'
Event: 1175.195 Thread 0x00000260608fb750 Unloading class 0x000000010015c000 'jdk/internal/reflect/GeneratedMethodAccessor1'
Event: 1397.723 Thread 0x00000260608fb750 Unloading class 0x00000001005c8400 'jdk/internal/reflect/GeneratedConstructorAccessor31'
Event: 1397.723 Thread 0x00000260608fb750 Unloading class 0x0000000100519800 'jdk/internal/reflect/GeneratedConstructorAccessor30'
Event: 1397.723 Thread 0x00000260608fb750 Unloading class 0x0000000100519400 'jdk/internal/reflect/GeneratedConstructorAccessor29'
Event: 1397.723 Thread 0x00000260608fb750 Unloading class 0x0000000100518c00 'jdk/internal/reflect/GeneratedConstructorAccessor27'
Event: 1397.723 Thread 0x00000260608fb750 Unloading class 0x0000000100518800 'jdk/internal/reflect/GeneratedConstructorAccessor26'
Event: 1397.723 Thread 0x00000260608fb750 Unloading class 0x0000000100518400 'jdk/internal/reflect/GeneratedConstructorAccessor25'

Classes redefined (0 events):
No events

Internal exceptions (20 events):
Event: 1463.385 Thread 0x0000026065645040 Exception <a 'java/lang/ClassNotFoundException'{0x00000000eab414e8}: sun/net/www/protocol/jdt/Handler> (0x00000000eab414e8) 
thrown [s\src\hotspot\share\classfile\systemDictionary.cpp, line 256]
Event: 1463.386 Thread 0x0000026065645040 Exception <a 'java/lang/ClassNotFoundException'{0x00000000eab43428}: sun/net/www/protocol/jdt/Handler> (0x00000000eab43428) 
thrown [s\src\hotspot\share\classfile\systemDictionary.cpp, line 256]
Event: 1463.389 Thread 0x00000260656441d0 Exception <a 'java/lang/ClassNotFoundException'{0x00000000eabe62a8}: sun/net/www/protocol/jdt/Handler> (0x00000000eabe62a8) 
thrown [s\src\hotspot\share\classfile\systemDictionary.cpp, line 256]
Event: 1463.390 Thread 0x00000260656441d0 Exception <a 'java/lang/ClassNotFoundException'{0x00000000eabe8570}: sun/net/www/protocol/jdt/Handler> (0x00000000eabe8570) 
thrown [s\src\hotspot\share\classfile\systemDictionary.cpp, line 256]
Event: 1463.390 Thread 0x00000260656441d0 Exception <a 'java/lang/ClassNotFoundException'{0x00000000eabea838}: sun/net/www/protocol/jdt/Handler> (0x00000000eabea838) 
thrown [s\src\hotspot\share\classfile\systemDictionary.cpp, line 256]
Event: 1463.391 Thread 0x00000260656441d0 Exception <a 'java/lang/ClassNotFoundException'{0x00000000eabecb28}: sun/net/www/protocol/jdt/Handler> (0x00000000eabecb28) 
thrown [s\src\hotspot\share\classfile\systemDictionary.cpp, line 256]
Event: 1463.391 Thread 0x00000260656441d0 Exception <a 'java/lang/ClassNotFoundException'{0x00000000eabeedf0}: sun/net/www/protocol/jdt/Handler> (0x00000000eabeedf0) 
thrown [s\src\hotspot\share\classfile\systemDictionary.cpp, line 256]
Event: 1463.391 Thread 0x00000260656441d0 Exception <a 'java/lang/ClassNotFoundException'{0x00000000eabf10f0}: sun/net/www/protocol/jdt/Handler> (0x00000000eabf10f0) 
thrown [s\src\hotspot\share\classfile\systemDictionary.cpp, line 256]
Event: 1463.392 Thread 0x00000260656441d0 Exception <a 'java/lang/ClassNotFoundException'{0x00000000eabf33b8}: sun/net/www/protocol/jdt/Handler> (0x00000000eabf33b8) 
thrown [s\src\hotspot\share\classfile\systemDictionary.cpp, line 256]
Event: 1463.392 Thread 0x00000260656441d0 Exception <a 'java/lang/ClassNotFoundException'{0x00000000eac00720}: sun/net/www/protocol/jdt/Handler> (0x00000000eac00720) 
thrown [s\src\hotspot\share\classfile\systemDictionary.cpp, line 256]
Event: 1463.394 Thread 0x00000260656441d0 Exception <a 'java/lang/ClassNotFoundException'{0x00000000eac02a30}: sun/net/www/protocol/jdt/Handler> (0x00000000eac02a30) 
thrown [s\src\hotspot\share\classfile\systemDictionary.cpp, line 256]
Event: 1463.394 Thread 0x00000260656441d0 Exception <a 'java/lang/ClassNotFoundException'{0x00000000eac04cf8}: sun/net/www/protocol/jdt/Handler> (0x00000000eac04cf8) 
thrown [s\src\hotspot\share\classfile\systemDictionary.cpp, line 256]
Event: 1464.277 Thread 0x00000260656441d0 Exception <a 'java/lang/ClassNotFoundException'{0x00000000eab8cbc0}: sun/net/www/protocol/jdt/Handler> (0x00000000eab8cbc0) 
thrown [s\src\hotspot\share\classfile\systemDictionary.cpp, line 256]
Event: 1464.278 Thread 0x00000260656441d0 Exception <a 'java/lang/ClassNotFoundException'{0x00000000eab8eb00}: sun/net/www/protocol/jdt/Handler> (0x00000000eab8eb00) 
thrown [s\src\hotspot\share\classfile\systemDictionary.cpp, line 256]
Event: 1464.355 Thread 0x00000260656441d0 Exception <a 'java/lang/ClassNotFoundException'{0x00000000eacf5128}: sun/net/www/protocol/jdt/Handler> (0x00000000eacf5128) 
thrown [s\src\hotspot\share\classfile\systemDictionary.cpp, line 256]
Event: 1464.815 Thread 0x00000260656441d0 Exception <a 'java/lang/ClassNotFoundException'{0x00000000eb14bcb0}: sun/net/www/protocol/jdt/Handler> (0x00000000eb14bcb0) 
thrown [s\src\hotspot\share\classfile\systemDictionary.cpp, line 256]
Event: 1464.815 Thread 0x00000260656441d0 Exception <a 'java/lang/ClassNotFoundException'{0x00000000eb17bb00}: sun/net/www/protocol/jdt/Handler> (0x00000000eb17bb00) 
thrown [s\src\hotspot\share\classfile\systemDictionary.cpp, line 256]
Event: 1464.820 Thread 0x00000260656441d0 Exception <a 'java/lang/ClassNotFoundException'{0x00000000eb2486f0}: sun/net/www/protocol/jdt/Handler> (0x00000000eb2486f0) 
thrown [s\src\hotspot\share\classfile\systemDictionary.cpp, line 256]
Event: 1464.820 Thread 0x00000260656441d0 Exception <a 'java/lang/ClassNotFoundException'{0x00000000eb25a960}: sun/net/www/protocol/jdt/Handler> (0x00000000eb25a960) 
thrown [s\src\hotspot\share\classfile\systemDictionary.cpp, line 256]
Event: 1464.891 Thread 0x00000260625fe8a0 Exception <a 'sun/nio/fs/WindowsException'{0x00000000eafcf0d0}> (0x00000000eafcf0d0) 
thrown [s\src\hotspot\share\prims\jni.cpp, line 516]

VM Operations (20 events):
Event: 1462.366 Executing VM operation: ParallelGCFailedAllocation done
Event: 1462.408 Executing VM operation: ParallelGCFailedAllocation
Event: 1462.493 Executing VM operation: ParallelGCFailedAllocation done
Event: 1462.585 Executing VM operation: ParallelGCFailedAllocation
Event: 1462.589 Executing VM operation: ParallelGCFailedAllocation done
Event: 1462.634 Executing VM operation: ParallelGCFailedAllocation
Event: 1462.638 Executing VM operation: ParallelGCFailedAllocation done
Event: 1462.847 Executing VM operation: ParallelGCFailedAllocation
Event: 1462.870 Executing VM operation: ParallelGCFailedAllocation done
Event: 1462.994 Executing VM operation: ParallelGCFailedAllocation
Event: 1463.016 Executing VM operation: ParallelGCFailedAllocation done
Event: 1463.138 Executing VM operation: ParallelGCFailedAllocation
Event: 1463.142 Executing VM operation: ParallelGCFailedAllocation done
Event: 1463.275 Executing VM operation: ParallelGCFailedAllocation
Event: 1463.280 Executing VM operation: ParallelGCFailedAllocation done
Event: 1463.375 Executing VM operation: ParallelGCFailedAllocation
Event: 1463.382 Executing VM operation: ParallelGCFailedAllocation done
Event: 1464.266 Executing VM operation: ParallelGCFailedAllocation
Event: 1464.271 Executing VM operation: ParallelGCFailedAllocation done
Event: 1464.987 Executing VM operation: ParallelGCFailedAllocation

Events (20 events):
Event: 1454.299 Thread 0x00000260627def90 Thread exited: 0x00000260627def90
Event: 1455.933 Thread 0x00000260688dc290 Thread added: 0x00000260688dc290
Event: 1457.577 Thread 0x00000260688dc290 Thread exited: 0x00000260688dc290
Event: 1458.095 Thread 0x00000260688d9f20 Thread added: 0x00000260688d9f20
Event: 1458.598 Thread 0x00000260688d9f20 Thread exited: 0x00000260688d9f20
Event: 1459.753 Thread 0x00000260627dfe00 Thread added: 0x00000260627dfe00
Event: 1459.789 Thread 0x00000260627e4b00 Thread added: 0x00000260627e4b00
Event: 1459.789 Thread 0x00000260627def90 Thread added: 0x00000260627def90
Event: 1459.826 Thread 0x00000260627def90 Thread exited: 0x00000260627def90
Event: 1459.826 Thread 0x00000260627dfe00 Thread exited: 0x00000260627dfe00
Event: 1459.826 Thread 0x00000260627e4b00 Thread exited: 0x00000260627e4b00
Event: 1460.472 Thread 0x00000260688d85d0 Thread added: 0x00000260688d85d0
Event: 1461.656 Thread 0x00000260688d85d0 Thread exited: 0x00000260688d85d0
Event: 1461.950 Thread 0x00000260688da430 Thread added: 0x00000260688da430
Event: 1462.221 Thread 0x00000260627e4160 Thread added: 0x00000260627e4160
Event: 1462.592 Thread 0x00000260688da430 Thread exited: 0x00000260688da430
Event: 1463.369 Thread 0x00000260688d9f20 Thread added: 0x00000260688d9f20
Event: 1464.258 Thread 0x00000260688d9f20 Thread exited: 0x00000260688d9f20
Event: 1464.518 Thread 0x00000260627e2950 Thread added: 0x00000260627e2950
Event: 1464.534 Thread 0x00000260627e2950 Thread exited: 0x00000260627e2950


Dynamic libraries:
0x00007ff6cf000000 - 0x00007ff6cf00e000 	c:\Users\Larry\.vscode\extensions\redhat.java-1.13.0-win32-x64\jre\17.0.5-win32-x86_64\bin\java.exe
0x00007ffde7830000 - 0x00007ffde7a28000 	C:\WINDOWS\SYSTEM32\ntdll.dll
0x00007ffde6be0000 - 0x00007ffde6c9f000 	C:\WINDOWS\System32\KERNEL32.DLL
0x00007ffde5110000 - 0x00007ffde53e2000 	C:\WINDOWS\System32\KERNELBASE.dll
0x00007ffde54f0000 - 0x00007ffde55f0000 	C:\WINDOWS\System32\ucrtbase.dll
0x00007ffde0680000 - 0x00007ffde0697000 	c:\Users\Larry\.vscode\extensions\redhat.java-1.13.0-win32-x64\jre\17.0.5-win32-x86_64\bin\jli.dll
0x00007ffde7060000 - 0x00007ffde71fd000 	C:\WINDOWS\System32\USER32.dll
0x00007ffde4f80000 - 0x00007ffde4fa2000 	C:\WINDOWS\System32\win32u.dll
0x00007ffde6a80000 - 0x00007ffde6aab000 	C:\WINDOWS\System32\GDI32.dll
0x00007ffde5770000 - 0x00007ffde587f000 	C:\WINDOWS\System32\gdi32full.dll
0x00007ffde56d0000 - 0x00007ffde576d000 	C:\WINDOWS\System32\msvcp_win.dll
0x00007ffde0660000 - 0x00007ffde0679000 	c:\Users\Larry\.vscode\extensions\redhat.java-1.13.0-win32-x64\jre\17.0.5-win32-x86_64\bin\VCRUNTIME140.dll
0x00007ffde4280000 - 0x00007ffde451a000 	C:\WINDOWS\WinSxS\amd64_microsoft.windows.common-controls_6595b64144ccf1df_6.0.19041.1110_none_60b5254171f9507e\COMCTL32.dll
0x00007ffde6080000 - 0x00007ffde611e000 	C:\WINDOWS\System32\msvcrt.dll
0x00007ffde6dd0000 - 0x00007ffde6e02000 	C:\WINDOWS\System32\IMM32.DLL
0x00007ffde06c0000 - 0x00007ffde06cc000 	c:\Users\Larry\.vscode\extensions\redhat.java-1.13.0-win32-x64\jre\17.0.5-win32-x86_64\bin\vcruntime140_1.dll
0x00007ffdd0b10000 - 0x00007ffdd0ba1000 	c:\Users\Larry\.vscode\extensions\redhat.java-1.13.0-win32-x64\jre\17.0.5-win32-x86_64\bin\msvcp140.dll
0x00007ffd91280000 - 0x00007ffd91ec4000 	c:\Users\Larry\.vscode\extensions\redhat.java-1.13.0-win32-x64\jre\17.0.5-win32-x86_64\bin\server\jvm.dll
0x00007ffde6ab0000 - 0x00007ffde6b5e000 	C:\WINDOWS\System32\ADVAPI32.dll
0x00007ffde6e10000 - 0x00007ffde6eac000 	C:\WINDOWS\System32\sechost.dll
0x00007ffde6330000 - 0x00007ffde6455000 	C:\WINDOWS\System32\RPCRT4.dll
0x00007ffdc3ca0000 - 0x00007ffdc3ca9000 	C:\WINDOWS\SYSTEM32\WSOCK32.dll
0x00007ffde6b70000 - 0x00007ffde6bdb000 	C:\WINDOWS\System32\WS2_32.dll
0x00007ffdc4470000 - 0x00007ffdc4497000 	C:\WINDOWS\SYSTEM32\WINMM.dll
0x00007ffde1c30000 - 0x00007ffde1c3a000 	C:\WINDOWS\SYSTEM32\VERSION.dll
0x00007ffde1fc0000 - 0x00007ffde1fd2000 	C:\WINDOWS\SYSTEM32\kernel.appcore.dll
0x00007ffde0610000 - 0x00007ffde061a000 	c:\Users\Larry\.vscode\extensions\redhat.java-1.13.0-win32-x64\jre\17.0.5-win32-x86_64\bin\jimage.dll
0x00007ffde48a0000 - 0x00007ffde4a84000 	C:\WINDOWS\SYSTEM32\DBGHELP.DLL
0x00007ffde47d0000 - 0x00007ffde47fc000 	C:\WINDOWS\SYSTEM32\dbgcore.DLL
0x00007ffde53f0000 - 0x00007ffde5472000 	C:\WINDOWS\System32\bcryptPrimitives.dll
0x00007ffde0600000 - 0x00007ffde060e000 	c:\Users\Larry\.vscode\extensions\redhat.java-1.13.0-win32-x64\jre\17.0.5-win32-x86_64\bin\instrument.dll
0x00007ffdbc680000 - 0x00007ffdbc6a5000 	c:\Users\Larry\.vscode\extensions\redhat.java-1.13.0-win32-x64\jre\17.0.5-win32-x86_64\bin\java.dll
0x00007ffddeff0000 - 0x00007ffddf008000 	c:\Users\Larry\.vscode\extensions\redhat.java-1.13.0-win32-x64\jre\17.0.5-win32-x86_64\bin\zip.dll
0x00007ffde5880000 - 0x00007ffde5fc3000 	C:\WINDOWS\System32\SHELL32.dll
0x00007ffde21c0000 - 0x00007ffde2952000 	C:\WINDOWS\SYSTEM32\windows.storage.dll
0x00007ffde6720000 - 0x00007ffde6a74000 	C:\WINDOWS\System32\combase.dll
0x00007ffde41e0000 - 0x00007ffde4210000 	C:\WINDOWS\SYSTEM32\Wldp.dll
0x00007ffde6120000 - 0x00007ffde61cd000 	C:\WINDOWS\System32\SHCORE.dll
0x00007ffde7200000 - 0x00007ffde7255000 	C:\WINDOWS\System32\shlwapi.dll
0x00007ffde4e70000 - 0x00007ffde4e8f000 	C:\WINDOWS\SYSTEM32\profapi.dll
0x00007ffddc4e0000 - 0x00007ffddc4f9000 	C:\Users\Larry\.vscode\extensions\redhat.java-1.13.0-win32-x64\jre\17.0.5-win32-x86_64\bin\net.dll
0x00007ffdd6a90000 - 0x00007ffdd6b9c000 	C:\WINDOWS\SYSTEM32\WINHTTP.dll
0x00007ffde4110000 - 0x00007ffde417a000 	C:\WINDOWS\system32\mswsock.dll
0x00007ffddc2d0000 - 0x00007ffddc2e5000 	C:\Users\Larry\.vscode\extensions\redhat.java-1.13.0-win32-x64\jre\17.0.5-win32-x86_64\bin\nio.dll
0x00007ffddf0d0000 - 0x00007ffddf0e0000 	c:\Users\Larry\.vscode\extensions\redhat.java-1.13.0-win32-x64\jre\17.0.5-win32-x86_64\bin\verify.dll
0x00007ffdbc220000 - 0x00007ffdbc25e000 	C:\Users\Larry\AppData\Roaming\Code\User\globalStorage\redhat.java\1.13.0\config_win\org.eclipse.equinox.launcher\org.eclipse.equinox.launcher.win32.win32.x86_64_1.2.600.v20220720-1916\eclipse_11700.dll
0x00007ffde6ca0000 - 0x00007ffde6dca000 	C:\WINDOWS\System32\ole32.dll
0x00007ffde4cc0000 - 0x00007ffde4cd8000 	C:\WINDOWS\SYSTEM32\CRYPTSP.dll
0x00007ffde3940000 - 0x00007ffde3974000 	C:\WINDOWS\system32\rsaenh.dll
0x00007ffde55f0000 - 0x00007ffde5617000 	C:\WINDOWS\System32\bcrypt.dll
0x00007ffde4e30000 - 0x00007ffde4e5e000 	C:\WINDOWS\SYSTEM32\USERENV.dll
0x00007ffde41a0000 - 0x00007ffde41ac000 	C:\WINDOWS\SYSTEM32\CRYPTBASE.dll
0x00007ffde3cb0000 - 0x00007ffde3ceb000 	C:\WINDOWS\SYSTEM32\IPHLPAPI.DLL
0x00007ffde7310000 - 0x00007ffde7318000 	C:\WINDOWS\System32\NSI.dll
0x00007ffddae60000 - 0x00007ffddae77000 	C:\WINDOWS\SYSTEM32\dhcpcsvc6.DLL
0x00007ffddada0000 - 0x00007ffddadbd000 	C:\WINDOWS\SYSTEM32\dhcpcsvc.DLL
0x00007ffde3cf0000 - 0x00007ffde3dba000 	C:\WINDOWS\SYSTEM32\DNSAPI.dll
0x00007ffdbb8e0000 - 0x00007ffdbb920000 	C:\Users\Larry\AppData\Local\Temp\jna-73190532\jna7814068243322623086.dll
0x00007ffde6250000 - 0x00007ffde6258000 	C:\WINDOWS\System32\PSAPI.DLL
0x00007ffddf020000 - 0x00007ffddf02e000 	C:\Users\Larry\.vscode\extensions\redhat.java-1.13.0-win32-x64\jre\17.0.5-win32-x86_64\bin\sunmscapi.dll
0x00007ffde4fb0000 - 0x00007ffde5106000 	C:\WINDOWS\System32\CRYPT32.dll
0x00007ffde4250000 - 0x00007ffde4277000 	C:\WINDOWS\SYSTEM32\ncrypt.dll
0x00007ffde4210000 - 0x00007ffde424b000 	C:\WINDOWS\SYSTEM32\NTASN1.dll
0x000000005a750000 - 0x000000005a776000 	C:\Program Files\Bonjour\mdnsNSP.dll
0x00007ffdd5230000 - 0x00007ffdd523a000 	C:\Windows\System32\rasadhlp.dll
0x00007ffdd52c0000 - 0x00007ffdd5340000 	C:\WINDOWS\System32\fwpuclnt.dll

dbghelp: loaded successfully - version: 4.0.5 - missing functions: none
symbol engine: initialized successfully - sym options: 0x614 - pdb path: .;c:\Users\Larry\.vscode\extensions\redhat.java-1.13.0-win32-x64\jre\17.0.5-win32-x86_64\bin;C:\WINDOWS\SYSTEM32;C:\WINDOWS\WinSxS\amd64_microsoft.windows.common-controls_6595b64144ccf1df_6.0.19041.1110_none_60b5254171f9507e;c:\Users\Larry\.vscode\extensions\redhat.java-1.13.0-win32-x64\jre\17.0.5-win32-x86_64\bin\server;C:\Users\Larry\AppData\Roaming\Code\User\globalStorage\redhat.java\1.13.0\config_win\org.eclipse.equinox.launcher\org.eclipse.equinox.launcher.win32.win32.x86_64_1.2.600.v20220720-1916;C:\Users\Larry\AppData\Local\Temp\jna-73190532;C:\Program Files\Bonjour

VM Arguments:
jvm_args: --add-modules=ALL-SYSTEM --add-opens=java.base/java.util=ALL-UNNAMED --add-opens=java.base/java.lang=ALL-UNNAMED --add-opens=java.base/sun.nio.fs=ALL-UNNAMED -Declipse.application=org.eclipse.jdt.ls.core.id1 -Dosgi.bundles.defaultStartLevel=4 -Declipse.product=org.eclipse.jdt.ls.core.product -Djava.import.generatesMetadataFilesAtProjectRoot=false -Dfile.encoding=utf8 -XX:+UseParallelGC -XX:GCTimeRatio=4 -XX:AdaptiveSizePolicyWeight=90 -Dsun.zip.disableMemoryMapping=true -Xmx1G -Xms100m -Xlog:disable -javaagent:c:\Users\Larry\.vscode\extensions\redhat.java-1.13.0-win32-x64\lombok\lombok-1.18.24.jar -XX:+HeapDumpOnOutOfMemoryError -XX:HeapDumpPath=c:\Users\Larry\AppData\Roaming\Code\User\workspaceStorage\f0b13cb4d3e2f7545f0c28ad31166e20\redhat.java 
java_command: c:\Users\Larry\.vscode\extensions\redhat.java-1.13.0-win32-x64\server\plugins\org.eclipse.equinox.launcher_1.6.400.v20210924-0641.jar -configuration c:\Users\Larry\AppData\Roaming\Code\User\globalStorage\redhat.java\1.13.0\config_win -data c:\Users\Larry\AppData\Roaming\Code\User\workspaceStorage\f0b13cb4d3e2f7545f0c28ad31166e20\redhat.java\jdt_ws
java_class_path (initial): c:\Users\Larry\.vscode\extensions\redhat.java-1.13.0-win32-x64\server\plugins\org.eclipse.equinox.launcher_1.6.400.v20210924-0641.jar
Launcher Type: SUN_STANDARD

[Global flags]
    uintx AdaptiveSizePolicyWeight                 = 90                                        {product} {command line}
     intx CICompilerCount                          = 3                                         {product} {ergonomic}
    uintx GCTimeRatio                              = 4                                         {product} {command line}
     bool HeapDumpOnOutOfMemoryError               = true                                   {manageable} {command line}
    ccstr HeapDumpPath                             = c:\Users\Larry\AppData\Roaming\Code\User\workspaceStorage\f0b13cb4d3e2f7545f0c28ad31166e20\redhat.java         {manageable} {command line}
   size_t InitialHeapSize                          = 104857600                                 {product} {command line}
   size_t MaxHeapSize                              = 1073741824                                {product} {command line}
   size_t MaxNewSize                               = 357564416                                 {product} {ergonomic}
   size_t MinHeapDeltaBytes                        = 524288                                    {product} {ergonomic}
   size_t MinHeapSize                              = 104857600                                 {product} {command line}
   size_t NewSize                                  = 34603008                                  {product} {ergonomic}
    uintx NonNMethodCodeHeapSize                   = 5832780                                {pd product} {ergonomic}
    uintx NonProfiledCodeHeapSize                  = 122912730                              {pd product} {ergonomic}
   size_t OldSize                                  = 70254592                                  {product} {ergonomic}
    uintx ProfiledCodeHeapSize                     = 122912730                              {pd product} {ergonomic}
    uintx ReservedCodeCacheSize                    = 251658240                              {pd product} {ergonomic}
     bool SegmentedCodeCache                       = true                                      {product} {ergonomic}
   size_t SoftMaxHeapSize                          = 1073741824                             {manageable} {ergonomic}
     bool UseCompressedClassPointers               = true                           {product lp64_product} {ergonomic}
     bool UseCompressedOops                        = true                           {product lp64_product} {ergonomic}
     bool UseLargePagesIndividualAllocation        = false                                  {pd product} {ergonomic}
     bool UseParallelGC                            = true                                      {product} {command line}

Logging:
Log output configuration:
 #0: stdout all=off uptime,level,tags
 #1: stderr all=off uptime,level,tags

Environment Variables:
JAVA_HOME=C:\dev2\java\Zulu\zulu-11
PATH=C:\dev2\java\temp\bin\;C:\dev\java\bin;C:\Program Files (x86)\Razer Chroma SDK\bin;C:\Program Files\Razer Chroma SDK\bin;C:\Program Files (x86)\Razer\ChromaBroadcast\bin;C:\Program Files\Razer\ChromaBroadcast\bin;C:\Program Files (x86)\Common Files\Oracle\Java\javapath;C:\dev2\java\Zulu\zulu-11\bin\;C:\dev2\python\python38\Scripts\;C:\dev2\python\python38\;C:\WINDOWS\system32;C:\WINDOWS;C:\WINDOWS\System32\Wbem;C:\WINDOWS\System32\WindowsPowerShell\v1.0\;C:\WINDOWS\System32\OpenSSH\;C:\dev2\java\editor\jEdit;c:\dev2\nano\;C:\dev2\javascript\nodejs\;C:\dev2\TortoiseGit\bin;C:\Program Files\Docker\Docker\resources\bin;C:\ProgramData\DockerDesktop\version-bin;C:\Program Files (x86)\Microsoft SQL Server\150\DTS\Binn\;C:\Program Files\Azure Data Studio\bin;C:\Program Files\Amazon\AWSCLIV2\;C:\dev2\traefik2.4.2;C:\dev2\git\cmd;C:\WINDOWS\system32\config\systemprofile\AppData\Local\Microsoft\WindowsApps;C:\Program Files\dotnet\;c:\dev\bin;C:\Users\Larry\AppData\Local\Microsoft\WindowsApps;C:\dev2\vscode\bin;C:\Users\Larry\AppData\Roaming\npm;c:\dev\putty;C:\dev2\java\ide\idea3\bin;;C:\Program Files\Azure Data Studio\bin;c:\dev2\java\Zulu\zulu-11\bin;C:\dev2\java\android-sdk-windows\platform-tools;C:\dev2\codeblocks\MinGW\bin;C:\dev2\basic\FreeBASIC-1.07.3-win64;c:\dev2\codeblocks\MinGW\bin;;C:\Program Files\JetBrains\WebStorm 2021.3.1\bin;
USERNAME=Larry
OS=Windows_NT
PROCESSOR_IDENTIFIER=Intel64 Family 6 Model 69 Stepping 1, GenuineIntel
TMP=C:\Users\Larry\AppData\Local\Temp
TEMP=C:\Users\Larry\AppData\Local\Temp



---------------  S Y S T E M  ---------------

OS:
 Windows 10 , 64 bit Build 19041 (10.0.19041.2251)
OS uptime: 7 days 0:55 hours
Hyper-V role detected

CPU: total 4 (initial active 4) (2 cores per cpu, 2 threads per core) family 6 model 69 stepping 1 microcode 0x25, cx8, cmov, fxsr, ht, mmx, sse, sse2, sse3, ssse3, sse4.1, sse4.2, popcnt, lzcnt, tsc, tscinvbit, avx, avx2, aes, erms, clmul, bmi1, bmi2, fma, vzeroupper, clflush, hv

Memory: 4k page, system-wide physical 16311M (5969M free)
TotalPageFile size 26039M (AvailPageFile size 11010M)
current process WorkingSet (physical memory assigned to process): 513M, peak: 524M
current process commit charge ("private bytes"): 498M, peak: 519M

vm_info: OpenJDK 64-Bit Server VM (17.0.5+8) for windows-amd64 JRE (17.0.5+8), built on Oct 19 2022 04:48:13 by "temurin" with MS VC++ 16.7 (VS2019)

END.
