#
# A fatal error has been detected by the Java Runtime Environment:
#
#  EXCEPTION_ACCESS_VIOLATION (0xc0000005) at pc=0x00007ffd91c38af8, pid=13712, tid=26612
#
# JRE version: OpenJDK Runtime Environment Temurin-17.0.5+8 (17.0.5+8) (build 17.0.5+8)
# Java VM: OpenJDK 64-Bit Server VM Temurin-17.0.5+8 (17.0.5+8, mixed mode, tiered, compressed oops, compressed class ptrs, parallel gc, windows-amd64)
# Problematic frame:
# V  [jvm.dll+0x9b8af8]
#
# No core dump will be written. Minidumps are not enabled by default on client versions of Windows
#
# If you would like to submit a bug report, please visit:
#   https://github.com/adoptium/adoptium-support/issues
#

---------------  S U M M A R Y ------------

Command Line: --add-modules=ALL-SYSTEM --add-opens=java.base/java.util=ALL-UNNAMED --add-opens=java.base/java.lang=ALL-UNNAMED --add-opens=java.base/sun.nio.fs=ALL-UNNAMED -Declipse.application=org.eclipse.jdt.ls.core.id1 -Dosgi.bundles.defaultStartLevel=4 -Declipse.product=org.eclipse.jdt.ls.core.product -Djava.import.generatesMetadataFilesAtProjectRoot=false -Dfile.encoding=utf8 -XX:+UseParallelGC -XX:GCTimeRatio=4 -XX:AdaptiveSizePolicyWeight=90 -Dsun.zip.disableMemoryMapping=true -Xmx1G -Xms100m -Xlog:disable -javaagent:c:\Users\Larry\.vscode\extensions\redhat.java-1.13.0-win32-x64\lombok\lombok-1.18.24.jar -XX:+HeapDumpOnOutOfMemoryError -XX:HeapDumpPath=c:\Users\Larry\AppData\Roaming\Code\User\workspaceStorage\f0b13cb4d3e2f7545f0c28ad31166e20\redhat.java c:\Users\Larry\.vscode\extensions\redhat.java-1.13.0-win32-x64\server\plugins\org.eclipse.equinox.launcher_1.6.400.v20210924-0641.jar -configuration c:\Users\Larry\AppData\Roaming\Code\User\globalStorage\redhat.java\1.13.0\config_win -data c:\Users\Larry\AppData\Roaming\Code\User\workspaceStorage\f0b13cb4d3e2f7545f0c28ad31166e20\redhat.java\jdt_ws

Host: Intel(R) Core(TM) i3-4030U CPU @ 1.90GHz, 4 cores, 15G,  Windows 10 , 64 bit Build 19041 (10.0.19041.2251)
Time: Mon Dec  5 20:00:25 2022 Central Standard Time elapsed time: 27.171921 seconds (0d 0h 0m 27s)

---------------  T H R E A D  ---------------

Current thread (0x000001a1502045c0):  GCTaskThread "GC Thread#2" [stack: 0x0000003f35700000,0x0000003f35800000] [id=26612]

Stack: [0x0000003f35700000,0x0000003f35800000],  sp=0x0000003f357ffa28,  free space=1022k
Native frames: (J=compiled Java code, j=interpreted, Vv=VM code, C=native code)
V  [jvm.dll+0x9b8af8]


siginfo: EXCEPTION_ACCESS_VIOLATION (0xc0000005), data execution prevention violation at address 0x00007ffd91c38af8


Register to memory mapping:

RIP=0x00007ffd91c38af8 jvm.dll
RAX=0x00000000000001a1 is an unknown value
RBX=0x000001a14deb3260 points into unknown readable memory: 0x000001a137ee0150 | 50 01 ee 37 a1 01 00 00
RCX=0x0000003f357ffa90 points into unknown readable memory: 0x00007ffd91c2c358 | 58 c3 c2 91 fd 7f 00 00
RDX=0x00000000c330e618 points into unknown readable memory: 0x0000000000000009 | 09 00 00 00 00 00 00 00
RSP=0x0000003f357ffa28 points into unknown readable memory: 0x00007ffd91929769 | 69 97 92 91 fd 7f 00 00
RBP=0x0000003f357ffa99 points into unknown readable memory: f7 13 3a a1 01 00 00
RSI=0x00007ffd91c2c358 jvm.dll
RDI=0x00000000000003da is an unknown value
R8 =0x0000000100441b58 is pointing into metadata
R9 =0x0000000000000001 is an unknown value
R10=0x0 is NULL
R11=0x0000000000000066 is an unknown value
R12=0x0 is NULL
R13=0x0000003f357ffc00 points into unknown readable memory: 0x00007ffd91c2cd50 | 50 cd c2 91 fd 7f 00 00
R14=0x00007ffd91b97850 jvm.dll
R15=0x00007ffd91d90730 jvm.dll


Registers:
RAX=0x00000000000001a1, RBX=0x000001a14deb3260, RCX=0x0000003f357ffa90, RDX=0x00000000c330e618
RSP=0x0000003f357ffa28, RBP=0x0000003f357ffa99, RSI=0x00007ffd91c2c358, RDI=0x00000000000003da
R8 =0x0000000100441b58, R9 =0x0000000000000001, R10=0x0000000000000000, R11=0x0000000000000066
R12=0x0000000000000000, R13=0x0000003f357ffc00, R14=0x00007ffd91b97850, R15=0x00007ffd91d90730
RIP=0x00007ffd91c38af8, EFLAGS=0x0000000000010202

Top of Stack: (sp=0x0000003f357ffa28)
0x0000003f357ffa28:   00007ffd91929769 00007ffd91c2c358
0x0000003f357ffa38:   000001a14deb3260 0000003f357ffa99
0x0000003f357ffa48:   00000000000003d1 0000000000000000
0x0000003f357ffa58:   0000000000000000 0000000000000000
0x0000003f357ffa68:   0000000000000000 0000000000000000
0x0000003f357ffa78:   0000000000000000 000001a13a12ed70
0x0000003f357ffa88:   00007ffd91a60001 00007ffd91c2c358
0x0000003f357ffa98:   000001a13a13f700 000031ec00000003
0x0000003f357ffaa8:   000001a14deb3260 0000000000000000
0x0000003f357ffab8:   0000000000000000 000001a13a12ed70
0x0000003f357ffac8:   000001a14f9108a8 00000000000003d8
0x0000003f357ffad8:   000001a1501fd5b0 000001a14f9104c0
0x0000003f357ffae8:   000001a14deb3260 000001a14f9104d0
0x0000003f357ffaf8:   00007ffd9192e2b8 000001a14deb3260
0x0000003f357ffb08:   000001a14f9104d0 000001a14f9104c0
0x0000003f357ffb18:   0000000000000000 00007ffd91c2cb48 

Instructions: (pc=0x00007ffd91c38af8)
0x00007ffd91c389f8:   74 6f 74 61 6c 3e 00 00 20 20 43 53 52 3a 20 54
0x00007ffd91c38a08:   68 72 65 61 64 20 52 6f 6f 74 73 00 00 00 00 00
0x00007ffd91c38a18:   20 20 43 53 52 3a 20 43 6f 64 65 20 43 61 63 68
0x00007ffd91c38a28:   65 20 52 6f 6f 74 73 00 20 20 43 53 52 3a 20 56
0x00007ffd91c38a38:   4d 20 53 74 72 6f 6e 67 20 52 6f 6f 74 73 00 00
0x00007ffd91c38a48:   20 20 43 53 52 3a 20 56 4d 20 57 65 61 6b 20 52
0x00007ffd91c38a58:   6f 6f 74 73 00 00 00 00 20 20 43 53 52 3a 20 43
0x00007ffd91c38a68:   4c 44 47 20 52 6f 6f 74 73 00 00 00 00 00 00 00
0x00007ffd91c38a78:   20 20 43 53 52 3a 20 55 6e 6c 6f 61 64 20 43 6f
0x00007ffd91c38a88:   64 65 20 43 61 63 68 65 73 00 00 00 00 00 00 00
0x00007ffd91c38a98:   20 20 43 53 52 3a 20 55 6e 6c 69 6e 6b 20 43 4c
0x00007ffd91c38aa8:   44 73 00 00 00 00 00 00 20 20 43 53 52 3a 20 57
0x00007ffd91c38ab8:   65 61 6b 20 52 65 66 65 72 65 6e 63 65 73 00 00
0x00007ffd91c38ac8:   20 20 43 53 52 3a 20 50 61 72 61 6c 6c 65 6c 20
0x00007ffd91c38ad8:   4d 61 72 6b 00 00 00 00 43 6f 6e 63 75 72 72 65
0x00007ffd91c38ae8:   6e 74 20 45 76 61 63 75 61 74 69 6f 6e 00 00 00
0x00007ffd91c38af8:   50 61 75 73 65 20 46 69 6e 61 6c 20 52 6f 6f 74
0x00007ffd91c38b08:   73 20 28 47 29 00 00 00 50 61 75 73 65 20 46 69
0x00007ffd91c38b18:   6e 61 6c 20 52 6f 6f 74 73 20 28 4e 29 00 00 00
0x00007ffd91c38b28:   50 61 75 73 65 20 49 6e 69 74 20 55 70 64 61 74
0x00007ffd91c38b38:   65 20 52 65 66 73 20 28 47 29 00 00 00 00 00 00
0x00007ffd91c38b48:   50 61 75 73 65 20 49 6e 69 74 20 55 70 64 61 74
0x00007ffd91c38b58:   65 20 52 65 66 73 20 28 4e 29 00 00 00 00 00 00
0x00007ffd91c38b68:   20 20 4d 61 6e 61 67 65 20 47 43 4c 41 42 73 00
0x00007ffd91c38b78:   43 6f 6e 63 75 72 72 65 6e 74 20 55 70 64 61 74
0x00007ffd91c38b88:   65 20 52 65 66 73 00 00 43 6f 6e 63 75 72 72 65
0x00007ffd91c38b98:   6e 74 20 55 70 64 61 74 65 20 54 68 72 65 61 64
0x00007ffd91c38ba8:   20 52 6f 6f 74 73 00 00 50 61 75 73 65 20 46 69
0x00007ffd91c38bb8:   6e 61 6c 20 55 70 64 61 74 65 20 52 65 66 73 20
0x00007ffd91c38bc8:   28 47 29 00 00 00 00 00 50 61 75 73 65 20 46 69
0x00007ffd91c38bd8:   6e 61 6c 20 55 70 64 61 74 65 20 52 65 66 73 20
0x00007ffd91c38be8:   28 4e 29 00 00 00 00 00 20 20 46 69 6e 69 73 68 


Stack slot to memory mapping:
stack at sp + 0 slots: 0x00007ffd91929769 jvm.dll
stack at sp + 1 slots: 0x00007ffd91c2c358 jvm.dll
stack at sp + 2 slots: 0x000001a14deb3260 points into unknown readable memory: 0x000001a137ee0150 | 50 01 ee 37 a1 01 00 00
stack at sp + 3 slots: 0x0000003f357ffa99 points into unknown readable memory: f7 13 3a a1 01 00 00
stack at sp + 4 slots: 0x00000000000003d1 is an unknown value
stack at sp + 5 slots: 0x0 is NULL
stack at sp + 6 slots: 0x0 is NULL
stack at sp + 7 slots: 0x0 is NULL


---------------  P R O C E S S  ---------------

Threads class SMR info:
_java_thread_list=0x000001a154ff4f70, length=32, elements={
0x000001a13a12ed70, 0x000001a14df50740, 0x000001a14df529d0, 0x000001a14df79dc0,
0x000001a14df7b2e0, 0x000001a14df81850, 0x000001a14df81d20, 0x000001a14df89c40,
0x000001a14df8ace0, 0x000001a14df9c540, 0x000001a14df80510, 0x000001a14df80eb0,
0x000001a14df81380, 0x000001a14df826c0, 0x000001a14df82b90, 0x000001a14df83060,
0x000001a14df83a00, 0x000001a14df80040, 0x000001a14fc12230, 0x000001a14fc113c0,
0x000001a14fc10550, 0x000001a14fc11890, 0x000001a14fc12700, 0x000001a14fc0f210,
0x000001a14fc12bd0, 0x000001a14fc13570, 0x000001a14fc0ed40, 0x000001a14fc13f10,
0x000001a14fc143e0, 0x000001a14fc0d060, 0x000001a14fc0fbb0, 0x000001a14fae78e0
}

Java Threads: ( => current thread )
  0x000001a13a12ed70 JavaThread "main" [_thread_blocked, id=14440, stack(0x0000003f34600000,0x0000003f34700000)]
  0x000001a14df50740 JavaThread "Reference Handler" daemon [_thread_blocked, id=21068, stack(0x0000003f34900000,0x0000003f34a00000)]
  0x000001a14df529d0 JavaThread "Finalizer" daemon [_thread_blocked, id=24952, stack(0x0000003f34a00000,0x0000003f34b00000)]
  0x000001a14df79dc0 JavaThread "Signal Dispatcher" daemon [_thread_blocked, id=54080, stack(0x0000003f34c00000,0x0000003f34d00000)]
  0x000001a14df7b2e0 JavaThread "Attach Listener" daemon [_thread_blocked, id=18776, stack(0x0000003f34d00000,0x0000003f34e00000)]
  0x000001a14df81850 JavaThread "Service Thread" daemon [_thread_blocked, id=58688, stack(0x0000003f34e00000,0x0000003f34f00000)]
  0x000001a14df81d20 JavaThread "Monitor Deflation Thread" daemon [_thread_blocked, id=34780, stack(0x0000003f34f00000,0x0000003f35000000)]
  0x000001a14df89c40 JavaThread "C2 CompilerThread0" daemon [_thread_blocked, id=58660, stack(0x0000003f35000000,0x0000003f35100000)]
  0x000001a14df8ace0 JavaThread "C1 CompilerThread0" daemon [_thread_blocked, id=26388, stack(0x0000003f35100000,0x0000003f35200000)]
  0x000001a14df9c540 JavaThread "Sweeper thread" daemon [_thread_blocked, id=59152, stack(0x0000003f35200000,0x0000003f35300000)]
  0x000001a14df80510 JavaThread "Common-Cleaner" daemon [_thread_blocked, id=18784, stack(0x0000003f35300000,0x0000003f35400000)]
  0x000001a14df80eb0 JavaThread "Notification Thread" daemon [_thread_blocked, id=49096, stack(0x0000003f35400000,0x0000003f35500000)]
  0x000001a14df81380 JavaThread "Active Thread: Equinox Container: e13f7130-4673-4031-85da-ac6901f83b88" [_thread_blocked, id=52704, stack(0x0000003f35900000,0x0000003f35a00000)]
  0x000001a14df826c0 JavaThread "Framework Event Dispatcher: Equinox Container: e13f7130-4673-4031-85da-ac6901f83b88" daemon [_thread_blocked, id=25696, stack(0x0000003f35b00000,0x0000003f35c00000)]
  0x000001a14df82b90 JavaThread "Start Level: Equinox Container: e13f7130-4673-4031-85da-ac6901f83b88" daemon [_thread_blocked, id=46288, stack(0x0000003f35c00000,0x0000003f35d00000)]
  0x000001a14df83060 JavaThread "SCR Component Actor" daemon [_thread_blocked, id=35152, stack(0x0000003f35d00000,0x0000003f35e00000)]
  0x000001a14df83a00 JavaThread "Worker-JM" [_thread_blocked, id=15860, stack(0x0000003f35f00000,0x0000003f36000000)]
  0x000001a14df80040 JavaThread "Worker-0" [_thread_blocked, id=59544, stack(0x0000003f35e00000,0x0000003f35f00000)]
  0x000001a14fc12230 JavaThread "Worker-1" [_thread_blocked, id=20140, stack(0x0000003f36000000,0x0000003f36100000)]
  0x000001a14fc113c0 JavaThread "Worker-2: Initialize workspace" [_thread_blocked, id=61332, stack(0x0000003f36100000,0x0000003f36200000)]
  0x000001a14fc10550 JavaThread "Worker-3: Update invisible project classpath" [_thread_blocked, id=41928, stack(0x0000003f36200000,0x0000003f36300000)]
  0x000001a14fc11890 JavaThread "Java indexing" daemon [_thread_in_native, id=46264, stack(0x0000003f36400000,0x0000003f36500000)]
  0x000001a14fc12700 JavaThread "Worker-4: Java indexing... " [_thread_blocked, id=22980, stack(0x0000003f36500000,0x0000003f36600000)]
  0x000001a14fc0f210 JavaThread "Worker-5" [_thread_blocked, id=21964, stack(0x0000003f36600000,0x0000003f36700000)]
  0x000001a14fc12bd0 JavaThread "JNA Cleaner" daemon [_thread_blocked, id=55008, stack(0x0000003f36700000,0x0000003f36800000)]
  0x000001a14fc13570 JavaThread "pool-2-thread-1" [_thread_blocked, id=58468, stack(0x0000003f36800000,0x0000003f36900000)]
  0x000001a14fc0ed40 JavaThread "pool-1-thread-1" [_thread_blocked, id=53036, stack(0x0000003f36900000,0x0000003f36a00000)]
  0x000001a14fc13f10 JavaThread "ForkJoinPool.commonPool-worker-1" daemon [_thread_blocked, id=27780, stack(0x0000003f36300000,0x0000003f36400000)]
  0x000001a14fc143e0 JavaThread "ForkJoinPool.commonPool-worker-2" daemon [_thread_blocked, id=24464, stack(0x0000003f36a00000,0x0000003f36b00000)]
  0x000001a14fc0d060 JavaThread "Worker-6" [_thread_blocked, id=13292, stack(0x0000003f36b00000,0x0000003f36c00000)]
  0x000001a14fc0fbb0 JavaThread "ForkJoinPool.commonPool-worker-3" daemon [_thread_blocked, id=53692, stack(0x0000003f36c00000,0x0000003f36d00000)]
  0x000001a14fae78e0 JavaThread "C2 CompilerThread1" daemon [_thread_in_native, id=47384, stack(0x0000003f35a00000,0x0000003f35b00000)]

Other Threads:
  0x000001a14de87750 VMThread "VM Thread" [stack: 0x0000003f34800000,0x0000003f34900000] [id=42656]
  0x000001a14fc98480 WatcherThread [stack: 0x0000003f35500000,0x0000003f35600000] [id=59176]
  0x000001a13a147260 GCTaskThread "GC Thread#0" [stack: 0x0000003f34700000,0x0000003f34800000] [id=47928]
  0x000001a150438590 GCTaskThread "GC Thread#1" [stack: 0x0000003f35600000,0x0000003f35700000] [id=49636]
=>0x000001a1502045c0 GCTaskThread "GC Thread#2" [stack: 0x0000003f35700000,0x0000003f35800000] [id=26612]
  0x000001a150204870 GCTaskThread "GC Thread#3" [stack: 0x0000003f35800000,0x0000003f35900000] [id=55424]

Threads with active compile tasks:
C2 CompilerThread0    27281 7401       4       java.util.Spliterators$1Adapter::hasNext (23 bytes)
C1 CompilerThread0    27282 7681       2       org.eclipse.jdt.core.dom.ASTConverter::convert (869 bytes)
C2 CompilerThread1    27282 7413   !   4       jdk.internal.jrtfs.JrtFileSystem::lookup (23 bytes)

VM state: at safepoint (normal execution)

VM Mutex/Monitor currently owned by a thread:  ([mutex/lock_event])
[0x000001a13a12a6b0] Threads_lock - owner thread: 0x000001a14de87750
[0x000001a13a12a740] Heap_lock - owner thread: 0x000001a14df8ace0
[0x000001a13a12a980] MethodData_lock - owner thread: 0x000001a14df8ace0

Heap address: 0x00000000c0000000, size: 1024 MB, Compressed Oops mode: 32-bit

CDS archive(s) not mapped
Compressed class space mapped at: 0x0000000100000000-0x0000000140000000, reserved size: 1073741824
Narrow klass base: 0x0000000000000000, Narrow klass shift: 3, Narrow klass range: 0x140000000

GC Precious Log:
 CPUs: 4 total, 4 available
 Memory: 16311M
 Large Page Support: Disabled
 NUMA Support: Disabled
 Compressed Oops: Enabled (32-bit)
 Alignments: Space 512K, Generation 512K, Heap 2M
 Heap Min Capacity: 100M
 Heap Initial Capacity: 100M
 Heap Max Capacity: 1G
 Pre-touch: Disabled
 Parallel Workers: 4

Heap:
 PSYoungGen      total 18944K, used 1529K [0x00000000eab00000, 0x00000000ec200000, 0x0000000100000000)
  eden space 17408K, 0% used [0x00000000eab00000,0x00000000eab00000,0x00000000ebc00000)
  from space 1536K, 99% used [0x00000000ebd80000,0x00000000ebefe6f0,0x00000000ebf00000)
  to   space 3072K, 0% used [0x00000000ebf00000,0x00000000ebf00000,0x00000000ec200000)
 ParOldGen       total 68608K, used 55596K [0x00000000c0000000, 0x00000000c4300000, 0x00000000eab00000)
  object space 68608K, 81% used [0x00000000c0000000,0x00000000c364b2c0,0x00000000c4300000)
 Metaspace       used 59415K, committed 60288K, reserved 1105920K
  class space    used 6224K, committed 6592K, reserved 1048576K

Card table byte_map: [0x000001a139ae0000,0x000001a139cf0000] _byte_map_base: 0x000001a1394e0000

Marking Bits: (ParMarkBitMap*) 0x00007ffd91e00dd0
 Begin Bits: [0x000001a14bdc0000, 0x000001a14cdc0000)
 End Bits:   [0x000001a14cdc0000, 0x000001a14ddc0000)

Polling page: 0x000001a1380e0000

Metaspace:

Usage:
  Non-class:     51.94 MB used.
      Class:      6.08 MB used.
       Both:     58.02 MB used.

Virtual space:
  Non-class space:       56.00 MB reserved,      52.44 MB ( 94%) committed,  7 nodes.
      Class space:        1.00 GB reserved,       6.44 MB ( <1%) committed,  1 nodes.
             Both:        1.05 GB reserved,      58.88 MB (  5%) committed. 

Chunk freelists:
   Non-Class:  3.38 MB
       Class:  1.54 MB
        Both:  4.91 MB

MaxMetaspaceSize: unlimited
CompressedClassSpaceSize: 1.00 GB
Initial GC threshold: 21.00 MB
Current GC threshold: 58.88 MB
CDS: off
MetaspaceReclaimPolicy: balanced
 - commit_granule_bytes: 65536.
 - commit_granule_words: 8192.
 - virtual_space_node_default_size: 1048576.
 - enlarge_chunks_in_place: 1.
 - new_chunks_are_fully_committed: 0.
 - uncommit_free_chunks: 1.
 - use_allocation_guard: 0.
 - handle_deallocations: 1.


Internal statistics:

num_allocs_failed_limit: 13.
num_arena_births: 412.
num_arena_deaths: 14.
num_vsnodes_births: 8.
num_vsnodes_deaths: 0.
num_space_committed: 942.
num_space_uncommitted: 0.
num_chunks_returned_to_freelist: 34.
num_chunks_taken_from_freelist: 2710.
num_chunk_merges: 16.
num_chunk_splits: 1697.
num_chunks_enlarged: 1004.
num_purges: 2.
num_inconsistent_stats: 0.

CodeHeap 'non-profiled nmethods': size=120000Kb used=4104Kb max_used=4104Kb free=115895Kb
 bounds [0x000001a144890000, 0x000001a144ca0000, 0x000001a14bdc0000]
CodeHeap 'profiled nmethods': size=120000Kb used=15035Kb max_used=15035Kb free=104964Kb
 bounds [0x000001a13d360000, 0x000001a13e210000, 0x000001a144890000]
CodeHeap 'non-nmethods': size=5760Kb used=1333Kb max_used=1409Kb free=4426Kb
 bounds [0x000001a13cdc0000, 0x000001a13d030000, 0x000001a13d360000]
 total_blobs=7479 nmethods=6805 adapters=588
 compilation: enabled
              stopped_count=0, restarted_count=0
 full_count=0

Compilation events (20 events):
Event: 26.983 Thread 0x000001a14df8ace0 nmethod 7673 0x000001a13e209690 code [0x000001a13e209840, 0x000001a13e209b58]
Event: 26.985 Thread 0x000001a14df8ace0 7674       2       org.eclipse.jdt.internal.core.JavaProject::getPatchedModules (192 bytes)
Event: 26.988 Thread 0x000001a14df8ace0 nmethod 7674 0x000001a13e209d90 code [0x000001a13e20a000, 0x000001a13e20a8c8]
Event: 26.989 Thread 0x000001a14df8ace0 7675       2       org.eclipse.jdt.internal.core.SearchableEnvironment::getModule (25 bytes)
Event: 26.989 Thread 0x000001a14df8ace0 nmethod 7675 0x000001a13e20b190 code [0x000001a13e20b340, 0x000001a13e20b4b8]
Event: 26.989 Thread 0x000001a14df8ace0 7676       2       org.eclipse.jdt.internal.core.BinaryModule::getModuleInfo (28 bytes)
Event: 26.989 Thread 0x000001a14df8ace0 nmethod 7676 0x000001a13e20b610 code [0x000001a13e20b7c0, 0x000001a13e20b968]
Event: 26.991 Thread 0x000001a14df8ace0 7677       2       org.eclipse.jdt.internal.compiler.lookup.ModuleBinding$$Lambda$317/0x0000000100616218::accept (12 bytes)
Event: 26.993 Thread 0x000001a14df8ace0 nmethod 7677 0x000001a13e20ba90 code [0x000001a13e20bc80, 0x000001a13e20bf58]
Event: 26.993 Thread 0x000001a14df8ace0 7678       2       org.eclipse.jdt.internal.compiler.lookup.ModuleBinding::lambda$8 (12 bytes)
Event: 26.994 Thread 0x000001a14df8ace0 nmethod 7678 0x000001a13e20c210 code [0x000001a13e20c400, 0x000001a13e20c638]
Event: 26.996 Thread 0x000001a14df8ace0 7679       2       org.eclipse.jdt.internal.core.NameLookup$Answer::isBetter (43 bytes)
Event: 26.996 Thread 0x000001a14df8ace0 nmethod 7679 0x000001a13e20c910 code [0x000001a13e20cae0, 0x000001a13e20ccf8]
Event: 27.000 Thread 0x000001a14df8ace0 7680       2       java.net.URI::needsNormalization (184 bytes)
Event: 27.003 Thread 0x000001a14df8ace0 nmethod 7680 0x000001a13e20ce10 code [0x000001a13e20d0e0, 0x000001a13e20e198]
Event: 27.047 Thread 0x000001a14df89c40 nmethod 7412 0x000001a144c81d10 code [0x000001a144c82400, 0x000001a144c8bc30]
Event: 27.050 Thread 0x000001a14df89c40 7548 %     4       org.eclipse.jdt.internal.core.JavaElement::getAncestor @ 5 (30 bytes)
Event: 27.053 Thread 0x000001a14df89c40 nmethod 7548% 0x000001a144c91e90 code [0x000001a144c92020, 0x000001a144c92118]
Event: 27.053 Thread 0x000001a14df89c40 7401       4       java.util.Spliterators$1Adapter::hasNext (23 bytes)
Event: 27.122 Thread 0x000001a14df8ace0 7681       2       org.eclipse.jdt.core.dom.ASTConverter::convert (869 bytes)

GC Heap History (20 events):
Event: 23.439 GC heap after
{Heap after GC invocations=34 (full 2):
 PSYoungGen      total 18432K, used 621K [0x00000000eab00000, 0x00000000ec100000, 0x0000000100000000)
  eden space 17408K, 0% used [0x00000000eab00000,0x00000000eab00000,0x00000000ebc00000)
  from space 1024K, 60% used [0x00000000ec000000,0x00000000ec09b718,0x00000000ec100000)
  to   space 1024K, 0% used [0x00000000ebc00000,0x00000000ebc00000,0x00000000ebd00000)
 ParOldGen       total 68608K, used 43033K [0x00000000c0000000, 0x00000000c4300000, 0x00000000eab00000)
  object space 68608K, 62% used [0x00000000c0000000,0x00000000c2a065d8,0x00000000c4300000)
 Metaspace       used 57235K, committed 58112K, reserved 1105920K
  class space    used 6054K, committed 6400K, reserved 1048576K
}
Event: 24.232 GC heap before
{Heap before GC invocations=35 (full 2):
 PSYoungGen      total 18432K, used 18029K [0x00000000eab00000, 0x00000000ec100000, 0x0000000100000000)
  eden space 17408K, 100% used [0x00000000eab00000,0x00000000ebc00000,0x00000000ebc00000)
  from space 1024K, 60% used [0x00000000ec000000,0x00000000ec09b718,0x00000000ec100000)
  to   space 1024K, 0% used [0x00000000ebc00000,0x00000000ebc00000,0x00000000ebd00000)
 ParOldGen       total 68608K, used 43076K [0x00000000c0000000, 0x00000000c4300000, 0x00000000eab00000)
  object space 68608K, 62% used [0x00000000c0000000,0x00000000c2a110c0,0x00000000c4300000)
 Metaspace       used 58693K, committed 59584K, reserved 1105920K
  class space    used 6195K, committed 6528K, reserved 1048576K
}
Event: 24.239 GC heap after
{Heap after GC invocations=35 (full 2):
 PSYoungGen      total 18432K, used 1005K [0x00000000eab00000, 0x00000000ec800000, 0x0000000100000000)
  eden space 17408K, 0% used [0x00000000eab00000,0x00000000eab00000,0x00000000ebc00000)
  from space 1024K, 98% used [0x00000000ebc00000,0x00000000ebcfb7c0,0x00000000ebd00000)
  to   space 6144K, 0% used [0x00000000ec200000,0x00000000ec200000,0x00000000ec800000)
 ParOldGen       total 68608K, used 47162K [0x00000000c0000000, 0x00000000c4300000, 0x00000000eab00000)
  object space 68608K, 68% used [0x00000000c0000000,0x00000000c2e0e8f0,0x00000000c4300000)
 Metaspace       used 58693K, committed 59584K, reserved 1105920K
  class space    used 6195K, committed 6528K, reserved 1048576K
}
Event: 25.074 GC heap before
{Heap before GC invocations=36 (full 2):
 PSYoungGen      total 18432K, used 17879K [0x00000000eab00000, 0x00000000ec800000, 0x0000000100000000)
  eden space 17408K, 96% used [0x00000000eab00000,0x00000000ebb7a7e0,0x00000000ebc00000)
  from space 1024K, 98% used [0x00000000ebc00000,0x00000000ebcfb7c0,0x00000000ebd00000)
  to   space 6144K, 0% used [0x00000000ec200000,0x00000000ec200000,0x00000000ec800000)
 ParOldGen       total 68608K, used 47162K [0x00000000c0000000, 0x00000000c4300000, 0x00000000eab00000)
  object space 68608K, 68% used [0x00000000c0000000,0x00000000c2e0e8f0,0x00000000c4300000)
 Metaspace       used 59155K, committed 60032K, reserved 1105920K
  class space    used 6218K, committed 6592K, reserved 1048576K
}
Event: 25.079 GC heap after
{Heap after GC invocations=36 (full 2):
 PSYoungGen      total 19456K, used 1559K [0x00000000eab00000, 0x00000000ec400000, 0x0000000100000000)
  eden space 17408K, 0% used [0x00000000eab00000,0x00000000eab00000,0x00000000ebc00000)
  from space 2048K, 76% used [0x00000000ec200000,0x00000000ec385f68,0x00000000ec400000)
  to   space 3072K, 0% used [0x00000000ebe00000,0x00000000ebe00000,0x00000000ec100000)
 ParOldGen       total 68608K, used 48139K [0x00000000c0000000, 0x00000000c4300000, 0x00000000eab00000)
  object space 68608K, 70% used [0x00000000c0000000,0x00000000c2f02f20,0x00000000c4300000)
 Metaspace       used 59155K, committed 60032K, reserved 1105920K
  class space    used 6218K, committed 6592K, reserved 1048576K
}
Event: 25.239 GC heap before
{Heap before GC invocations=37 (full 2):
 PSYoungGen      total 19456K, used 18967K [0x00000000eab00000, 0x00000000ec400000, 0x0000000100000000)
  eden space 17408K, 100% used [0x00000000eab00000,0x00000000ebc00000,0x00000000ebc00000)
  from space 2048K, 76% used [0x00000000ec200000,0x00000000ec385f68,0x00000000ec400000)
  to   space 3072K, 0% used [0x00000000ebe00000,0x00000000ebe00000,0x00000000ec100000)
 ParOldGen       total 68608K, used 48139K [0x00000000c0000000, 0x00000000c4300000, 0x00000000eab00000)
  object space 68608K, 70% used [0x00000000c0000000,0x00000000c2f02f20,0x00000000c4300000)
 Metaspace       used 59161K, committed 60032K, reserved 1105920K
  class space    used 6218K, committed 6592K, reserved 1048576K
}
Event: 25.243 GC heap after
{Heap after GC invocations=37 (full 2):
 PSYoungGen      total 18944K, used 1264K [0x00000000eab00000, 0x00000000ec280000, 0x0000000100000000)
  eden space 17408K, 0% used [0x00000000eab00000,0x00000000eab00000,0x00000000ebc00000)
  from space 1536K, 82% used [0x00000000ebe00000,0x00000000ebf3c200,0x00000000ebf80000)
  to   space 2048K, 0% used [0x00000000ec080000,0x00000000ec080000,0x00000000ec280000)
 ParOldGen       total 68608K, used 49185K [0x00000000c0000000, 0x00000000c4300000, 0x00000000eab00000)
  object space 68608K, 71% used [0x00000000c0000000,0x00000000c30084e8,0x00000000c4300000)
 Metaspace       used 59161K, committed 60032K, reserved 1105920K
  class space    used 6218K, committed 6592K, reserved 1048576K
}
Event: 25.403 GC heap before
{Heap before GC invocations=38 (full 2):
 PSYoungGen      total 18944K, used 17673K [0x00000000eab00000, 0x00000000ec280000, 0x0000000100000000)
  eden space 17408K, 94% used [0x00000000eab00000,0x00000000ebb064c8,0x00000000ebc00000)
  from space 1536K, 82% used [0x00000000ebe00000,0x00000000ebf3c200,0x00000000ebf80000)
  to   space 2048K, 0% used [0x00000000ec080000,0x00000000ec080000,0x00000000ec280000)
 ParOldGen       total 68608K, used 49185K [0x00000000c0000000, 0x00000000c4300000, 0x00000000eab00000)
  object space 68608K, 71% used [0x00000000c0000000,0x00000000c30084e8,0x00000000c4300000)
 Metaspace       used 59169K, committed 60032K, reserved 1105920K
  class space    used 6218K, committed 6592K, reserved 1048576K
}
Event: 25.407 GC heap after
{Heap after GC invocations=38 (full 2):
 PSYoungGen      total 18944K, used 1184K [0x00000000eab00000, 0x00000000ec200000, 0x0000000100000000)
  eden space 17408K, 0% used [0x00000000eab00000,0x00000000eab00000,0x00000000ebc00000)
  from space 1536K, 77% used [0x00000000ec080000,0x00000000ec1a8000,0x00000000ec200000)
  to   space 1536K, 0% used [0x00000000ebe00000,0x00000000ebe00000,0x00000000ebf80000)
 ParOldGen       total 68608K, used 50404K [0x00000000c0000000, 0x00000000c4300000, 0x00000000eab00000)
  object space 68608K, 73% used [0x00000000c0000000,0x00000000c3139008,0x00000000c4300000)
 Metaspace       used 59169K, committed 60032K, reserved 1105920K
  class space    used 6218K, committed 6592K, reserved 1048576K
}
Event: 25.556 GC heap before
{Heap before GC invocations=39 (full 2):
 PSYoungGen      total 18944K, used 16936K [0x00000000eab00000, 0x00000000ec200000, 0x0000000100000000)
  eden space 17408K, 90% used [0x00000000eab00000,0x00000000eba62190,0x00000000ebc00000)
  from space 1536K, 77% used [0x00000000ec080000,0x00000000ec1a8000,0x00000000ec200000)
  to   space 1536K, 0% used [0x00000000ebe00000,0x00000000ebe00000,0x00000000ebf80000)
 ParOldGen       total 68608K, used 50404K [0x00000000c0000000, 0x00000000c4300000, 0x00000000eab00000)
  object space 68608K, 73% used [0x00000000c0000000,0x00000000c3139008,0x00000000c4300000)
 Metaspace       used 59182K, committed 60096K, reserved 1105920K
  class space    used 6218K, committed 6592K, reserved 1048576K
}
Event: 25.561 GC heap after
{Heap after GC invocations=39 (full 2):
 PSYoungGen      total 18944K, used 800K [0x00000000eab00000, 0x00000000ec100000, 0x0000000100000000)
  eden space 17408K, 0% used [0x00000000eab00000,0x00000000eab00000,0x00000000ebc00000)
  from space 1536K, 52% used [0x00000000ebe00000,0x00000000ebec8000,0x00000000ebf80000)
  to   space 1024K, 0% used [0x00000000ec000000,0x00000000ec000000,0x00000000ec100000)
 ParOldGen       total 68608K, used 51528K [0x00000000c0000000, 0x00000000c4300000, 0x00000000eab00000)
  object space 68608K, 75% used [0x00000000c0000000,0x00000000c3252228,0x00000000c4300000)
 Metaspace       used 59182K, committed 60096K, reserved 1105920K
  class space    used 6218K, committed 6592K, reserved 1048576K
}
Event: 25.692 GC heap before
{Heap before GC invocations=40 (full 2):
 PSYoungGen      total 18944K, used 18208K [0x00000000eab00000, 0x00000000ec100000, 0x0000000100000000)
  eden space 17408K, 100% used [0x00000000eab00000,0x00000000ebc00000,0x00000000ebc00000)
  from space 1536K, 52% used [0x00000000ebe00000,0x00000000ebec8000,0x00000000ebf80000)
  to   space 1024K, 0% used [0x00000000ec000000,0x00000000ec000000,0x00000000ec100000)
 ParOldGen       total 68608K, used 51528K [0x00000000c0000000, 0x00000000c4300000, 0x00000000eab00000)
  object space 68608K, 75% used [0x00000000c0000000,0x00000000c3252228,0x00000000c4300000)
 Metaspace       used 59188K, committed 60096K, reserved 1105920K
  class space    used 6219K, committed 6592K, reserved 1048576K
}
Event: 25.694 GC heap after
{Heap after GC invocations=40 (full 2):
 PSYoungGen      total 18432K, used 996K [0x00000000eab00000, 0x00000000ec100000, 0x0000000100000000)
  eden space 17408K, 0% used [0x00000000eab00000,0x00000000eab00000,0x00000000ebc00000)
  from space 1024K, 97% used [0x00000000ec000000,0x00000000ec0f92b8,0x00000000ec100000)
  to   space 2048K, 0% used [0x00000000ebd00000,0x00000000ebd00000,0x00000000ebf00000)
 ParOldGen       total 68608K, used 52070K [0x00000000c0000000, 0x00000000c4300000, 0x00000000eab00000)
  object space 68608K, 75% used [0x00000000c0000000,0x00000000c32d99c8,0x00000000c4300000)
 Metaspace       used 59188K, committed 60096K, reserved 1105920K
  class space    used 6219K, committed 6592K, reserved 1048576K
}
Event: 25.926 GC heap before
{Heap before GC invocations=41 (full 2):
 PSYoungGen      total 18432K, used 18404K [0x00000000eab00000, 0x00000000ec100000, 0x0000000100000000)
  eden space 17408K, 100% used [0x00000000eab00000,0x00000000ebc00000,0x00000000ebc00000)
  from space 1024K, 97% used [0x00000000ec000000,0x00000000ec0f92b8,0x00000000ec100000)
  to   space 2048K, 0% used [0x00000000ebd00000,0x00000000ebd00000,0x00000000ebf00000)
 ParOldGen       total 68608K, used 52070K [0x00000000c0000000, 0x00000000c4300000, 0x00000000eab00000)
  object space 68608K, 75% used [0x00000000c0000000,0x00000000c32d99c8,0x00000000c4300000)
 Metaspace       used 59192K, committed 60096K, reserved 1105920K
  class space    used 6219K, committed 6592K, reserved 1048576K
}
Event: 25.931 GC heap after
{Heap after GC invocations=41 (full 2):
 PSYoungGen      total 19456K, used 1088K [0x00000000eab00000, 0x00000000ec080000, 0x0000000100000000)
  eden space 17408K, 0% used [0x00000000eab00000,0x00000000eab00000,0x00000000ebc00000)
  from space 2048K, 53% used [0x00000000ebd00000,0x00000000ebe10000,0x00000000ebf00000)
  to   space 1536K, 0% used [0x00000000ebf00000,0x00000000ebf00000,0x00000000ec080000)
 ParOldGen       total 68608K, used 53351K [0x00000000c0000000, 0x00000000c4300000, 0x00000000eab00000)
  object space 68608K, 77% used [0x00000000c0000000,0x00000000c3419f38,0x00000000c4300000)
 Metaspace       used 59192K, committed 60096K, reserved 1105920K
  class space    used 6219K, committed 6592K, reserved 1048576K
}
Event: 26.316 GC heap before
{Heap before GC invocations=42 (full 2):
 PSYoungGen      total 19456K, used 18496K [0x00000000eab00000, 0x00000000ec080000, 0x0000000100000000)
  eden space 17408K, 100% used [0x00000000eab00000,0x00000000ebc00000,0x00000000ebc00000)
  from space 2048K, 53% used [0x00000000ebd00000,0x00000000ebe10000,0x00000000ebf00000)
  to   space 1536K, 0% used [0x00000000ebf00000,0x00000000ebf00000,0x00000000ec080000)
 ParOldGen       total 68608K, used 53351K [0x00000000c0000000, 0x00000000c4300000, 0x00000000eab00000)
  object space 68608K, 77% used [0x00000000c0000000,0x00000000c3419f38,0x00000000c4300000)
 Metaspace       used 59232K, committed 60096K, reserved 1105920K
  class space    used 6219K, committed 6592K, reserved 1048576K
}
Event: 26.319 GC heap after
{Heap after GC invocations=42 (full 2):
 PSYoungGen      total 18944K, used 1120K [0x00000000eab00000, 0x00000000ec080000, 0x0000000100000000)
  eden space 17408K, 0% used [0x00000000eab00000,0x00000000eab00000,0x00000000ebc00000)
  from space 1536K, 72% used [0x00000000ebf00000,0x00000000ec018000,0x00000000ec080000)
  to   space 1536K, 0% used [0x00000000ebd80000,0x00000000ebd80000,0x00000000ebf00000)
 ParOldGen       total 68608K, used 54371K [0x00000000c0000000, 0x00000000c4300000, 0x00000000eab00000)
  object space 68608K, 79% used [0x00000000c0000000,0x00000000c3518e60,0x00000000c4300000)
 Metaspace       used 59232K, committed 60096K, reserved 1105920K
  class space    used 6219K, committed 6592K, reserved 1048576K
}
Event: 27.123 GC heap before
{Heap before GC invocations=43 (full 2):
 PSYoungGen      total 18944K, used 17522K [0x00000000eab00000, 0x00000000ec080000, 0x0000000100000000)
  eden space 17408K, 94% used [0x00000000eab00000,0x00000000ebb049a0,0x00000000ebc00000)
  from space 1536K, 72% used [0x00000000ebf00000,0x00000000ec018000,0x00000000ec080000)
  to   space 1536K, 0% used [0x00000000ebd80000,0x00000000ebd80000,0x00000000ebf00000)
 ParOldGen       total 68608K, used 54371K [0x00000000c0000000, 0x00000000c4300000, 0x00000000eab00000)
  object space 68608K, 79% used [0x00000000c0000000,0x00000000c3518e60,0x00000000c4300000)
 Metaspace       used 59415K, committed 60288K, reserved 1105920K
  class space    used 6224K, committed 6592K, reserved 1048576K
}
Event: 27.132 GC heap after
{Heap after GC invocations=43 (full 2):
 PSYoungGen      total 18944K, used 1529K [0x00000000eab00000, 0x00000000ec200000, 0x0000000100000000)
  eden space 17408K, 0% used [0x00000000eab00000,0x00000000eab00000,0x00000000ebc00000)
  from space 1536K, 99% used [0x00000000ebd80000,0x00000000ebefe6f0,0x00000000ebf00000)
  to   space 3072K, 0% used [0x00000000ebf00000,0x00000000ebf00000,0x00000000ec200000)
 ParOldGen       total 68608K, used 55596K [0x00000000c0000000, 0x00000000c4300000, 0x00000000eab00000)
  object space 68608K, 81% used [0x00000000c0000000,0x00000000c364b2c0,0x00000000c4300000)
 Metaspace       used 59415K, committed 60288K, reserved 1105920K
  class space    used 6224K, committed 6592K, reserved 1048576K
}
Event: 27.133 GC heap before
{Heap before GC invocations=44 (full 3):
 PSYoungGen      total 18944K, used 1529K [0x00000000eab00000, 0x00000000ec200000, 0x0000000100000000)
  eden space 17408K, 0% used [0x00000000eab00000,0x00000000eab00000,0x00000000ebc00000)
  from space 1536K, 99% used [0x00000000ebd80000,0x00000000ebefe6f0,0x00000000ebf00000)
  to   space 3072K, 0% used [0x00000000ebf00000,0x00000000ebf00000,0x00000000ec200000)
 ParOldGen       total 68608K, used 55596K [0x00000000c0000000, 0x00000000c4300000, 0x00000000eab00000)
  object space 68608K, 81% used [0x00000000c0000000,0x00000000c364b2c0,0x00000000c4300000)
 Metaspace       used 59415K, committed 60288K, reserved 1105920K
  class space    used 6224K, committed 6592K, reserved 1048576K
}

Dll operation events (10 events):
Event: 0.017 Loaded shared library c:\Users\Larry\.vscode\extensions\redhat.java-1.13.0-win32-x64\jre\17.0.5-win32-x86_64\bin\java.dll
Event: 0.354 Loaded shared library c:\Users\Larry\.vscode\extensions\redhat.java-1.13.0-win32-x64\jre\17.0.5-win32-x86_64\bin\zip.dll
Event: 0.362 Loaded shared library C:\Users\Larry\.vscode\extensions\redhat.java-1.13.0-win32-x64\jre\17.0.5-win32-x86_64\bin\instrument.dll
Event: 0.398 Loaded shared library C:\Users\Larry\.vscode\extensions\redhat.java-1.13.0-win32-x64\jre\17.0.5-win32-x86_64\bin\net.dll
Event: 0.402 Loaded shared library C:\Users\Larry\.vscode\extensions\redhat.java-1.13.0-win32-x64\jre\17.0.5-win32-x86_64\bin\nio.dll
Event: 0.419 Loaded shared library C:\Users\Larry\.vscode\extensions\redhat.java-1.13.0-win32-x64\jre\17.0.5-win32-x86_64\bin\zip.dll
Event: 0.451 Loaded shared library C:\Users\Larry\.vscode\extensions\redhat.java-1.13.0-win32-x64\jre\17.0.5-win32-x86_64\bin\jimage.dll
Event: 0.590 Loaded shared library c:\Users\Larry\.vscode\extensions\redhat.java-1.13.0-win32-x64\jre\17.0.5-win32-x86_64\bin\verify.dll
Event: 4.544 Loaded shared library C:\Users\Larry\AppData\Roaming\Code\User\globalStorage\redhat.java\1.13.0\config_win\org.eclipse.equinox.launcher\org.eclipse.equinox.launcher.win32.win32.x86_64_1.2.600.v20220720-1916\eclipse_11700.dll
Event: 9.531 Loaded shared library C:\Users\Larry\AppData\Local\Temp\jna-73190532\jna7827862471731985602.dll

Deoptimization events (20 events):
Event: 25.819 Thread 0x000001a14fc0fbb0 DEOPT PACKING pc=0x000001a13e05a88c sp=0x0000003f36cfd590
Event: 25.819 Thread 0x000001a14fc0fbb0 DEOPT UNPACKING pc=0x000001a13ce12843 sp=0x0000003f36cfca90 mode 0
Event: 25.850 Thread 0x000001a14fc11890 Uncommon trap: trap_request=0xffffff45 fr.pc=0x000001a144c2f3bc relative=0x000000000000041c
Event: 25.850 Thread 0x000001a14fc11890 Uncommon trap: reason=unstable_if action=reinterpret pc=0x000001a144c2f3bc method=org.eclipse.jdt.core.compiler.CharOperation.concatWith([[CC)[C @ 1 c2
Event: 25.850 Thread 0x000001a14fc11890 DEOPT PACKING pc=0x000001a144c2f3bc sp=0x0000003f364feca0
Event: 25.850 Thread 0x000001a14fc11890 DEOPT UNPACKING pc=0x000001a13ce120a3 sp=0x0000003f364fec60 mode 2
Event: 26.336 Thread 0x000001a14fc12230 Uncommon trap: trap_request=0xffffff45 fr.pc=0x000001a144b9bfa0 relative=0x0000000000002900
Event: 26.336 Thread 0x000001a14fc12230 Uncommon trap: reason=unstable_if action=reinterpret pc=0x000001a144b9bfa0 method=org.eclipse.jdt.internal.core.JavaModelCache.getInfo(Lorg/eclipse/jdt/core/IJavaElement;)Ljava/lang/Object; @ 108 c2
Event: 26.336 Thread 0x000001a14fc12230 DEOPT PACKING pc=0x000001a144b9bfa0 sp=0x0000003f360fe170
Event: 26.336 Thread 0x000001a14fc12230 DEOPT UNPACKING pc=0x000001a13ce120a3 sp=0x0000003f360fe0f0 mode 2
Event: 26.336 Thread 0x000001a14fc12230 Uncommon trap: trap_request=0xffffff45 fr.pc=0x000001a144c603fc relative=0x0000000000008dfc
Event: 26.342 Thread 0x000001a14fc12230 Uncommon trap: reason=unstable_if action=reinterpret pc=0x000001a144c603fc method=org.eclipse.jdt.internal.compiler.classfmt.MethodInfo.getArgumentNames()[[C @ 4 c2
Event: 26.342 Thread 0x000001a14fc12230 DEOPT PACKING pc=0x000001a144c603fc sp=0x0000003f360fe140
Event: 26.342 Thread 0x000001a14fc12230 DEOPT UNPACKING pc=0x000001a13ce120a3 sp=0x0000003f360fe0c0 mode 2
Event: 26.400 Thread 0x000001a14fc0fbb0 Uncommon trap: trap_request=0xffffff45 fr.pc=0x000001a144c52508 relative=0x0000000000003ae8
Event: 26.400 Thread 0x000001a14fc0fbb0 Uncommon trap: reason=unstable_if action=reinterpret pc=0x000001a144c52508 method=org.eclipse.jdt.internal.compiler.parser.Scanner.getNextToken0()I @ 489 c2
Event: 26.400 Thread 0x000001a14fc0fbb0 DEOPT PACKING pc=0x000001a144c52508 sp=0x0000003f36cfd7b0
Event: 26.400 Thread 0x000001a14fc0fbb0 DEOPT UNPACKING pc=0x000001a13ce120a3 sp=0x0000003f36cfd748 mode 2
Event: 26.733 Thread 0x000001a14fc12230 DEOPT PACKING pc=0x000001a13db59657 sp=0x0000003f360fe020
Event: 26.733 Thread 0x000001a14fc12230 DEOPT UNPACKING pc=0x000001a13ce12843 sp=0x0000003f360fd528 mode 3

Classes unloaded (7 events):
Event: 6.094 Thread 0x000001a14de87750 Unloading class 0x000000010021a800 'java/lang/invoke/LambdaForm$MH+0x000000010021a800'
Event: 6.094 Thread 0x000001a14de87750 Unloading class 0x000000010021a400 'java/lang/invoke/LambdaForm$MH+0x000000010021a400'
Event: 6.094 Thread 0x000001a14de87750 Unloading class 0x000000010021a000 'java/lang/invoke/LambdaForm$MH+0x000000010021a000'
Event: 6.094 Thread 0x000001a14de87750 Unloading class 0x0000000100219c00 'java/lang/invoke/LambdaForm$MH+0x0000000100219c00'
Event: 6.094 Thread 0x000001a14de87750 Unloading class 0x0000000100219400 'java/lang/invoke/LambdaForm$BMH+0x0000000100219400'
Event: 6.094 Thread 0x000001a14de87750 Unloading class 0x0000000100219000 'java/lang/invoke/LambdaForm$DMH+0x0000000100219000'
Event: 6.094 Thread 0x000001a14de87750 Unloading class 0x0000000100216400 'java/lang/invoke/LambdaForm$DMH+0x0000000100216400'

Classes redefined (0 events):
No events

Internal exceptions (20 events):
Event: 21.873 Thread 0x000001a14fc13f10 Exception <a 'java/io/FileNotFoundException'{0x00000000eacfefe0}> (0x00000000eacfefe0) 
thrown [s\src\hotspot\share\prims\jni.cpp, line 516]
Event: 22.134 Thread 0x000001a14fc13f10 Exception <a 'java/lang/NoSuchMethodError'{0x00000000eb17e928}: 'java.lang.Object java.lang.invoke.DirectMethodHandle$Holder.newInvokeSpecial(java.lang.Object, java.lang.Object, java.lang.Object, int)'> (0x00000000eb17e928) 
thrown [s\src\hotspot\share\interpreter\linkResolver.cpp, line 759]
Event: 22.134 Thread 0x000001a14fc13f10 Exception <a 'java/lang/NoSuchMethodError'{0x00000000eb182a30}: 'java.lang.Object java.lang.invoke.DirectMethodHandle$Holder.invokeSpecial(java.lang.Object, java.lang.Object, java.lang.Object, java.lang.Object, int)'> (0x00000000eb182a30) 
thrown [s\src\hotspot\share\interpreter\linkResolver.cpp, line 759]
Event: 22.135 Thread 0x000001a14fc13f10 Exception <a 'java/lang/NoSuchMethodError'{0x00000000eb186138}: 'java.lang.Object java.lang.invoke.Invokers$Holder.linkToTargetMethod(java.lang.Object, java.lang.Object, int, java.lang.Object)'> (0x00000000eb186138) 
thrown [s\src\hotspot\share\interpreter\linkResolver.cpp, line 759]
Event: 22.600 Thread 0x000001a14fc13f10 Exception <a 'sun/nio/fs/WindowsException'{0x00000000eb3ab570}> (0x00000000eb3ab570) 
thrown [s\src\hotspot\share\prims\jni.cpp, line 516]
Event: 22.607 Thread 0x000001a14fc13f10 Exception <a 'sun/nio/fs/WindowsException'{0x00000000eb3e5e58}> (0x00000000eb3e5e58) 
thrown [s\src\hotspot\share\prims\jni.cpp, line 516]
Event: 22.644 Thread 0x000001a14fc13f10 Exception <a 'sun/nio/fs/WindowsException'{0x00000000eb40c3b8}> (0x00000000eb40c3b8) 
thrown [s\src\hotspot\share\prims\jni.cpp, line 516]
Event: 22.651 Thread 0x000001a14fc13f10 Exception <a 'sun/nio/fs/WindowsException'{0x00000000eb410a40}> (0x00000000eb410a40) 
thrown [s\src\hotspot\share\prims\jni.cpp, line 516]
Event: 23.045 Thread 0x000001a14fc13f10 Exception <a 'sun/nio/fs/WindowsException'{0x00000000eb819db0}> (0x00000000eb819db0) 
thrown [s\src\hotspot\share\prims\jni.cpp, line 516]
Event: 23.131 Thread 0x000001a14fc13f10 Exception <a 'sun/nio/fs/WindowsException'{0x00000000eb837ef8}> (0x00000000eb837ef8) 
thrown [s\src\hotspot\share\prims\jni.cpp, line 516]
Event: 23.144 Thread 0x000001a14fc13f10 Exception <a 'sun/nio/fs/WindowsException'{0x00000000eb8f3a80}> (0x00000000eb8f3a80) 
thrown [s\src\hotspot\share\prims\jni.cpp, line 516]
Event: 23.180 Thread 0x000001a14fc13f10 Exception <a 'sun/nio/fs/WindowsException'{0x00000000eb902a70}> (0x00000000eb902a70) 
thrown [s\src\hotspot\share\prims\jni.cpp, line 516]
Event: 23.191 Thread 0x000001a14fc13f10 Exception <a 'sun/nio/fs/WindowsException'{0x00000000eb9124f0}> (0x00000000eb9124f0) 
thrown [s\src\hotspot\share\prims\jni.cpp, line 516]
Event: 23.215 Thread 0x000001a14fc13f10 Exception <a 'sun/nio/fs/WindowsException'{0x00000000eb9b1198}> (0x00000000eb9b1198) 
thrown [s\src\hotspot\share\prims\jni.cpp, line 516]
Event: 23.279 Thread 0x000001a14fc13f10 Exception <a 'sun/nio/fs/WindowsException'{0x00000000eb9bf990}> (0x00000000eb9bf990) 
thrown [s\src\hotspot\share\prims\jni.cpp, line 516]
Event: 23.300 Thread 0x000001a14fc13f10 Exception <a 'sun/nio/fs/WindowsException'{0x00000000eba7ff40}> (0x00000000eba7ff40) 
thrown [s\src\hotspot\share\prims\jni.cpp, line 516]
Event: 23.372 Thread 0x000001a14fc13f10 Exception <a 'sun/nio/fs/WindowsException'{0x00000000eba8fe50}> (0x00000000eba8fe50) 
thrown [s\src\hotspot\share\prims\jni.cpp, line 516]
Event: 23.599 Thread 0x000001a14fc0fbb0 Exception <a 'java/lang/NoSuchMethodError'{0x00000000eae83bb8}: 'java.lang.Object java.lang.invoke.DirectMethodHandle$Holder.invokeStatic(java.lang.Object, int, java.lang.Object)'> (0x00000000eae83bb8) 
thrown [s\src\hotspot\share\interpreter\linkResolver.cpp, line 759]
Event: 23.673 Thread 0x000001a14fc0fbb0 Exception <a 'java/lang/ClassNotFoundException'{0x00000000eb0b1f10}: sun/util/logging/resources/spi/loggingProvider> (0x00000000eb0b1f10) 
thrown [s\src\hotspot\share\classfile\systemDictionary.cpp, line 256]
Event: 25.850 Thread 0x000001a14fc11890 Implicit null exception at 0x000001a144c2efb4 to 0x000001a144c2f3a4

VM Operations (20 events):
Event: 24.296 Executing VM operation: HandshakeAllThreads done
Event: 24.593 Executing VM operation: HandshakeAllThreads
Event: 24.603 Executing VM operation: HandshakeAllThreads done
Event: 25.073 Executing VM operation: ParallelGCFailedAllocation
Event: 25.086 Executing VM operation: ParallelGCFailedAllocation done
Event: 25.233 Executing VM operation: ParallelGCFailedAllocation
Event: 25.253 Executing VM operation: ParallelGCFailedAllocation done
Event: 25.403 Executing VM operation: ParallelGCFailedAllocation
Event: 25.419 Executing VM operation: ParallelGCFailedAllocation done
Event: 25.556 Executing VM operation: ParallelGCFailedAllocation
Event: 25.562 Executing VM operation: ParallelGCFailedAllocation done
Event: 25.676 Executing VM operation: ParallelGCFailedAllocation
Event: 25.694 Executing VM operation: ParallelGCFailedAllocation done
Event: 25.860 Executing VM operation: ParallelGCFailedAllocation
Event: 26.009 Executing VM operation: ParallelGCFailedAllocation done
Event: 26.302 Executing VM operation: ParallelGCFailedAllocation
Event: 26.321 Executing VM operation: ParallelGCFailedAllocation done
Event: 26.733 Executing VM operation: HandshakeAllThreads
Event: 26.733 Executing VM operation: HandshakeAllThreads done
Event: 27.122 Executing VM operation: CollectForMetadataAllocation

Events (20 events):
Event: 23.715 loading class java/util/Spliterators$IntArraySpliterator
Event: 23.715 loading class java/util/Spliterators$IntArraySpliterator done
Event: 23.718 loading class java/util/stream/Nodes$IntSpinedNodeBuilder
Event: 23.719 loading class java/util/stream/SpinedBuffer$OfInt
Event: 23.719 loading class java/util/stream/SpinedBuffer$OfPrimitive
Event: 23.719 loading class java/util/stream/SpinedBuffer$OfPrimitive done
Event: 23.719 loading class java/util/stream/SpinedBuffer$OfInt done
Event: 23.721 loading class java/util/stream/Nodes$IntSpinedNodeBuilder done
Event: 23.737 Thread 0x000001a14df9c540 flushing nmethod 0x000001a13dcd8390
Event: 23.738 Thread 0x000001a14df9c540 flushing nmethod 0x000001a13dd9b390
Event: 24.149 loading class java/util/LinkedList$LLSpliterator
Event: 24.154 loading class java/util/LinkedList$LLSpliterator done
Event: 24.157 loading class java/util/stream/DistinctOps
Event: 24.157 loading class java/util/stream/DistinctOps done
Event: 24.158 loading class java/util/stream/DistinctOps$1
Event: 24.158 loading class java/util/stream/DistinctOps$1 done
Event: 24.205 loading class java/util/stream/DistinctOps$1$2
Event: 24.205 loading class java/util/stream/DistinctOps$1$2 done
Event: 24.218 loading class javax/xml/transform/TransformerConfigurationException
Event: 24.218 loading class javax/xml/transform/TransformerConfigurationException done


Dynamic libraries:
0x00007ff6cf000000 - 0x00007ff6cf00e000 	c:\Users\Larry\.vscode\extensions\redhat.java-1.13.0-win32-x64\jre\17.0.5-win32-x86_64\bin\java.exe
0x00007ffde7830000 - 0x00007ffde7a28000 	C:\WINDOWS\SYSTEM32\ntdll.dll
0x00007ffde6be0000 - 0x00007ffde6c9f000 	C:\WINDOWS\System32\KERNEL32.DLL
0x00007ffde5110000 - 0x00007ffde53e2000 	C:\WINDOWS\System32\KERNELBASE.dll
0x00007ffde54f0000 - 0x00007ffde55f0000 	C:\WINDOWS\System32\ucrtbase.dll
0x00007ffde0690000 - 0x00007ffde06a7000 	c:\Users\Larry\.vscode\extensions\redhat.java-1.13.0-win32-x64\jre\17.0.5-win32-x86_64\bin\jli.dll
0x00007ffde7060000 - 0x00007ffde71fd000 	C:\WINDOWS\System32\USER32.dll
0x00007ffde4f80000 - 0x00007ffde4fa2000 	C:\WINDOWS\System32\win32u.dll
0x00007ffde6a80000 - 0x00007ffde6aab000 	C:\WINDOWS\System32\GDI32.dll
0x00007ffde5770000 - 0x00007ffde587f000 	C:\WINDOWS\System32\gdi32full.dll
0x00007ffde56d0000 - 0x00007ffde576d000 	C:\WINDOWS\System32\msvcp_win.dll
0x00007ffde0670000 - 0x00007ffde0689000 	c:\Users\Larry\.vscode\extensions\redhat.java-1.13.0-win32-x64\jre\17.0.5-win32-x86_64\bin\VCRUNTIME140.dll
0x00007ffde4280000 - 0x00007ffde451a000 	C:\WINDOWS\WinSxS\amd64_microsoft.windows.common-controls_6595b64144ccf1df_6.0.19041.1110_none_60b5254171f9507e\COMCTL32.dll
0x00007ffde6080000 - 0x00007ffde611e000 	C:\WINDOWS\System32\msvcrt.dll
0x00007ffde6dd0000 - 0x00007ffde6e02000 	C:\WINDOWS\System32\IMM32.DLL
0x00007ffde06c0000 - 0x00007ffde06cc000 	c:\Users\Larry\.vscode\extensions\redhat.java-1.13.0-win32-x64\jre\17.0.5-win32-x86_64\bin\vcruntime140_1.dll
0x00007ffdd0b10000 - 0x00007ffdd0ba1000 	c:\Users\Larry\.vscode\extensions\redhat.java-1.13.0-win32-x64\jre\17.0.5-win32-x86_64\bin\msvcp140.dll
0x00007ffd91280000 - 0x00007ffd91ec4000 	c:\Users\Larry\.vscode\extensions\redhat.java-1.13.0-win32-x64\jre\17.0.5-win32-x86_64\bin\server\jvm.dll
0x00007ffde6ab0000 - 0x00007ffde6b5e000 	C:\WINDOWS\System32\ADVAPI32.dll
0x00007ffde6e10000 - 0x00007ffde6eac000 	C:\WINDOWS\System32\sechost.dll
0x00007ffde6330000 - 0x00007ffde6455000 	C:\WINDOWS\System32\RPCRT4.dll
0x00007ffdc3ca0000 - 0x00007ffdc3ca9000 	C:\WINDOWS\SYSTEM32\WSOCK32.dll
0x00007ffde6b70000 - 0x00007ffde6bdb000 	C:\WINDOWS\System32\WS2_32.dll
0x00007ffdc4470000 - 0x00007ffdc4497000 	C:\WINDOWS\SYSTEM32\WINMM.dll
0x00007ffde1c30000 - 0x00007ffde1c3a000 	C:\WINDOWS\SYSTEM32\VERSION.dll
0x00007ffde1fc0000 - 0x00007ffde1fd2000 	C:\WINDOWS\SYSTEM32\kernel.appcore.dll
0x00007ffde0660000 - 0x00007ffde066a000 	c:\Users\Larry\.vscode\extensions\redhat.java-1.13.0-win32-x64\jre\17.0.5-win32-x86_64\bin\jimage.dll
0x00007ffde48a0000 - 0x00007ffde4a84000 	C:\WINDOWS\SYSTEM32\DBGHELP.DLL
0x00007ffde47d0000 - 0x00007ffde47fc000 	C:\WINDOWS\SYSTEM32\dbgcore.DLL
0x00007ffde53f0000 - 0x00007ffde5472000 	C:\WINDOWS\System32\bcryptPrimitives.dll
0x00007ffde0610000 - 0x00007ffde061e000 	c:\Users\Larry\.vscode\extensions\redhat.java-1.13.0-win32-x64\jre\17.0.5-win32-x86_64\bin\instrument.dll
0x00007ffdd2280000 - 0x00007ffdd22a5000 	c:\Users\Larry\.vscode\extensions\redhat.java-1.13.0-win32-x64\jre\17.0.5-win32-x86_64\bin\java.dll
0x00007ffddeff0000 - 0x00007ffddf008000 	c:\Users\Larry\.vscode\extensions\redhat.java-1.13.0-win32-x64\jre\17.0.5-win32-x86_64\bin\zip.dll
0x00007ffde5880000 - 0x00007ffde5fc3000 	C:\WINDOWS\System32\SHELL32.dll
0x00007ffde21c0000 - 0x00007ffde2952000 	C:\WINDOWS\SYSTEM32\windows.storage.dll
0x00007ffde6720000 - 0x00007ffde6a74000 	C:\WINDOWS\System32\combase.dll
0x00007ffde41e0000 - 0x00007ffde4210000 	C:\WINDOWS\SYSTEM32\Wldp.dll
0x00007ffde6120000 - 0x00007ffde61cd000 	C:\WINDOWS\System32\SHCORE.dll
0x00007ffde7200000 - 0x00007ffde7255000 	C:\WINDOWS\System32\shlwapi.dll
0x00007ffde4e70000 - 0x00007ffde4e8f000 	C:\WINDOWS\SYSTEM32\profapi.dll
0x00007ffddefb0000 - 0x00007ffddefc9000 	C:\Users\Larry\.vscode\extensions\redhat.java-1.13.0-win32-x64\jre\17.0.5-win32-x86_64\bin\net.dll
0x00007ffdd6a90000 - 0x00007ffdd6b9c000 	C:\WINDOWS\SYSTEM32\WINHTTP.dll
0x00007ffde4110000 - 0x00007ffde417a000 	C:\WINDOWS\system32\mswsock.dll
0x00007ffddef70000 - 0x00007ffddef85000 	C:\Users\Larry\.vscode\extensions\redhat.java-1.13.0-win32-x64\jre\17.0.5-win32-x86_64\bin\nio.dll
0x00007ffde0600000 - 0x00007ffde0610000 	c:\Users\Larry\.vscode\extensions\redhat.java-1.13.0-win32-x64\jre\17.0.5-win32-x86_64\bin\verify.dll
0x00007ffdd0d80000 - 0x00007ffdd0dbe000 	C:\Users\Larry\AppData\Roaming\Code\User\globalStorage\redhat.java\1.13.0\config_win\org.eclipse.equinox.launcher\org.eclipse.equinox.launcher.win32.win32.x86_64_1.2.600.v20220720-1916\eclipse_11700.dll
0x00007ffde6ca0000 - 0x00007ffde6dca000 	C:\WINDOWS\System32\ole32.dll
0x00007ffde4cc0000 - 0x00007ffde4cd8000 	C:\WINDOWS\SYSTEM32\CRYPTSP.dll
0x00007ffde3940000 - 0x00007ffde3974000 	C:\WINDOWS\system32\rsaenh.dll
0x00007ffde55f0000 - 0x00007ffde5617000 	C:\WINDOWS\System32\bcrypt.dll
0x00007ffde4e30000 - 0x00007ffde4e5e000 	C:\WINDOWS\SYSTEM32\USERENV.dll
0x00007ffde41a0000 - 0x00007ffde41ac000 	C:\WINDOWS\SYSTEM32\CRYPTBASE.dll
0x00007ffde3cb0000 - 0x00007ffde3ceb000 	C:\WINDOWS\SYSTEM32\IPHLPAPI.DLL
0x00007ffde7310000 - 0x00007ffde7318000 	C:\WINDOWS\System32\NSI.dll
0x00007ffddae60000 - 0x00007ffddae77000 	C:\WINDOWS\SYSTEM32\dhcpcsvc6.DLL
0x00007ffddada0000 - 0x00007ffddadbd000 	C:\WINDOWS\SYSTEM32\dhcpcsvc.DLL
0x00007ffde3cf0000 - 0x00007ffde3dba000 	C:\WINDOWS\SYSTEM32\DNSAPI.dll
0x00007ffdcf4c0000 - 0x00007ffdcf500000 	C:\Users\Larry\AppData\Local\Temp\jna-73190532\jna7827862471731985602.dll
0x00007ffde6250000 - 0x00007ffde6258000 	C:\WINDOWS\System32\PSAPI.DLL

dbghelp: loaded successfully - version: 4.0.5 - missing functions: none
symbol engine: initialized successfully - sym options: 0x614 - pdb path: .;c:\Users\Larry\.vscode\extensions\redhat.java-1.13.0-win32-x64\jre\17.0.5-win32-x86_64\bin;C:\WINDOWS\SYSTEM32;C:\WINDOWS\WinSxS\amd64_microsoft.windows.common-controls_6595b64144ccf1df_6.0.19041.1110_none_60b5254171f9507e;c:\Users\Larry\.vscode\extensions\redhat.java-1.13.0-win32-x64\jre\17.0.5-win32-x86_64\bin\server;C:\Users\Larry\AppData\Roaming\Code\User\globalStorage\redhat.java\1.13.0\config_win\org.eclipse.equinox.launcher\org.eclipse.equinox.launcher.win32.win32.x86_64_1.2.600.v20220720-1916;C:\Users\Larry\AppData\Local\Temp\jna-73190532

VM Arguments:
jvm_args: --add-modules=ALL-SYSTEM --add-opens=java.base/java.util=ALL-UNNAMED --add-opens=java.base/java.lang=ALL-UNNAMED --add-opens=java.base/sun.nio.fs=ALL-UNNAMED -Declipse.application=org.eclipse.jdt.ls.core.id1 -Dosgi.bundles.defaultStartLevel=4 -Declipse.product=org.eclipse.jdt.ls.core.product -Djava.import.generatesMetadataFilesAtProjectRoot=false -Dfile.encoding=utf8 -XX:+UseParallelGC -XX:GCTimeRatio=4 -XX:AdaptiveSizePolicyWeight=90 -Dsun.zip.disableMemoryMapping=true -Xmx1G -Xms100m -Xlog:disable -javaagent:c:\Users\Larry\.vscode\extensions\redhat.java-1.13.0-win32-x64\lombok\lombok-1.18.24.jar -XX:+HeapDumpOnOutOfMemoryError -XX:HeapDumpPath=c:\Users\Larry\AppData\Roaming\Code\User\workspaceStorage\f0b13cb4d3e2f7545f0c28ad31166e20\redhat.java 
java_command: c:\Users\Larry\.vscode\extensions\redhat.java-1.13.0-win32-x64\server\plugins\org.eclipse.equinox.launcher_1.6.400.v20210924-0641.jar -configuration c:\Users\Larry\AppData\Roaming\Code\User\globalStorage\redhat.java\1.13.0\config_win -data c:\Users\Larry\AppData\Roaming\Code\User\workspaceStorage\f0b13cb4d3e2f7545f0c28ad31166e20\redhat.java\jdt_ws
java_class_path (initial): c:\Users\Larry\.vscode\extensions\redhat.java-1.13.0-win32-x64\server\plugins\org.eclipse.equinox.launcher_1.6.400.v20210924-0641.jar
Launcher Type: SUN_STANDARD

[Global flags]
    uintx AdaptiveSizePolicyWeight                 = 90                                        {product} {command line}
     intx CICompilerCount                          = 3                                         {product} {ergonomic}
    uintx GCTimeRatio                              = 4                                         {product} {command line}
     bool HeapDumpOnOutOfMemoryError               = true                                   {manageable} {command line}
    ccstr HeapDumpPath                             = c:\Users\Larry\AppData\Roaming\Code\User\workspaceStorage\f0b13cb4d3e2f7545f0c28ad31166e20\redhat.java         {manageable} {command line}
   size_t InitialHeapSize                          = 104857600                                 {product} {command line}
   size_t MaxHeapSize                              = 1073741824                                {product} {command line}
   size_t MaxNewSize                               = 357564416                                 {product} {ergonomic}
   size_t MinHeapDeltaBytes                        = 524288                                    {product} {ergonomic}
   size_t MinHeapSize                              = 104857600                                 {product} {command line}
   size_t NewSize                                  = 34603008                                  {product} {ergonomic}
    uintx NonNMethodCodeHeapSize                   = 5832780                                {pd product} {ergonomic}
    uintx NonProfiledCodeHeapSize                  = 122912730                              {pd product} {ergonomic}
   size_t OldSize                                  = 70254592                                  {product} {ergonomic}
    uintx ProfiledCodeHeapSize                     = 122912730                              {pd product} {ergonomic}
    uintx ReservedCodeCacheSize                    = 251658240                              {pd product} {ergonomic}
     bool SegmentedCodeCache                       = true                                      {product} {ergonomic}
   size_t SoftMaxHeapSize                          = 1073741824                             {manageable} {ergonomic}
     bool UseCompressedClassPointers               = true                           {product lp64_product} {ergonomic}
     bool UseCompressedOops                        = true                           {product lp64_product} {ergonomic}
     bool UseLargePagesIndividualAllocation        = false                                  {pd product} {ergonomic}
     bool UseParallelGC                            = true                                      {product} {command line}

Logging:
Log output configuration:
 #0: stdout all=off uptime,level,tags
 #1: stderr all=off uptime,level,tags

Environment Variables:
JAVA_HOME=C:\dev2\java\Zulu\zulu-11
PATH=C:\dev2\java\temp\bin\;C:\dev\java\bin;C:\Program Files (x86)\Razer Chroma SDK\bin;C:\Program Files\Razer Chroma SDK\bin;C:\Program Files (x86)\Razer\ChromaBroadcast\bin;C:\Program Files\Razer\ChromaBroadcast\bin;C:\Program Files (x86)\Common Files\Oracle\Java\javapath;C:\dev2\java\Zulu\zulu-11\bin\;C:\dev2\python\python38\Scripts\;C:\dev2\python\python38\;C:\WINDOWS\system32;C:\WINDOWS;C:\WINDOWS\System32\Wbem;C:\WINDOWS\System32\WindowsPowerShell\v1.0\;C:\WINDOWS\System32\OpenSSH\;C:\dev2\java\editor\jEdit;c:\dev2\nano\;C:\dev2\javascript\nodejs\;C:\dev2\TortoiseGit\bin;C:\Program Files\Docker\Docker\resources\bin;C:\ProgramData\DockerDesktop\version-bin;C:\Program Files (x86)\Microsoft SQL Server\150\DTS\Binn\;C:\Program Files\Azure Data Studio\bin;C:\Program Files\Amazon\AWSCLIV2\;C:\dev2\traefik2.4.2;C:\dev2\git\cmd;C:\WINDOWS\system32\config\systemprofile\AppData\Local\Microsoft\WindowsApps;C:\Program Files\dotnet\;c:\dev\bin;C:\Users\Larry\AppData\Local\Microsoft\WindowsApps;C:\dev2\vscode\bin;C:\Users\Larry\AppData\Roaming\npm;c:\dev\putty;C:\dev2\java\ide\idea3\bin;;C:\Program Files\Azure Data Studio\bin;c:\dev2\java\Zulu\zulu-11\bin;C:\dev2\java\android-sdk-windows\platform-tools;C:\dev2\codeblocks\MinGW\bin;C:\dev2\basic\FreeBASIC-1.07.3-win64;c:\dev2\codeblocks\MinGW\bin;;C:\Program Files\JetBrains\WebStorm 2021.3.1\bin;
USERNAME=Larry
OS=Windows_NT
PROCESSOR_IDENTIFIER=Intel64 Family 6 Model 69 Stepping 1, GenuineIntel
TMP=C:\Users\Larry\AppData\Local\Temp
TEMP=C:\Users\Larry\AppData\Local\Temp



---------------  S Y S T E M  ---------------

OS:
 Windows 10 , 64 bit Build 19041 (10.0.19041.2251)
OS uptime: 7 days 2:30 hours
Hyper-V role detected

CPU: total 4 (initial active 4) (2 cores per cpu, 2 threads per core) family 6 model 69 stepping 1 microcode 0x25, cx8, cmov, fxsr, ht, mmx, sse, sse2, sse3, ssse3, sse4.1, sse4.2, popcnt, lzcnt, tsc, tscinvbit, avx, avx2, aes, erms, clmul, bmi1, bmi2, fma, vzeroupper, clflush, hv

Memory: 4k page, system-wide physical 16311M (6230M free)
TotalPageFile size 26039M (AvailPageFile size 10357M)
current process WorkingSet (physical memory assigned to process): 259M, peak: 277M
current process commit charge ("private bytes"): 302M, peak: 324M

vm_info: OpenJDK 64-Bit Server VM (17.0.5+8) for windows-amd64 JRE (17.0.5+8), built on Oct 19 2022 04:48:13 by "temurin" with MS VC++ 16.7 (VS2019)

END.
